2017-10-17 15:18:58 trace :
------------
String:
<xml><ToUserName><![CDATA[gh_925d4d7e2212]]></ToUserName>
<FromUserName><![CDATA[oEZ6bw0iZLyvZrHcCUJJO6HYxIy4]]></FromUserName>
<CreateTime>1508224738</CreateTime>
<MsgType><![CDATA[event]]></MsgType>
<Event><![CDATA[LOCATION]]></Event>
<Latitude>24.489939</Latitude>
<Longitude>118.175117</Longitude>
<Precision>65.000000</Precision>
</xml>

2017-10-17 15:18:58 params :
------------
String:
array (
  'message' => 
  array (
    'tousername' => 'gh_925d4d7e2212',
    'fromusername' => 'oEZ6bw0iZLyvZrHcCUJJO6HYxIy4',
    'createtime' => '1508224738',
    'msgtype' => 'event',
    'event' => 'LOCATION',
    'latitude' => '24.489939',
    'longitude' => '118.175117',
    'precision' => '65.000000',
    'from' => 'oEZ6bw0iZLyvZrHcCUJJO6HYxIy4',
    'to' => 'gh_925d4d7e2212',
    'time' => '1508224738',
    'type' => 'trace',
    'location_x' => '24.489939',
    'location_y' => '118.175117',
  ),
  'module' => 'default',
  'rule' => '-1',
)

2017-10-17 15:18:58 response :
------------
Array:
errno : -1 ;
message : Invaild value ;

2017-10-17 15:19:00 trace :
------------
String:
<xml><ToUserName><![CDATA[gh_925d4d7e2212]]></ToUserName>
<FromUserName><![CDATA[oEZ6bw0iZLyvZrHcCUJJO6HYxIy4]]></FromUserName>
<CreateTime>1508224740</CreateTime>
<MsgType><![CDATA[event]]></MsgType>
<Event><![CDATA[VIEW]]></Event>
<EventKey><![CDATA[http://lgzol.cn/app/index.php?i=5&c=entry&id=20&do=detail&m=weisrc_dish]]></EventKey>
<MenuId>427729260</MenuId>
</xml>

2017-10-17 15:19:00 params :
------------
String:
array (
  'rule' => -2,
  'module' => '',
  'message' => 
  array (
    'tousername' => 'gh_925d4d7e2212',
    'fromusername' => 'oEZ6bw0iZLyvZrHcCUJJO6HYxIy4',
    'createtime' => '1508224740',
    'msgtype' => 'event',
    'event' => 'VIEW',
    'eventkey' => 'http://lgzol.cn/app/index.php?i=5&c=entry&id=20&do=detail&m=weisrc_dish',
    'menuid' => '427729260',
    'from' => 'oEZ6bw0iZLyvZrHcCUJJO6HYxIy4',
    'to' => 'gh_925d4d7e2212',
    'time' => '1508224740',
    'type' => 'text',
    'content' => 'http://lgzol.cn/app/index.php?i=5&c=entry&id=20&do=detail&m=weisrc_dish',
    'redirection' => true,
    'source' => 'VIEW',
  ),
)

2017-10-17 15:19:00 response :
------------

2017-10-17 15:23:29 trace :
------------
String:
<xml><ToUserName><![CDATA[gh_925d4d7e2212]]></ToUserName>
<FromUserName><![CDATA[oEZ6bw0bLRzZ2z3mWHnbGCmmbP40]]></FromUserName>
<CreateTime>1508225009</CreateTime>
<MsgType><![CDATA[event]]></MsgType>
<Event><![CDATA[subscribe]]></Event>
<EventKey><![CDATA[]]></EventKey>
</xml>

2017-10-17 15:23:29 params :
------------
String:
array (
  'rule' => -2,
  'module' => '',
  'message' => 
  array (
    'tousername' => 'gh_925d4d7e2212',
    'fromusername' => 'oEZ6bw0bLRzZ2z3mWHnbGCmmbP40',
    'createtime' => '1508225009',
    'msgtype' => 'event',
    'event' => 'subscribe',
    'eventkey' => '',
    'from' => 'oEZ6bw0bLRzZ2z3mWHnbGCmmbP40',
    'to' => 'gh_925d4d7e2212',
    'time' => '1508225009',
    'type' => 'text',
    'redirection' => true,
    'source' => 'subscribe',
  ),
)

2017-10-17 15:23:29 response :
------------

2017-10-17 15:24:04 trace :
------------
String:
<xml><ToUserName><![CDATA[gh_925d4d7e2212]]></ToUserName>
<FromUserName><![CDATA[oEZ6bw0bLRzZ2z3mWHnbGCmmbP40]]></FromUserName>
<CreateTime>1508225044</CreateTime>
<MsgType><![CDATA[event]]></MsgType>
<Event><![CDATA[VIEW]]></Event>
<EventKey><![CDATA[http://lgzol.cn/app/index.php?i=5&c=entry&storeid=20&do=reservationIndex&m=weisrc_dish]]></EventKey>
<MenuId>427729260</MenuId>
</xml>

2017-10-17 15:24:04 params :
------------
String:
array (
  'rule' => -2,
  'module' => '',
  'message' => 
  array (
    'tousername' => 'gh_925d4d7e2212',
    'fromusername' => 'oEZ6bw0bLRzZ2z3mWHnbGCmmbP40',
    'createtime' => '1508225044',
    'msgtype' => 'event',
    'event' => 'VIEW',
    'eventkey' => 'http://lgzol.cn/app/index.php?i=5&c=entry&storeid=20&do=reservationIndex&m=weisrc_dish',
    'menuid' => '427729260',
    'from' => 'oEZ6bw0bLRzZ2z3mWHnbGCmmbP40',
    'to' => 'gh_925d4d7e2212',
    'time' => '1508225044',
    'type' => 'text',
    'content' => 'http://lgzol.cn/app/index.php?i=5&c=entry&storeid=20&do=reservationIndex&m=weisrc_dish',
    'redirection' => true,
    'source' => 'VIEW',
  ),
)

2017-10-17 15:24:04 response :
------------

2017-10-17 15:24:37 trace :
------------
String:
<xml><ToUserName><![CDATA[gh_925d4d7e2212]]></ToUserName>
<FromUserName><![CDATA[oEZ6bw0bLRzZ2z3mWHnbGCmmbP40]]></FromUserName>
<CreateTime>1508225077</CreateTime>
<MsgType><![CDATA[event]]></MsgType>
<Event><![CDATA[VIEW]]></Event>
<EventKey><![CDATA[http://lgzol.cn/app/index.php?i=5&c=entry&storeid=20&do=reservationIndex&m=weisrc_dish]]></EventKey>
<MenuId>427729260</MenuId>
</xml>

2017-10-17 15:24:37 params :
------------
String:
array (
  'rule' => -2,
  'module' => '',
  'message' => 
  array (
    'tousername' => 'gh_925d4d7e2212',
    'fromusername' => 'oEZ6bw0bLRzZ2z3mWHnbGCmmbP40',
    'createtime' => '1508225077',
    'msgtype' => 'event',
    'event' => 'VIEW',
    'eventkey' => 'http://lgzol.cn/app/index.php?i=5&c=entry&storeid=20&do=reservationIndex&m=weisrc_dish',
    'menuid' => '427729260',
    'from' => 'oEZ6bw0bLRzZ2z3mWHnbGCmmbP40',
    'to' => 'gh_925d4d7e2212',
    'time' => '1508225077',
    'type' => 'text',
    'content' => 'http://lgzol.cn/app/index.php?i=5&c=entry&storeid=20&do=reservationIndex&m=weisrc_dish',
    'redirection' => true,
    'source' => 'VIEW',
  ),
)

2017-10-17 15:24:37 response :
------------

2017-10-17 15:24:41 trace :
------------
String:
<xml><ToUserName><![CDATA[gh_925d4d7e2212]]></ToUserName>
<FromUserName><![CDATA[oEZ6bw0bLRzZ2z3mWHnbGCmmbP40]]></FromUserName>
<CreateTime>1508225081</CreateTime>
<MsgType><![CDATA[event]]></MsgType>
<Event><![CDATA[VIEW]]></Event>
<EventKey><![CDATA[http://lgzol.cn/app/index.php?i=5&c=entry&id=20&do=detail&m=weisrc_dish]]></EventKey>
<MenuId>427729260</MenuId>
</xml>

2017-10-17 15:24:41 params :
------------
String:
array (
  'rule' => -2,
  'module' => '',
  'message' => 
  array (
    'tousername' => 'gh_925d4d7e2212',
    'fromusername' => 'oEZ6bw0bLRzZ2z3mWHnbGCmmbP40',
    'createtime' => '1508225081',
    'msgtype' => 'event',
    'event' => 'VIEW',
    'eventkey' => 'http://lgzol.cn/app/index.php?i=5&c=entry&id=20&do=detail&m=weisrc_dish',
    'menuid' => '427729260',
    'from' => 'oEZ6bw0bLRzZ2z3mWHnbGCmmbP40',
    'to' => 'gh_925d4d7e2212',
    'time' => '1508225081',
    'type' => 'text',
    'content' => 'http://lgzol.cn/app/index.php?i=5&c=entry&id=20&do=detail&m=weisrc_dish',
    'redirection' => true,
    'source' => 'VIEW',
  ),
)

2017-10-17 15:24:41 response :
------------

2017-10-17 15:25:21 trace :
------------
String:
<xml><ToUserName><![CDATA[gh_925d4d7e2212]]></ToUserName>
<FromUserName><![CDATA[oEZ6bw0bLRzZ2z3mWHnbGCmmbP40]]></FromUserName>
<CreateTime>1508225121</CreateTime>
<MsgType><![CDATA[event]]></MsgType>
<Event><![CDATA[VIEW]]></Event>
<EventKey><![CDATA[http://lgzol.cn/app/index.php?i=5&c=entry&id=20&do=detail&m=weisrc_dish]]></EventKey>
<MenuId>427729260</MenuId>
</xml>

2017-10-17 15:25:21 params :
------------
String:
array (
  'rule' => -2,
  'module' => '',
  'message' => 
  array (
    'tousername' => 'gh_925d4d7e2212',
    'fromusername' => 'oEZ6bw0bLRzZ2z3mWHnbGCmmbP40',
    'createtime' => '1508225121',
    'msgtype' => 'event',
    'event' => 'VIEW',
    'eventkey' => 'http://lgzol.cn/app/index.php?i=5&c=entry&id=20&do=detail&m=weisrc_dish',
    'menuid' => '427729260',
    'from' => 'oEZ6bw0bLRzZ2z3mWHnbGCmmbP40',
    'to' => 'gh_925d4d7e2212',
    'time' => '1508225121',
    'type' => 'text',
    'content' => 'http://lgzol.cn/app/index.php?i=5&c=entry&id=20&do=detail&m=weisrc_dish',
    'redirection' => true,
    'source' => 'VIEW',
  ),
)

2017-10-17 15:25:21 response :
------------

2017-10-17 16:01:12 trace :
------------
String:
<xml><ToUserName><![CDATA[gh_925d4d7e2212]]></ToUserName>
<FromUserName><![CDATA[oEZ6bw0iZLyvZrHcCUJJO6HYxIy4]]></FromUserName>
<CreateTime>1508227272</CreateTime>
<MsgType><![CDATA[event]]></MsgType>
<Event><![CDATA[LOCATION]]></Event>
<Latitude>24.438017</Latitude>
<Longitude>118.083839</Longitude>
<Precision>65.000000</Precision>
</xml>

2017-10-17 16:01:12 params :
------------
String:
array (
  'message' => 
  array (
    'tousername' => 'gh_925d4d7e2212',
    'fromusername' => 'oEZ6bw0iZLyvZrHcCUJJO6HYxIy4',
    'createtime' => '1508227272',
    'msgtype' => 'event',
    'event' => 'LOCATION',
    'latitude' => '24.438017',
    'longitude' => '118.083839',
    'precision' => '65.000000',
    'from' => 'oEZ6bw0iZLyvZrHcCUJJO6HYxIy4',
    'to' => 'gh_925d4d7e2212',
    'time' => '1508227272',
    'type' => 'trace',
    'location_x' => '24.438017',
    'location_y' => '118.083839',
  ),
  'module' => 'default',
  'rule' => '-1',
)

2017-10-17 16:01:12 response :
------------
Array:
errno : -1 ;
message : Invaild value ;

2017-10-17 16:31:46 trace :
------------
String:
<xml><ToUserName><![CDATA[gh_925d4d7e2212]]></ToUserName>
<FromUserName><![CDATA[oEZ6bw0bLRzZ2z3mWHnbGCmmbP40]]></FromUserName>
<CreateTime>1508229106</CreateTime>
<MsgType><![CDATA[event]]></MsgType>
<Event><![CDATA[VIEW]]></Event>
<EventKey><![CDATA[http://lgzol.cn/app/index.php?i=5&c=entry&storeid=20&do=reservationIndex&m=weisrc_dish]]></EventKey>
<MenuId>427729260</MenuId>
</xml>

2017-10-17 16:31:46 params :
------------
String:
array (
  'rule' => -2,
  'module' => '',
  'message' => 
  array (
    'tousername' => 'gh_925d4d7e2212',
    'fromusername' => 'oEZ6bw0bLRzZ2z3mWHnbGCmmbP40',
    'createtime' => '1508229106',
    'msgtype' => 'event',
    'event' => 'VIEW',
    'eventkey' => 'http://lgzol.cn/app/index.php?i=5&c=entry&storeid=20&do=reservationIndex&m=weisrc_dish',
    'menuid' => '427729260',
    'from' => 'oEZ6bw0bLRzZ2z3mWHnbGCmmbP40',
    'to' => 'gh_925d4d7e2212',
    'time' => '1508229106',
    'type' => 'text',
    'content' => 'http://lgzol.cn/app/index.php?i=5&c=entry&storeid=20&do=reservationIndex&m=weisrc_dish',
    'redirection' => true,
    'source' => 'VIEW',
  ),
)

2017-10-17 16:31:46 response :
------------

2017-10-17 16:31:51 trace :
------------
String:
<xml><ToUserName><![CDATA[gh_925d4d7e2212]]></ToUserName>
<FromUserName><![CDATA[oEZ6bw0bLRzZ2z3mWHnbGCmmbP40]]></FromUserName>
<CreateTime>1508229111</CreateTime>
<MsgType><![CDATA[event]]></MsgType>
<Event><![CDATA[VIEW]]></Event>
<EventKey><![CDATA[http://lgzol.cn/app/index.php?i=5&c=entry&id=20&do=detail&m=weisrc_dish]]></EventKey>
<MenuId>427729260</MenuId>
</xml>

2017-10-17 16:31:51 params :
------------
String:
array (
  'rule' => -2,
  'module' => '',
  'message' => 
  array (
    'tousername' => 'gh_925d4d7e2212',
    'fromusername' => 'oEZ6bw0bLRzZ2z3mWHnbGCmmbP40',
    'createtime' => '1508229111',
    'msgtype' => 'event',
    'event' => 'VIEW',
    'eventkey' => 'http://lgzol.cn/app/index.php?i=5&c=entry&id=20&do=detail&m=weisrc_dish',
    'menuid' => '427729260',
    'from' => 'oEZ6bw0bLRzZ2z3mWHnbGCmmbP40',
    'to' => 'gh_925d4d7e2212',
    'time' => '1508229111',
    'type' => 'text',
    'content' => 'http://lgzol.cn/app/index.php?i=5&c=entry&id=20&do=detail&m=weisrc_dish',
    'redirection' => true,
    'source' => 'VIEW',
  ),
)

2017-10-17 16:31:51 response :
------------

2017-10-17 16:32:27 trace :
------------
String:
<xml><ToUserName><![CDATA[gh_925d4d7e2212]]></ToUserName>
<FromUserName><![CDATA[oEZ6bw0bLRzZ2z3mWHnbGCmmbP40]]></FromUserName>
<CreateTime>1508229147</CreateTime>
<MsgType><![CDATA[event]]></MsgType>
<Event><![CDATA[VIEW]]></Event>
<EventKey><![CDATA[http://lgzol.cn/app/index.php?i=5&c=entry&id=20&do=detail&m=weisrc_dish]]></EventKey>
<MenuId>427729260</MenuId>
</xml>

2017-10-17 16:32:27 params :
------------
String:
array (
  'rule' => -2,
  'module' => '',
  'message' => 
  array (
    'tousername' => 'gh_925d4d7e2212',
    'fromusername' => 'oEZ6bw0bLRzZ2z3mWHnbGCmmbP40',
    'createtime' => '1508229147',
    'msgtype' => 'event',
    'event' => 'VIEW',
    'eventkey' => 'http://lgzol.cn/app/index.php?i=5&c=entry&id=20&do=detail&m=weisrc_dish',
    'menuid' => '427729260',
    'from' => 'oEZ6bw0bLRzZ2z3mWHnbGCmmbP40',
    'to' => 'gh_925d4d7e2212',
    'time' => '1508229147',
    'type' => 'text',
    'content' => 'http://lgzol.cn/app/index.php?i=5&c=entry&id=20&do=detail&m=weisrc_dish',
    'redirection' => true,
    'source' => 'VIEW',
  ),
)

2017-10-17 16:32:27 response :
------------

2017-10-17 16:32:37 trace :
------------
String:
<xml><ToUserName><![CDATA[gh_925d4d7e2212]]></ToUserName>
<FromUserName><![CDATA[oEZ6bw0bLRzZ2z3mWHnbGCmmbP40]]></FromUserName>
<CreateTime>1508229157</CreateTime>
<MsgType><![CDATA[event]]></MsgType>
<Event><![CDATA[VIEW]]></Event>
<EventKey><![CDATA[http://lgzol.cn/app/index.php?i=5&c=entry&id=20&do=detail&m=weisrc_dish]]></EventKey>
<MenuId>427729260</MenuId>
</xml>

2017-10-17 16:32:37 params :
------------
String:
array (
  'rule' => -2,
  'module' => '',
  'message' => 
  array (
    'tousername' => 'gh_925d4d7e2212',
    'fromusername' => 'oEZ6bw0bLRzZ2z3mWHnbGCmmbP40',
    'createtime' => '1508229157',
    'msgtype' => 'event',
    'event' => 'VIEW',
    'eventkey' => 'http://lgzol.cn/app/index.php?i=5&c=entry&id=20&do=detail&m=weisrc_dish',
    'menuid' => '427729260',
    'from' => 'oEZ6bw0bLRzZ2z3mWHnbGCmmbP40',
    'to' => 'gh_925d4d7e2212',
    'time' => '1508229157',
    'type' => 'text',
    'content' => 'http://lgzol.cn/app/index.php?i=5&c=entry&id=20&do=detail&m=weisrc_dish',
    'redirection' => true,
    'source' => 'VIEW',
  ),
)

2017-10-17 16:32:37 response :
------------

2017-10-17 16:32:59 trace :
------------
String:
<xml><ToUserName><![CDATA[gh_925d4d7e2212]]></ToUserName>
<FromUserName><![CDATA[oEZ6bw0bLRzZ2z3mWHnbGCmmbP40]]></FromUserName>
<CreateTime>1508229179</CreateTime>
<MsgType><![CDATA[event]]></MsgType>
<Event><![CDATA[VIEW]]></Event>
<EventKey><![CDATA[http://lgzol.cn/app/index.php?i=5&c=entry&id=20&do=detail&m=weisrc_dish]]></EventKey>
<MenuId>427729260</MenuId>
</xml>

2017-10-17 16:32:59 params :
------------
String:
array (
  'rule' => -2,
  'module' => '',
  'message' => 
  array (
    'tousername' => 'gh_925d4d7e2212',
    'fromusername' => 'oEZ6bw0bLRzZ2z3mWHnbGCmmbP40',
    'createtime' => '1508229179',
    'msgtype' => 'event',
    'event' => 'VIEW',
    'eventkey' => 'http://lgzol.cn/app/index.php?i=5&c=entry&id=20&do=detail&m=weisrc_dish',
    'menuid' => '427729260',
    'from' => 'oEZ6bw0bLRzZ2z3mWHnbGCmmbP40',
    'to' => 'gh_925d4d7e2212',
    'time' => '1508229179',
    'type' => 'text',
    'content' => 'http://lgzol.cn/app/index.php?i=5&c=entry&id=20&do=detail&m=weisrc_dish',
    'redirection' => true,
    'source' => 'VIEW',
  ),
)

2017-10-17 16:32:59 response :
------------

2017-10-17 16:41:04 trace :
------------
String:
<xml><ToUserName><![CDATA[gh_925d4d7e2212]]></ToUserName>
<FromUserName><![CDATA[oEZ6bwy0FiHNn3UpkRpJ2-DbAdlU]]></FromUserName>
<CreateTime>1508229664</CreateTime>
<MsgType><![CDATA[event]]></MsgType>
<Event><![CDATA[subscribe]]></Event>
<EventKey><![CDATA[]]></EventKey>
</xml>

2017-10-17 16:41:04 params :
------------
String:
array (
  'rule' => -2,
  'module' => '',
  'message' => 
  array (
    'tousername' => 'gh_925d4d7e2212',
    'fromusername' => 'oEZ6bwy0FiHNn3UpkRpJ2-DbAdlU',
    'createtime' => '1508229664',
    'msgtype' => 'event',
    'event' => 'subscribe',
    'eventkey' => '',
    'from' => 'oEZ6bwy0FiHNn3UpkRpJ2-DbAdlU',
    'to' => 'gh_925d4d7e2212',
    'time' => '1508229664',
    'type' => 'text',
    'redirection' => true,
    'source' => 'subscribe',
  ),
)

2017-10-17 16:41:04 response :
------------

2017-10-17 16:42:35 trace :
------------
String:
<xml><ToUserName><![CDATA[gh_925d4d7e2212]]></ToUserName>
<FromUserName><![CDATA[oEZ6bwy0FiHNn3UpkRpJ2-DbAdlU]]></FromUserName>
<CreateTime>1508229755</CreateTime>
<MsgType><![CDATA[text]]></MsgType>
<Content><![CDATA[https://open.weixin.qq.com/connect/oauth2/authorize?appid=wxb5f09a820a3a1aaa&redirect_uri=http%3A%2F%2Flgzol.cn%2Fapp%2F.%2Findex.php%3Fi%3D5%26c%3Dentry%26agentid%3D0%26do%3DUserCenter%26m%3Dweisrc_dish&response_type=code&scope=snsapi_base&state=0#wechat_redirect]]></Content>
<MsgId>6477797473007477377</MsgId>
</xml>

2017-10-17 16:42:35 params :
------------
String:
array (
  'rule' => -2,
  'module' => '',
  'message' => 
  array (
    'tousername' => 'gh_925d4d7e2212',
    'fromusername' => 'oEZ6bwy0FiHNn3UpkRpJ2-DbAdlU',
    'createtime' => '1508229755',
    'msgtype' => 'text',
    'content' => 'https://open.weixin.qq.com/connect/oauth2/authorize?appid=wxb5f09a820a3a1aaa&redirect_uri=http%3A%2F%2Flgzol.cn%2Fapp%2F.%2Findex.php%3Fi%3D5%26c%3Dentry%26agentid%3D0%26do%3DUserCenter%26m%3Dweisrc_dish&response_type=code&scope=snsapi_base&state=0#wechat_redirect',
    'msgid' => '6477797473007477377',
    'from' => 'oEZ6bwy0FiHNn3UpkRpJ2-DbAdlU',
    'to' => 'gh_925d4d7e2212',
    'time' => '1508229755',
    'type' => 'text',
    'event' => NULL,
    'redirection' => false,
    'source' => NULL,
  ),
)

2017-10-17 16:42:35 response :
------------

