2017-10-09 17:37:08 trace :
------------
String:
<xml><ToUserName><![CDATA[gh_925d4d7e2212]]></ToUserName>
<FromUserName><![CDATA[oEZ6bw0iZLyvZrHcCUJJO6HYxIy4]]></FromUserName>
<CreateTime>1507541828</CreateTime>
<MsgType><![CDATA[event]]></MsgType>
<Event><![CDATA[LOCATION]]></Event>
<Latitude>24.439524</Latitude>
<Longitude>118.083588</Longitude>
<Precision>65.000000</Precision>
</xml>

2017-10-09 17:37:08 params :
------------
String:
array (
  'message' => 
  array (
    'tousername' => 'gh_925d4d7e2212',
    'fromusername' => 'oEZ6bw0iZLyvZrHcCUJJO6HYxIy4',
    'createtime' => '1507541828',
    'msgtype' => 'event',
    'event' => 'LOCATION',
    'latitude' => '24.439524',
    'longitude' => '118.083588',
    'precision' => '65.000000',
    'from' => 'oEZ6bw0iZLyvZrHcCUJJO6HYxIy4',
    'to' => 'gh_925d4d7e2212',
    'time' => '1507541828',
    'type' => 'trace',
    'location_x' => '24.439524',
    'location_y' => '118.083588',
  ),
  'module' => 'default',
  'rule' => '-1',
)

2017-10-09 17:37:08 response :
------------
Array:
errno : -1 ;
message : Invaild value ;

2017-10-09 17:37:09 trace :
------------
String:
<xml><ToUserName><![CDATA[gh_925d4d7e2212]]></ToUserName>
<FromUserName><![CDATA[oEZ6bw0iZLyvZrHcCUJJO6HYxIy4]]></FromUserName>
<CreateTime>1507541829</CreateTime>
<MsgType><![CDATA[event]]></MsgType>
<Event><![CDATA[VIEW]]></Event>
<EventKey><![CDATA[http://lgzol.cn/app/index.php?i=5&c=entry&id=20&do=detail&m=weisrc_dish]]></EventKey>
<MenuId>427729260</MenuId>
</xml>

2017-10-09 17:37:09 params :
------------
String:
array (
  'rule' => -2,
  'module' => '',
  'message' => 
  array (
    'tousername' => 'gh_925d4d7e2212',
    'fromusername' => 'oEZ6bw0iZLyvZrHcCUJJO6HYxIy4',
    'createtime' => '1507541829',
    'msgtype' => 'event',
    'event' => 'VIEW',
    'eventkey' => 'http://lgzol.cn/app/index.php?i=5&c=entry&id=20&do=detail&m=weisrc_dish',
    'menuid' => '427729260',
    'from' => 'oEZ6bw0iZLyvZrHcCUJJO6HYxIy4',
    'to' => 'gh_925d4d7e2212',
    'time' => '1507541829',
    'type' => 'text',
    'content' => 'http://lgzol.cn/app/index.php?i=5&c=entry&id=20&do=detail&m=weisrc_dish',
    'redirection' => true,
    'source' => 'VIEW',
  ),
)

2017-10-09 17:37:09 response :
------------

2017-10-09 17:37:56 trace :
------------
String:
<xml><ToUserName><![CDATA[gh_925d4d7e2212]]></ToUserName>
<FromUserName><![CDATA[oEZ6bw0iZLyvZrHcCUJJO6HYxIy4]]></FromUserName>
<CreateTime>1507541876</CreateTime>
<MsgType><![CDATA[event]]></MsgType>
<Event><![CDATA[LOCATION]]></Event>
<Latitude>24.439459</Latitude>
<Longitude>118.083611</Longitude>
<Precision>65.000000</Precision>
</xml>

2017-10-09 17:37:56 params :
------------
String:
array (
  'message' => 
  array (
    'tousername' => 'gh_925d4d7e2212',
    'fromusername' => 'oEZ6bw0iZLyvZrHcCUJJO6HYxIy4',
    'createtime' => '1507541876',
    'msgtype' => 'event',
    'event' => 'LOCATION',
    'latitude' => '24.439459',
    'longitude' => '118.083611',
    'precision' => '65.000000',
    'from' => 'oEZ6bw0iZLyvZrHcCUJJO6HYxIy4',
    'to' => 'gh_925d4d7e2212',
    'time' => '1507541876',
    'type' => 'trace',
    'location_x' => '24.439459',
    'location_y' => '118.083611',
  ),
  'module' => 'default',
  'rule' => '-1',
)

2017-10-09 17:37:56 response :
------------
Array:
errno : -1 ;
message : Invaild value ;

2017-10-09 17:37:59 trace :
------------
String:
<xml><ToUserName><![CDATA[gh_925d4d7e2212]]></ToUserName>
<FromUserName><![CDATA[oEZ6bw0iZLyvZrHcCUJJO6HYxIy4]]></FromUserName>
<CreateTime>1507541879</CreateTime>
<MsgType><![CDATA[event]]></MsgType>
<Event><![CDATA[VIEW]]></Event>
<EventKey><![CDATA[http://lgzol.cn/app/index.php?i=5&c=entry&id=20&do=detail&m=weisrc_dish]]></EventKey>
<MenuId>427729260</MenuId>
</xml>

2017-10-09 17:37:59 params :
------------
String:
array (
  'rule' => -2,
  'module' => '',
  'message' => 
  array (
    'tousername' => 'gh_925d4d7e2212',
    'fromusername' => 'oEZ6bw0iZLyvZrHcCUJJO6HYxIy4',
    'createtime' => '1507541879',
    'msgtype' => 'event',
    'event' => 'VIEW',
    'eventkey' => 'http://lgzol.cn/app/index.php?i=5&c=entry&id=20&do=detail&m=weisrc_dish',
    'menuid' => '427729260',
    'from' => 'oEZ6bw0iZLyvZrHcCUJJO6HYxIy4',
    'to' => 'gh_925d4d7e2212',
    'time' => '1507541879',
    'type' => 'text',
    'content' => 'http://lgzol.cn/app/index.php?i=5&c=entry&id=20&do=detail&m=weisrc_dish',
    'redirection' => true,
    'source' => 'VIEW',
  ),
)

2017-10-09 17:37:59 response :
------------

2017-10-09 17:38:11 trace :
------------
String:
<xml><ToUserName><![CDATA[gh_925d4d7e2212]]></ToUserName>
<FromUserName><![CDATA[oEZ6bw0iZLyvZrHcCUJJO6HYxIy4]]></FromUserName>
<CreateTime>1507541891</CreateTime>
<MsgType><![CDATA[event]]></MsgType>
<Event><![CDATA[VIEW]]></Event>
<EventKey><![CDATA[http://lgzol.cn/app/index.php?i=5&c=entry&id=20&do=detail&m=weisrc_dish]]></EventKey>
<MenuId>427729260</MenuId>
</xml>

2017-10-09 17:38:11 params :
------------
String:
array (
  'rule' => -2,
  'module' => '',
  'message' => 
  array (
    'tousername' => 'gh_925d4d7e2212',
    'fromusername' => 'oEZ6bw0iZLyvZrHcCUJJO6HYxIy4',
    'createtime' => '1507541891',
    'msgtype' => 'event',
    'event' => 'VIEW',
    'eventkey' => 'http://lgzol.cn/app/index.php?i=5&c=entry&id=20&do=detail&m=weisrc_dish',
    'menuid' => '427729260',
    'from' => 'oEZ6bw0iZLyvZrHcCUJJO6HYxIy4',
    'to' => 'gh_925d4d7e2212',
    'time' => '1507541891',
    'type' => 'text',
    'content' => 'http://lgzol.cn/app/index.php?i=5&c=entry&id=20&do=detail&m=weisrc_dish',
    'redirection' => true,
    'source' => 'VIEW',
  ),
)

2017-10-09 17:38:11 response :
------------

2017-10-09 17:39:17 trace :
------------
String:
<xml><ToUserName><![CDATA[gh_925d4d7e2212]]></ToUserName>
<FromUserName><![CDATA[oEZ6bw0iZLyvZrHcCUJJO6HYxIy4]]></FromUserName>
<CreateTime>1507541956</CreateTime>
<MsgType><![CDATA[event]]></MsgType>
<Event><![CDATA[LOCATION]]></Event>
<Latitude>24.439457</Latitude>
<Longitude>118.083618</Longitude>
<Precision>65.000000</Precision>
</xml>

2017-10-09 17:39:17 params :
------------
String:
array (
  'message' => 
  array (
    'tousername' => 'gh_925d4d7e2212',
    'fromusername' => 'oEZ6bw0iZLyvZrHcCUJJO6HYxIy4',
    'createtime' => '1507541956',
    'msgtype' => 'event',
    'event' => 'LOCATION',
    'latitude' => '24.439457',
    'longitude' => '118.083618',
    'precision' => '65.000000',
    'from' => 'oEZ6bw0iZLyvZrHcCUJJO6HYxIy4',
    'to' => 'gh_925d4d7e2212',
    'time' => '1507541956',
    'type' => 'trace',
    'location_x' => '24.439457',
    'location_y' => '118.083618',
  ),
  'module' => 'default',
  'rule' => '-1',
)

2017-10-09 17:39:17 response :
------------
Array:
errno : -1 ;
message : Invaild value ;

2017-10-09 17:39:19 trace :
------------
String:
<xml><ToUserName><![CDATA[gh_925d4d7e2212]]></ToUserName>
<FromUserName><![CDATA[oEZ6bw0iZLyvZrHcCUJJO6HYxIy4]]></FromUserName>
<CreateTime>1507541959</CreateTime>
<MsgType><![CDATA[event]]></MsgType>
<Event><![CDATA[VIEW]]></Event>
<EventKey><![CDATA[http://lgzol.cn/app/index.php?i=5&c=entry&id=20&do=detail&m=weisrc_dish]]></EventKey>
<MenuId>427729260</MenuId>
</xml>

2017-10-09 17:39:19 params :
------------
String:
array (
  'rule' => -2,
  'module' => '',
  'message' => 
  array (
    'tousername' => 'gh_925d4d7e2212',
    'fromusername' => 'oEZ6bw0iZLyvZrHcCUJJO6HYxIy4',
    'createtime' => '1507541959',
    'msgtype' => 'event',
    'event' => 'VIEW',
    'eventkey' => 'http://lgzol.cn/app/index.php?i=5&c=entry&id=20&do=detail&m=weisrc_dish',
    'menuid' => '427729260',
    'from' => 'oEZ6bw0iZLyvZrHcCUJJO6HYxIy4',
    'to' => 'gh_925d4d7e2212',
    'time' => '1507541959',
    'type' => 'text',
    'content' => 'http://lgzol.cn/app/index.php?i=5&c=entry&id=20&do=detail&m=weisrc_dish',
    'redirection' => true,
    'source' => 'VIEW',
  ),
)

2017-10-09 17:39:19 response :
------------

2017-10-09 17:41:32 trace :
------------
String:
<xml><ToUserName><![CDATA[gh_925d4d7e2212]]></ToUserName>
<FromUserName><![CDATA[oEZ6bw0iZLyvZrHcCUJJO6HYxIy4]]></FromUserName>
<CreateTime>1507542092</CreateTime>
<MsgType><![CDATA[event]]></MsgType>
<Event><![CDATA[LOCATION]]></Event>
<Latitude>24.439472</Latitude>
<Longitude>118.083549</Longitude>
<Precision>65.000000</Precision>
</xml>

2017-10-09 17:41:32 params :
------------
String:
array (
  'message' => 
  array (
    'tousername' => 'gh_925d4d7e2212',
    'fromusername' => 'oEZ6bw0iZLyvZrHcCUJJO6HYxIy4',
    'createtime' => '1507542092',
    'msgtype' => 'event',
    'event' => 'LOCATION',
    'latitude' => '24.439472',
    'longitude' => '118.083549',
    'precision' => '65.000000',
    'from' => 'oEZ6bw0iZLyvZrHcCUJJO6HYxIy4',
    'to' => 'gh_925d4d7e2212',
    'time' => '1507542092',
    'type' => 'trace',
    'location_x' => '24.439472',
    'location_y' => '118.083549',
  ),
  'module' => 'default',
  'rule' => '-1',
)

2017-10-09 17:41:32 response :
------------
Array:
errno : -1 ;
message : Invaild value ;

2017-10-09 17:41:35 trace :
------------
String:
<xml><ToUserName><![CDATA[gh_925d4d7e2212]]></ToUserName>
<FromUserName><![CDATA[oEZ6bw0iZLyvZrHcCUJJO6HYxIy4]]></FromUserName>
<CreateTime>1507542095</CreateTime>
<MsgType><![CDATA[event]]></MsgType>
<Event><![CDATA[LOCATION]]></Event>
<Latitude>24.439775</Latitude>
<Longitude>118.083420</Longitude>
<Precision>65.000000</Precision>
</xml>

2017-10-09 17:41:35 params :
------------
String:
array (
  'message' => 
  array (
    'tousername' => 'gh_925d4d7e2212',
    'fromusername' => 'oEZ6bw0iZLyvZrHcCUJJO6HYxIy4',
    'createtime' => '1507542095',
    'msgtype' => 'event',
    'event' => 'LOCATION',
    'latitude' => '24.439775',
    'longitude' => '118.083420',
    'precision' => '65.000000',
    'from' => 'oEZ6bw0iZLyvZrHcCUJJO6HYxIy4',
    'to' => 'gh_925d4d7e2212',
    'time' => '1507542095',
    'type' => 'trace',
    'location_x' => '24.439775',
    'location_y' => '118.083420',
  ),
  'module' => 'default',
  'rule' => '-1',
)

2017-10-09 17:41:35 response :
------------
Array:
errno : -1 ;
message : Invaild value ;

2017-10-09 17:41:38 trace :
------------
String:
<xml><ToUserName><![CDATA[gh_925d4d7e2212]]></ToUserName>
<FromUserName><![CDATA[oEZ6bw0iZLyvZrHcCUJJO6HYxIy4]]></FromUserName>
<CreateTime>1507542098</CreateTime>
<MsgType><![CDATA[event]]></MsgType>
<Event><![CDATA[LOCATION]]></Event>
<Latitude>24.439854</Latitude>
<Longitude>118.083450</Longitude>
<Precision>65.000000</Precision>
</xml>

2017-10-09 17:41:38 params :
------------
String:
array (
  'message' => 
  array (
    'tousername' => 'gh_925d4d7e2212',
    'fromusername' => 'oEZ6bw0iZLyvZrHcCUJJO6HYxIy4',
    'createtime' => '1507542098',
    'msgtype' => 'event',
    'event' => 'LOCATION',
    'latitude' => '24.439854',
    'longitude' => '118.083450',
    'precision' => '65.000000',
    'from' => 'oEZ6bw0iZLyvZrHcCUJJO6HYxIy4',
    'to' => 'gh_925d4d7e2212',
    'time' => '1507542098',
    'type' => 'trace',
    'location_x' => '24.439854',
    'location_y' => '118.083450',
  ),
  'module' => 'default',
  'rule' => '-1',
)

2017-10-09 17:41:38 response :
------------
Array:
errno : -1 ;
message : Invaild value ;

2017-10-09 17:41:40 trace :
------------
String:
<xml><ToUserName><![CDATA[gh_925d4d7e2212]]></ToUserName>
<FromUserName><![CDATA[oEZ6bw0iZLyvZrHcCUJJO6HYxIy4]]></FromUserName>
<CreateTime>1507542100</CreateTime>
<MsgType><![CDATA[event]]></MsgType>
<Event><![CDATA[VIEW]]></Event>
<EventKey><![CDATA[http://lgzol.cn/app/index.php?i=5&c=entry&id=20&do=detail&m=weisrc_dish]]></EventKey>
<MenuId>427729260</MenuId>
</xml>

2017-10-09 17:41:40 params :
------------
String:
array (
  'rule' => -2,
  'module' => '',
  'message' => 
  array (
    'tousername' => 'gh_925d4d7e2212',
    'fromusername' => 'oEZ6bw0iZLyvZrHcCUJJO6HYxIy4',
    'createtime' => '1507542100',
    'msgtype' => 'event',
    'event' => 'VIEW',
    'eventkey' => 'http://lgzol.cn/app/index.php?i=5&c=entry&id=20&do=detail&m=weisrc_dish',
    'menuid' => '427729260',
    'from' => 'oEZ6bw0iZLyvZrHcCUJJO6HYxIy4',
    'to' => 'gh_925d4d7e2212',
    'time' => '1507542100',
    'type' => 'text',
    'content' => 'http://lgzol.cn/app/index.php?i=5&c=entry&id=20&do=detail&m=weisrc_dish',
    'redirection' => true,
    'source' => 'VIEW',
  ),
)

2017-10-09 17:41:40 response :
------------

2017-10-09 18:57:04 trace :
------------
String:
<xml><ToUserName><![CDATA[gh_925d4d7e2212]]></ToUserName>
<FromUserName><![CDATA[oEZ6bw0iZLyvZrHcCUJJO6HYxIy4]]></FromUserName>
<CreateTime>1507546624</CreateTime>
<MsgType><![CDATA[event]]></MsgType>
<Event><![CDATA[LOCATION]]></Event>
<Latitude>24.439489</Latitude>
<Longitude>118.083443</Longitude>
<Precision>46.342579</Precision>
</xml>

2017-10-09 18:57:04 params :
------------
String:
array (
  'message' => 
  array (
    'tousername' => 'gh_925d4d7e2212',
    'fromusername' => 'oEZ6bw0iZLyvZrHcCUJJO6HYxIy4',
    'createtime' => '1507546624',
    'msgtype' => 'event',
    'event' => 'LOCATION',
    'latitude' => '24.439489',
    'longitude' => '118.083443',
    'precision' => '46.342579',
    'from' => 'oEZ6bw0iZLyvZrHcCUJJO6HYxIy4',
    'to' => 'gh_925d4d7e2212',
    'time' => '1507546624',
    'type' => 'trace',
    'location_x' => '24.439489',
    'location_y' => '118.083443',
  ),
  'module' => 'default',
  'rule' => '-1',
)

2017-10-09 18:57:04 response :
------------
Array:
errno : -1 ;
message : Invaild value ;

2017-10-09 18:57:08 trace :
------------
String:
<xml><ToUserName><![CDATA[gh_925d4d7e2212]]></ToUserName>
<FromUserName><![CDATA[oEZ6bw0iZLyvZrHcCUJJO6HYxIy4]]></FromUserName>
<CreateTime>1507546628</CreateTime>
<MsgType><![CDATA[event]]></MsgType>
<Event><![CDATA[VIEW]]></Event>
<EventKey><![CDATA[http://lgzol.cn/app/index.php?i=5&c=entry&id=20&do=detail&m=weisrc_dish]]></EventKey>
<MenuId>427729260</MenuId>
</xml>

2017-10-09 18:57:08 params :
------------
String:
array (
  'rule' => -2,
  'module' => '',
  'message' => 
  array (
    'tousername' => 'gh_925d4d7e2212',
    'fromusername' => 'oEZ6bw0iZLyvZrHcCUJJO6HYxIy4',
    'createtime' => '1507546628',
    'msgtype' => 'event',
    'event' => 'VIEW',
    'eventkey' => 'http://lgzol.cn/app/index.php?i=5&c=entry&id=20&do=detail&m=weisrc_dish',
    'menuid' => '427729260',
    'from' => 'oEZ6bw0iZLyvZrHcCUJJO6HYxIy4',
    'to' => 'gh_925d4d7e2212',
    'time' => '1507546628',
    'type' => 'text',
    'content' => 'http://lgzol.cn/app/index.php?i=5&c=entry&id=20&do=detail&m=weisrc_dish',
    'redirection' => true,
    'source' => 'VIEW',
  ),
)

2017-10-09 18:57:08 response :
------------

2017-10-09 21:24:11 trace :
------------
String:
<xml><ToUserName><![CDATA[gh_925d4d7e2212]]></ToUserName>
<FromUserName><![CDATA[oEZ6bw0iZLyvZrHcCUJJO6HYxIy4]]></FromUserName>
<CreateTime>1507555451</CreateTime>
<MsgType><![CDATA[event]]></MsgType>
<Event><![CDATA[LOCATION]]></Event>
<Latitude>24.488859</Latitude>
<Longitude>118.118431</Longitude>
<Precision>20.000000</Precision>
</xml>

2017-10-09 21:24:11 params :
------------
String:
array (
  'message' => 
  array (
    'tousername' => 'gh_925d4d7e2212',
    'fromusername' => 'oEZ6bw0iZLyvZrHcCUJJO6HYxIy4',
    'createtime' => '1507555451',
    'msgtype' => 'event',
    'event' => 'LOCATION',
    'latitude' => '24.488859',
    'longitude' => '118.118431',
    'precision' => '20.000000',
    'from' => 'oEZ6bw0iZLyvZrHcCUJJO6HYxIy4',
    'to' => 'gh_925d4d7e2212',
    'time' => '1507555451',
    'type' => 'trace',
    'location_x' => '24.488859',
    'location_y' => '118.118431',
  ),
  'module' => 'default',
  'rule' => '-1',
)

2017-10-09 21:24:11 response :
------------
Array:
errno : -1 ;
message : Invaild value ;

2017-10-09 21:24:13 trace :
------------
String:
<xml><ToUserName><![CDATA[gh_925d4d7e2212]]></ToUserName>
<FromUserName><![CDATA[oEZ6bw0iZLyvZrHcCUJJO6HYxIy4]]></FromUserName>
<CreateTime>1507555453</CreateTime>
<MsgType><![CDATA[event]]></MsgType>
<Event><![CDATA[VIEW]]></Event>
<EventKey><![CDATA[http://lgzol.cn/app/index.php?i=5&c=entry&id=20&do=detail&m=weisrc_dish]]></EventKey>
<MenuId>427729260</MenuId>
</xml>

2017-10-09 21:24:13 params :
------------
String:
array (
  'rule' => -2,
  'module' => '',
  'message' => 
  array (
    'tousername' => 'gh_925d4d7e2212',
    'fromusername' => 'oEZ6bw0iZLyvZrHcCUJJO6HYxIy4',
    'createtime' => '1507555453',
    'msgtype' => 'event',
    'event' => 'VIEW',
    'eventkey' => 'http://lgzol.cn/app/index.php?i=5&c=entry&id=20&do=detail&m=weisrc_dish',
    'menuid' => '427729260',
    'from' => 'oEZ6bw0iZLyvZrHcCUJJO6HYxIy4',
    'to' => 'gh_925d4d7e2212',
    'time' => '1507555453',
    'type' => 'text',
    'content' => 'http://lgzol.cn/app/index.php?i=5&c=entry&id=20&do=detail&m=weisrc_dish',
    'redirection' => true,
    'source' => 'VIEW',
  ),
)

2017-10-09 21:24:13 response :
------------

