2017-10-10 07:43:54 trace :
------------
String:
<xml><ToUserName><![CDATA[gh_925d4d7e2212]]></ToUserName>
<FromUserName><![CDATA[oEZ6bw0iZLyvZrHcCUJJO6HYxIy4]]></FromUserName>
<CreateTime>1507592634</CreateTime>
<MsgType><![CDATA[event]]></MsgType>
<Event><![CDATA[VIEW]]></Event>
<EventKey><![CDATA[http://lgzol.cn/app/index.php?i=5&c=entry&storeid=20&do=savewineform&m=weisrc_dish]]></EventKey>
<MenuId>427729260</MenuId>
</xml>

2017-10-10 07:43:54 params :
------------
String:
array (
  'rule' => -2,
  'module' => '',
  'message' => 
  array (
    'tousername' => 'gh_925d4d7e2212',
    'fromusername' => 'oEZ6bw0iZLyvZrHcCUJJO6HYxIy4',
    'createtime' => '1507592634',
    'msgtype' => 'event',
    'event' => 'VIEW',
    'eventkey' => 'http://lgzol.cn/app/index.php?i=5&c=entry&storeid=20&do=savewineform&m=weisrc_dish',
    'menuid' => '427729260',
    'from' => 'oEZ6bw0iZLyvZrHcCUJJO6HYxIy4',
    'to' => 'gh_925d4d7e2212',
    'time' => '1507592634',
    'type' => 'text',
    'content' => 'http://lgzol.cn/app/index.php?i=5&c=entry&storeid=20&do=savewineform&m=weisrc_dish',
    'redirection' => true,
    'source' => 'VIEW',
  ),
)

2017-10-10 07:43:54 response :
------------

2017-10-10 07:44:07 trace :
------------
String:
<xml><ToUserName><![CDATA[gh_925d4d7e2212]]></ToUserName>
<FromUserName><![CDATA[oEZ6bw0iZLyvZrHcCUJJO6HYxIy4]]></FromUserName>
<CreateTime>1507592647</CreateTime>
<MsgType><![CDATA[event]]></MsgType>
<Event><![CDATA[VIEW]]></Event>
<EventKey><![CDATA[http://lgzol.cn/app/index.php?i=5&c=entry&do=usercenter&m=weisrc_dish]]></EventKey>
<MenuId>427729260</MenuId>
</xml>

2017-10-10 07:44:07 params :
------------
String:
array (
  'rule' => -2,
  'module' => '',
  'message' => 
  array (
    'tousername' => 'gh_925d4d7e2212',
    'fromusername' => 'oEZ6bw0iZLyvZrHcCUJJO6HYxIy4',
    'createtime' => '1507592647',
    'msgtype' => 'event',
    'event' => 'VIEW',
    'eventkey' => 'http://lgzol.cn/app/index.php?i=5&c=entry&do=usercenter&m=weisrc_dish',
    'menuid' => '427729260',
    'from' => 'oEZ6bw0iZLyvZrHcCUJJO6HYxIy4',
    'to' => 'gh_925d4d7e2212',
    'time' => '1507592647',
    'type' => 'text',
    'content' => 'http://lgzol.cn/app/index.php?i=5&c=entry&do=usercenter&m=weisrc_dish',
    'redirection' => true,
    'source' => 'VIEW',
  ),
)

2017-10-10 07:44:07 response :
------------

2017-10-10 07:44:31 trace :
------------
String:
<xml><ToUserName><![CDATA[gh_925d4d7e2212]]></ToUserName>
<FromUserName><![CDATA[oEZ6bw0iZLyvZrHcCUJJO6HYxIy4]]></FromUserName>
<CreateTime>1507592671</CreateTime>
<MsgType><![CDATA[event]]></MsgType>
<Event><![CDATA[VIEW]]></Event>
<EventKey><![CDATA[http://lgzol.cn/app/index.php?i=5&c=entry&do=order&m=weisrc_dish]]></EventKey>
<MenuId>427729260</MenuId>
</xml>

2017-10-10 07:44:31 params :
------------
String:
array (
  'rule' => -2,
  'module' => '',
  'message' => 
  array (
    'tousername' => 'gh_925d4d7e2212',
    'fromusername' => 'oEZ6bw0iZLyvZrHcCUJJO6HYxIy4',
    'createtime' => '1507592671',
    'msgtype' => 'event',
    'event' => 'VIEW',
    'eventkey' => 'http://lgzol.cn/app/index.php?i=5&c=entry&do=order&m=weisrc_dish',
    'menuid' => '427729260',
    'from' => 'oEZ6bw0iZLyvZrHcCUJJO6HYxIy4',
    'to' => 'gh_925d4d7e2212',
    'time' => '1507592671',
    'type' => 'text',
    'content' => 'http://lgzol.cn/app/index.php?i=5&c=entry&do=order&m=weisrc_dish',
    'redirection' => true,
    'source' => 'VIEW',
  ),
)

2017-10-10 07:44:31 response :
------------

2017-10-10 07:44:35 trace :
------------
String:
<xml><ToUserName><![CDATA[gh_925d4d7e2212]]></ToUserName>
<FromUserName><![CDATA[oEZ6bw0iZLyvZrHcCUJJO6HYxIy4]]></FromUserName>
<CreateTime>1507592675</CreateTime>
<MsgType><![CDATA[event]]></MsgType>
<Event><![CDATA[VIEW]]></Event>
<EventKey><![CDATA[http://lgzol.cn/app/index.php?i=5&c=entry&do=usercenter&m=weisrc_dish]]></EventKey>
<MenuId>427729260</MenuId>
</xml>

2017-10-10 07:44:35 params :
------------
String:
array (
  'rule' => -2,
  'module' => '',
  'message' => 
  array (
    'tousername' => 'gh_925d4d7e2212',
    'fromusername' => 'oEZ6bw0iZLyvZrHcCUJJO6HYxIy4',
    'createtime' => '1507592675',
    'msgtype' => 'event',
    'event' => 'VIEW',
    'eventkey' => 'http://lgzol.cn/app/index.php?i=5&c=entry&do=usercenter&m=weisrc_dish',
    'menuid' => '427729260',
    'from' => 'oEZ6bw0iZLyvZrHcCUJJO6HYxIy4',
    'to' => 'gh_925d4d7e2212',
    'time' => '1507592675',
    'type' => 'text',
    'content' => 'http://lgzol.cn/app/index.php?i=5&c=entry&do=usercenter&m=weisrc_dish',
    'redirection' => true,
    'source' => 'VIEW',
  ),
)

2017-10-10 07:44:35 response :
------------

2017-10-10 07:44:41 trace :
------------
String:
<xml><ToUserName><![CDATA[gh_925d4d7e2212]]></ToUserName>
<FromUserName><![CDATA[oEZ6bw0iZLyvZrHcCUJJO6HYxIy4]]></FromUserName>
<CreateTime>1507592680</CreateTime>
<MsgType><![CDATA[event]]></MsgType>
<Event><![CDATA[VIEW]]></Event>
<EventKey><![CDATA[http://lgzol.cn/app/index.php?i=5&c=entry&do=usercenter&m=weisrc_dish]]></EventKey>
<MenuId>427729260</MenuId>
</xml>

2017-10-10 07:44:41 params :
------------
String:
array (
  'rule' => -2,
  'module' => '',
  'message' => 
  array (
    'tousername' => 'gh_925d4d7e2212',
    'fromusername' => 'oEZ6bw0iZLyvZrHcCUJJO6HYxIy4',
    'createtime' => '1507592680',
    'msgtype' => 'event',
    'event' => 'VIEW',
    'eventkey' => 'http://lgzol.cn/app/index.php?i=5&c=entry&do=usercenter&m=weisrc_dish',
    'menuid' => '427729260',
    'from' => 'oEZ6bw0iZLyvZrHcCUJJO6HYxIy4',
    'to' => 'gh_925d4d7e2212',
    'time' => '1507592680',
    'type' => 'text',
    'content' => 'http://lgzol.cn/app/index.php?i=5&c=entry&do=usercenter&m=weisrc_dish',
    'redirection' => true,
    'source' => 'VIEW',
  ),
)

2017-10-10 07:44:41 response :
------------

2017-10-10 07:45:02 trace :
------------
String:
<xml><ToUserName><![CDATA[gh_925d4d7e2212]]></ToUserName>
<FromUserName><![CDATA[oEZ6bw0iZLyvZrHcCUJJO6HYxIy4]]></FromUserName>
<CreateTime>1507592702</CreateTime>
<MsgType><![CDATA[event]]></MsgType>
<Event><![CDATA[VIEW]]></Event>
<EventKey><![CDATA[http://lgzol.cn/app/index.php?i=5&c=entry&storeid=20&do=reservationIndex&m=weisrc_dish]]></EventKey>
<MenuId>427729260</MenuId>
</xml>

2017-10-10 07:45:02 params :
------------
String:
array (
  'rule' => -2,
  'module' => '',
  'message' => 
  array (
    'tousername' => 'gh_925d4d7e2212',
    'fromusername' => 'oEZ6bw0iZLyvZrHcCUJJO6HYxIy4',
    'createtime' => '1507592702',
    'msgtype' => 'event',
    'event' => 'VIEW',
    'eventkey' => 'http://lgzol.cn/app/index.php?i=5&c=entry&storeid=20&do=reservationIndex&m=weisrc_dish',
    'menuid' => '427729260',
    'from' => 'oEZ6bw0iZLyvZrHcCUJJO6HYxIy4',
    'to' => 'gh_925d4d7e2212',
    'time' => '1507592702',
    'type' => 'text',
    'content' => 'http://lgzol.cn/app/index.php?i=5&c=entry&storeid=20&do=reservationIndex&m=weisrc_dish',
    'redirection' => true,
    'source' => 'VIEW',
  ),
)

2017-10-10 07:45:02 response :
------------

2017-10-10 08:26:08 trace :
------------
String:
<xml><ToUserName><![CDATA[gh_925d4d7e2212]]></ToUserName>
<FromUserName><![CDATA[oEZ6bw0iZLyvZrHcCUJJO6HYxIy4]]></FromUserName>
<CreateTime>1507595168</CreateTime>
<MsgType><![CDATA[event]]></MsgType>
<Event><![CDATA[LOCATION]]></Event>
<Latitude>24.462297</Latitude>
<Longitude>118.105713</Longitude>
<Precision>65.000000</Precision>
</xml>

2017-10-10 08:26:08 params :
------------
String:
array (
  'message' => 
  array (
    'tousername' => 'gh_925d4d7e2212',
    'fromusername' => 'oEZ6bw0iZLyvZrHcCUJJO6HYxIy4',
    'createtime' => '1507595168',
    'msgtype' => 'event',
    'event' => 'LOCATION',
    'latitude' => '24.462297',
    'longitude' => '118.105713',
    'precision' => '65.000000',
    'from' => 'oEZ6bw0iZLyvZrHcCUJJO6HYxIy4',
    'to' => 'gh_925d4d7e2212',
    'time' => '1507595168',
    'type' => 'trace',
    'location_x' => '24.462297',
    'location_y' => '118.105713',
  ),
  'module' => 'default',
  'rule' => '-1',
)

2017-10-10 08:26:08 response :
------------
Array:
errno : -1 ;
message : Invaild value ;

2017-10-10 08:30:40 trace :
------------
String:
<xml><ToUserName><![CDATA[gh_925d4d7e2212]]></ToUserName>
<FromUserName><![CDATA[oEZ6bwzJU0h1mI7bpXkir0KaZDHs]]></FromUserName>
<CreateTime>1507595440</CreateTime>
<MsgType><![CDATA[event]]></MsgType>
<Event><![CDATA[LOCATION]]></Event>
<Latitude>24.320824</Latitude>
<Longitude>117.887177</Longitude>
<Precision>65.000000</Precision>
</xml>

2017-10-10 08:30:40 params :
------------
String:
array (
  'message' => 
  array (
    'tousername' => 'gh_925d4d7e2212',
    'fromusername' => 'oEZ6bwzJU0h1mI7bpXkir0KaZDHs',
    'createtime' => '1507595440',
    'msgtype' => 'event',
    'event' => 'LOCATION',
    'latitude' => '24.320824',
    'longitude' => '117.887177',
    'precision' => '65.000000',
    'from' => 'oEZ6bwzJU0h1mI7bpXkir0KaZDHs',
    'to' => 'gh_925d4d7e2212',
    'time' => '1507595440',
    'type' => 'trace',
    'location_x' => '24.320824',
    'location_y' => '117.887177',
  ),
  'module' => 'default',
  'rule' => '-1',
)

2017-10-10 08:30:40 response :
------------
Array:
errno : -1 ;
message : Invaild value ;

2017-10-10 08:30:43 trace :
------------
String:
<xml><ToUserName><![CDATA[gh_925d4d7e2212]]></ToUserName>
<FromUserName><![CDATA[oEZ6bwzJU0h1mI7bpXkir0KaZDHs]]></FromUserName>
<CreateTime>1507595443</CreateTime>
<MsgType><![CDATA[event]]></MsgType>
<Event><![CDATA[LOCATION]]></Event>
<Latitude>24.320969</Latitude>
<Longitude>117.887230</Longitude>
<Precision>65.000000</Precision>
</xml>

2017-10-10 08:30:43 params :
------------
String:
array (
  'message' => 
  array (
    'tousername' => 'gh_925d4d7e2212',
    'fromusername' => 'oEZ6bwzJU0h1mI7bpXkir0KaZDHs',
    'createtime' => '1507595443',
    'msgtype' => 'event',
    'event' => 'LOCATION',
    'latitude' => '24.320969',
    'longitude' => '117.887230',
    'precision' => '65.000000',
    'from' => 'oEZ6bwzJU0h1mI7bpXkir0KaZDHs',
    'to' => 'gh_925d4d7e2212',
    'time' => '1507595443',
    'type' => 'trace',
    'location_x' => '24.320969',
    'location_y' => '117.887230',
  ),
  'module' => 'default',
  'rule' => '-1',
)

2017-10-10 08:30:43 response :
------------
Array:
errno : -1 ;
message : Invaild value ;

2017-10-10 16:05:10 trace :
------------
String:
<xml><ToUserName><![CDATA[gh_925d4d7e2212]]></ToUserName>
<FromUserName><![CDATA[oEZ6bw0iZLyvZrHcCUJJO6HYxIy4]]></FromUserName>
<CreateTime>1507622710</CreateTime>
<MsgType><![CDATA[event]]></MsgType>
<Event><![CDATA[LOCATION]]></Event>
<Latitude>24.439486</Latitude>
<Longitude>118.083580</Longitude>
<Precision>65.000000</Precision>
</xml>

2017-10-10 16:05:10 params :
------------
String:
array (
  'message' => 
  array (
    'tousername' => 'gh_925d4d7e2212',
    'fromusername' => 'oEZ6bw0iZLyvZrHcCUJJO6HYxIy4',
    'createtime' => '1507622710',
    'msgtype' => 'event',
    'event' => 'LOCATION',
    'latitude' => '24.439486',
    'longitude' => '118.083580',
    'precision' => '65.000000',
    'from' => 'oEZ6bw0iZLyvZrHcCUJJO6HYxIy4',
    'to' => 'gh_925d4d7e2212',
    'time' => '1507622710',
    'type' => 'trace',
    'location_x' => '24.439486',
    'location_y' => '118.083580',
  ),
  'module' => 'default',
  'rule' => '-1',
)

2017-10-10 16:05:10 response :
------------
Array:
errno : -1 ;
message : Invaild value ;

2017-10-10 16:09:46 trace :
------------
String:
<xml><ToUserName><![CDATA[gh_925d4d7e2212]]></ToUserName>
<FromUserName><![CDATA[oEZ6bw0iZLyvZrHcCUJJO6HYxIy4]]></FromUserName>
<CreateTime>1507622986</CreateTime>
<MsgType><![CDATA[event]]></MsgType>
<Event><![CDATA[LOCATION]]></Event>
<Latitude>24.439545</Latitude>
<Longitude>118.083740</Longitude>
<Precision>65.000000</Precision>
</xml>

2017-10-10 16:09:46 params :
------------
String:
array (
  'message' => 
  array (
    'tousername' => 'gh_925d4d7e2212',
    'fromusername' => 'oEZ6bw0iZLyvZrHcCUJJO6HYxIy4',
    'createtime' => '1507622986',
    'msgtype' => 'event',
    'event' => 'LOCATION',
    'latitude' => '24.439545',
    'longitude' => '118.083740',
    'precision' => '65.000000',
    'from' => 'oEZ6bw0iZLyvZrHcCUJJO6HYxIy4',
    'to' => 'gh_925d4d7e2212',
    'time' => '1507622986',
    'type' => 'trace',
    'location_x' => '24.439545',
    'location_y' => '118.083740',
  ),
  'module' => 'default',
  'rule' => '-1',
)

2017-10-10 16:09:46 response :
------------
Array:
errno : -1 ;
message : Invaild value ;

2017-10-10 16:10:05 trace :
------------
String:
<xml><ToUserName><![CDATA[gh_925d4d7e2212]]></ToUserName>
<FromUserName><![CDATA[oEZ6bw85UJYZcLBMNHMO9gWbFtSA]]></FromUserName>
<CreateTime>1507623004</CreateTime>
<MsgType><![CDATA[event]]></MsgType>
<Event><![CDATA[subscribe]]></Event>
<EventKey><![CDATA[]]></EventKey>
</xml>

2017-10-10 16:10:05 params :
------------
String:
array (
  'rule' => -2,
  'module' => '',
  'message' => 
  array (
    'tousername' => 'gh_925d4d7e2212',
    'fromusername' => 'oEZ6bw85UJYZcLBMNHMO9gWbFtSA',
    'createtime' => '1507623004',
    'msgtype' => 'event',
    'event' => 'subscribe',
    'eventkey' => '',
    'from' => 'oEZ6bw85UJYZcLBMNHMO9gWbFtSA',
    'to' => 'gh_925d4d7e2212',
    'time' => '1507623004',
    'type' => 'text',
    'redirection' => true,
    'source' => 'subscribe',
  ),
)

2017-10-10 16:10:05 response :
------------

2017-10-10 16:10:08 trace :
------------
String:
<xml><ToUserName><![CDATA[gh_925d4d7e2212]]></ToUserName>
<FromUserName><![CDATA[oEZ6bw85UJYZcLBMNHMO9gWbFtSA]]></FromUserName>
<CreateTime>1507623008</CreateTime>
<MsgType><![CDATA[event]]></MsgType>
<Event><![CDATA[LOCATION]]></Event>
<Latitude>24.439478</Latitude>
<Longitude>118.083794</Longitude>
<Precision>65.000000</Precision>
</xml>

2017-10-10 16:10:08 params :
------------
String:
array (
  'message' => 
  array (
    'tousername' => 'gh_925d4d7e2212',
    'fromusername' => 'oEZ6bw85UJYZcLBMNHMO9gWbFtSA',
    'createtime' => '1507623008',
    'msgtype' => 'event',
    'event' => 'LOCATION',
    'latitude' => '24.439478',
    'longitude' => '118.083794',
    'precision' => '65.000000',
    'from' => 'oEZ6bw85UJYZcLBMNHMO9gWbFtSA',
    'to' => 'gh_925d4d7e2212',
    'time' => '1507623008',
    'type' => 'trace',
    'location_x' => '24.439478',
    'location_y' => '118.083794',
  ),
  'module' => 'default',
  'rule' => '-1',
)

2017-10-10 16:10:08 response :
------------
Array:
errno : -1 ;
message : Invaild value ;

2017-10-10 16:10:10 trace :
------------
String:
<xml><ToUserName><![CDATA[gh_925d4d7e2212]]></ToUserName>
<FromUserName><![CDATA[oEZ6bw85UJYZcLBMNHMO9gWbFtSA]]></FromUserName>
<CreateTime>1507623010</CreateTime>
<MsgType><![CDATA[event]]></MsgType>
<Event><![CDATA[LOCATION]]></Event>
<Latitude>24.439472</Latitude>
<Longitude>118.083519</Longitude>
<Precision>65.000000</Precision>
</xml>

2017-10-10 16:10:10 params :
------------
String:
array (
  'message' => 
  array (
    'tousername' => 'gh_925d4d7e2212',
    'fromusername' => 'oEZ6bw85UJYZcLBMNHMO9gWbFtSA',
    'createtime' => '1507623010',
    'msgtype' => 'event',
    'event' => 'LOCATION',
    'latitude' => '24.439472',
    'longitude' => '118.083519',
    'precision' => '65.000000',
    'from' => 'oEZ6bw85UJYZcLBMNHMO9gWbFtSA',
    'to' => 'gh_925d4d7e2212',
    'time' => '1507623010',
    'type' => 'trace',
    'location_x' => '24.439472',
    'location_y' => '118.083519',
  ),
  'module' => 'default',
  'rule' => '-1',
)

2017-10-10 16:10:10 response :
------------
Array:
errno : -1 ;
message : Invaild value ;

2017-10-10 16:11:16 trace :
------------
String:
<xml><ToUserName><![CDATA[gh_925d4d7e2212]]></ToUserName>
<FromUserName><![CDATA[oEZ6bw85UJYZcLBMNHMO9gWbFtSA]]></FromUserName>
<CreateTime>1507623076</CreateTime>
<MsgType><![CDATA[event]]></MsgType>
<Event><![CDATA[LOCATION]]></Event>
<Latitude>24.439493</Latitude>
<Longitude>118.083588</Longitude>
<Precision>65.000000</Precision>
</xml>

2017-10-10 16:11:16 params :
------------
String:
array (
  'message' => 
  array (
    'tousername' => 'gh_925d4d7e2212',
    'fromusername' => 'oEZ6bw85UJYZcLBMNHMO9gWbFtSA',
    'createtime' => '1507623076',
    'msgtype' => 'event',
    'event' => 'LOCATION',
    'latitude' => '24.439493',
    'longitude' => '118.083588',
    'precision' => '65.000000',
    'from' => 'oEZ6bw85UJYZcLBMNHMO9gWbFtSA',
    'to' => 'gh_925d4d7e2212',
    'time' => '1507623076',
    'type' => 'trace',
    'location_x' => '24.439493',
    'location_y' => '118.083588',
  ),
  'module' => 'default',
  'rule' => '-1',
)

2017-10-10 16:11:16 response :
------------
Array:
errno : -1 ;
message : Invaild value ;

2017-10-10 16:11:16 trace :
------------
String:
<xml><ToUserName><![CDATA[gh_925d4d7e2212]]></ToUserName>
<FromUserName><![CDATA[oEZ6bw85UJYZcLBMNHMO9gWbFtSA]]></FromUserName>
<CreateTime>1507623076</CreateTime>
<MsgType><![CDATA[event]]></MsgType>
<Event><![CDATA[LOCATION]]></Event>
<Latitude>24.439493</Latitude>
<Longitude>118.083588</Longitude>
<Precision>65.000000</Precision>
</xml>

2017-10-10 16:11:16 params :
------------
String:
array (
  'message' => 
  array (
    'tousername' => 'gh_925d4d7e2212',
    'fromusername' => 'oEZ6bw85UJYZcLBMNHMO9gWbFtSA',
    'createtime' => '1507623076',
    'msgtype' => 'event',
    'event' => 'LOCATION',
    'latitude' => '24.439493',
    'longitude' => '118.083588',
    'precision' => '65.000000',
    'from' => 'oEZ6bw85UJYZcLBMNHMO9gWbFtSA',
    'to' => 'gh_925d4d7e2212',
    'time' => '1507623076',
    'type' => 'trace',
    'location_x' => '24.439493',
    'location_y' => '118.083588',
  ),
  'module' => 'default',
  'rule' => '-1',
)

2017-10-10 16:11:16 response :
------------
Array:
errno : -1 ;
message : Invaild value ;

2017-10-10 16:15:05 trace :
------------
String:
<xml><ToUserName><![CDATA[gh_925d4d7e2212]]></ToUserName>
<FromUserName><![CDATA[oEZ6bw85UJYZcLBMNHMO9gWbFtSA]]></FromUserName>
<CreateTime>1507623305</CreateTime>
<MsgType><![CDATA[event]]></MsgType>
<Event><![CDATA[LOCATION]]></Event>
<Latitude>24.439426</Latitude>
<Longitude>118.083374</Longitude>
<Precision>65.000000</Precision>
</xml>

2017-10-10 16:15:05 params :
------------
String:
array (
  'message' => 
  array (
    'tousername' => 'gh_925d4d7e2212',
    'fromusername' => 'oEZ6bw85UJYZcLBMNHMO9gWbFtSA',
    'createtime' => '1507623305',
    'msgtype' => 'event',
    'event' => 'LOCATION',
    'latitude' => '24.439426',
    'longitude' => '118.083374',
    'precision' => '65.000000',
    'from' => 'oEZ6bw85UJYZcLBMNHMO9gWbFtSA',
    'to' => 'gh_925d4d7e2212',
    'time' => '1507623305',
    'type' => 'trace',
    'location_x' => '24.439426',
    'location_y' => '118.083374',
  ),
  'module' => 'default',
  'rule' => '-1',
)

2017-10-10 16:15:05 response :
------------
Array:
errno : -1 ;
message : Invaild value ;

2017-10-10 16:15:07 trace :
------------
String:
<xml><ToUserName><![CDATA[gh_925d4d7e2212]]></ToUserName>
<FromUserName><![CDATA[oEZ6bw85UJYZcLBMNHMO9gWbFtSA]]></FromUserName>
<CreateTime>1507623307</CreateTime>
<MsgType><![CDATA[event]]></MsgType>
<Event><![CDATA[VIEW]]></Event>
<EventKey><![CDATA[http://lgzol.cn/app/index.php?i=5&c=entry&storeid=20&do=reservationIndex&m=weisrc_dish]]></EventKey>
<MenuId>427729260</MenuId>
</xml>

2017-10-10 16:15:07 params :
------------
String:
array (
  'rule' => -2,
  'module' => '',
  'message' => 
  array (
    'tousername' => 'gh_925d4d7e2212',
    'fromusername' => 'oEZ6bw85UJYZcLBMNHMO9gWbFtSA',
    'createtime' => '1507623307',
    'msgtype' => 'event',
    'event' => 'VIEW',
    'eventkey' => 'http://lgzol.cn/app/index.php?i=5&c=entry&storeid=20&do=reservationIndex&m=weisrc_dish',
    'menuid' => '427729260',
    'from' => 'oEZ6bw85UJYZcLBMNHMO9gWbFtSA',
    'to' => 'gh_925d4d7e2212',
    'time' => '1507623307',
    'type' => 'text',
    'content' => 'http://lgzol.cn/app/index.php?i=5&c=entry&storeid=20&do=reservationIndex&m=weisrc_dish',
    'redirection' => true,
    'source' => 'VIEW',
  ),
)

2017-10-10 16:15:07 response :
------------

2017-10-10 16:15:18 trace :
------------
String:
<xml><ToUserName><![CDATA[gh_925d4d7e2212]]></ToUserName>
<FromUserName><![CDATA[oEZ6bw85UJYZcLBMNHMO9gWbFtSA]]></FromUserName>
<CreateTime>1507623318</CreateTime>
<MsgType><![CDATA[event]]></MsgType>
<Event><![CDATA[VIEW]]></Event>
<EventKey><![CDATA[http://lgzol.cn/app/index.php?i=5&c=entry&storeid=20&do=waplist&m=weisrc_dish&mode=2]]></EventKey>
<MenuId>427729260</MenuId>
</xml>

2017-10-10 16:15:18 params :
------------
String:
array (
  'rule' => -2,
  'module' => '',
  'message' => 
  array (
    'tousername' => 'gh_925d4d7e2212',
    'fromusername' => 'oEZ6bw85UJYZcLBMNHMO9gWbFtSA',
    'createtime' => '1507623318',
    'msgtype' => 'event',
    'event' => 'VIEW',
    'eventkey' => 'http://lgzol.cn/app/index.php?i=5&c=entry&storeid=20&do=waplist&m=weisrc_dish&mode=2',
    'menuid' => '427729260',
    'from' => 'oEZ6bw85UJYZcLBMNHMO9gWbFtSA',
    'to' => 'gh_925d4d7e2212',
    'time' => '1507623318',
    'type' => 'text',
    'content' => 'http://lgzol.cn/app/index.php?i=5&c=entry&storeid=20&do=waplist&m=weisrc_dish&mode=2',
    'redirection' => true,
    'source' => 'VIEW',
  ),
)

2017-10-10 16:15:18 response :
------------

2017-10-10 16:15:33 trace :
------------
String:
<xml><ToUserName><![CDATA[gh_925d4d7e2212]]></ToUserName>
<FromUserName><![CDATA[oEZ6bw85UJYZcLBMNHMO9gWbFtSA]]></FromUserName>
<CreateTime>1507623333</CreateTime>
<MsgType><![CDATA[event]]></MsgType>
<Event><![CDATA[LOCATION]]></Event>
<Latitude>24.439415</Latitude>
<Longitude>118.083389</Longitude>
<Precision>65.000000</Precision>
</xml>

2017-10-10 16:15:33 params :
------------
String:
array (
  'message' => 
  array (
    'tousername' => 'gh_925d4d7e2212',
    'fromusername' => 'oEZ6bw85UJYZcLBMNHMO9gWbFtSA',
    'createtime' => '1507623333',
    'msgtype' => 'event',
    'event' => 'LOCATION',
    'latitude' => '24.439415',
    'longitude' => '118.083389',
    'precision' => '65.000000',
    'from' => 'oEZ6bw85UJYZcLBMNHMO9gWbFtSA',
    'to' => 'gh_925d4d7e2212',
    'time' => '1507623333',
    'type' => 'trace',
    'location_x' => '24.439415',
    'location_y' => '118.083389',
  ),
  'module' => 'default',
  'rule' => '-1',
)

2017-10-10 16:15:33 response :
------------
Array:
errno : -1 ;
message : Invaild value ;

2017-10-10 16:15:35 trace :
------------
String:
<xml><ToUserName><![CDATA[gh_925d4d7e2212]]></ToUserName>
<FromUserName><![CDATA[oEZ6bw85UJYZcLBMNHMO9gWbFtSA]]></FromUserName>
<CreateTime>1507623335</CreateTime>
<MsgType><![CDATA[event]]></MsgType>
<Event><![CDATA[VIEW]]></Event>
<EventKey><![CDATA[http://lgzol.cn/app/index.php?i=5&c=entry&storeid=20&do=queue&m=weisrc_dish]]></EventKey>
<MenuId>427729260</MenuId>
</xml>

2017-10-10 16:15:35 params :
------------
String:
array (
  'rule' => -2,
  'module' => '',
  'message' => 
  array (
    'tousername' => 'gh_925d4d7e2212',
    'fromusername' => 'oEZ6bw85UJYZcLBMNHMO9gWbFtSA',
    'createtime' => '1507623335',
    'msgtype' => 'event',
    'event' => 'VIEW',
    'eventkey' => 'http://lgzol.cn/app/index.php?i=5&c=entry&storeid=20&do=queue&m=weisrc_dish',
    'menuid' => '427729260',
    'from' => 'oEZ6bw85UJYZcLBMNHMO9gWbFtSA',
    'to' => 'gh_925d4d7e2212',
    'time' => '1507623335',
    'type' => 'text',
    'content' => 'http://lgzol.cn/app/index.php?i=5&c=entry&storeid=20&do=queue&m=weisrc_dish',
    'redirection' => true,
    'source' => 'VIEW',
  ),
)

2017-10-10 16:15:35 response :
------------

2017-10-10 16:15:42 trace :
------------
String:
<xml><ToUserName><![CDATA[gh_925d4d7e2212]]></ToUserName>
<FromUserName><![CDATA[oEZ6bw85UJYZcLBMNHMO9gWbFtSA]]></FromUserName>
<CreateTime>1507623342</CreateTime>
<MsgType><![CDATA[event]]></MsgType>
<Event><![CDATA[LOCATION]]></Event>
<Latitude>24.439665</Latitude>
<Longitude>118.083405</Longitude>
<Precision>65.000000</Precision>
</xml>

2017-10-10 16:15:42 params :
------------
String:
array (
  'message' => 
  array (
    'tousername' => 'gh_925d4d7e2212',
    'fromusername' => 'oEZ6bw85UJYZcLBMNHMO9gWbFtSA',
    'createtime' => '1507623342',
    'msgtype' => 'event',
    'event' => 'LOCATION',
    'latitude' => '24.439665',
    'longitude' => '118.083405',
    'precision' => '65.000000',
    'from' => 'oEZ6bw85UJYZcLBMNHMO9gWbFtSA',
    'to' => 'gh_925d4d7e2212',
    'time' => '1507623342',
    'type' => 'trace',
    'location_x' => '24.439665',
    'location_y' => '118.083405',
  ),
  'module' => 'default',
  'rule' => '-1',
)

2017-10-10 16:15:42 response :
------------
Array:
errno : -1 ;
message : Invaild value ;

2017-10-10 16:15:48 trace :
------------
String:
<xml><ToUserName><![CDATA[gh_925d4d7e2212]]></ToUserName>
<FromUserName><![CDATA[oEZ6bw85UJYZcLBMNHMO9gWbFtSA]]></FromUserName>
<CreateTime>1507623348</CreateTime>
<MsgType><![CDATA[event]]></MsgType>
<Event><![CDATA[VIEW]]></Event>
<EventKey><![CDATA[http://lgzol.cn/app/index.php?i=5&c=entry&storeid=20&do=savewineform&m=weisrc_dish]]></EventKey>
<MenuId>427729260</MenuId>
</xml>

2017-10-10 16:15:48 params :
------------
String:
array (
  'rule' => -2,
  'module' => '',
  'message' => 
  array (
    'tousername' => 'gh_925d4d7e2212',
    'fromusername' => 'oEZ6bw85UJYZcLBMNHMO9gWbFtSA',
    'createtime' => '1507623348',
    'msgtype' => 'event',
    'event' => 'VIEW',
    'eventkey' => 'http://lgzol.cn/app/index.php?i=5&c=entry&storeid=20&do=savewineform&m=weisrc_dish',
    'menuid' => '427729260',
    'from' => 'oEZ6bw85UJYZcLBMNHMO9gWbFtSA',
    'to' => 'gh_925d4d7e2212',
    'time' => '1507623348',
    'type' => 'text',
    'content' => 'http://lgzol.cn/app/index.php?i=5&c=entry&storeid=20&do=savewineform&m=weisrc_dish',
    'redirection' => true,
    'source' => 'VIEW',
  ),
)

2017-10-10 16:15:48 response :
------------

2017-10-10 16:15:55 trace :
------------
String:
<xml><ToUserName><![CDATA[gh_925d4d7e2212]]></ToUserName>
<FromUserName><![CDATA[oEZ6bw85UJYZcLBMNHMO9gWbFtSA]]></FromUserName>
<CreateTime>1507623355</CreateTime>
<MsgType><![CDATA[event]]></MsgType>
<Event><![CDATA[VIEW]]></Event>
<EventKey><![CDATA[http://lgzol.cn/app/index.php?i=5&c=entry&storeid=20&do=queue&m=weisrc_dish]]></EventKey>
<MenuId>427729260</MenuId>
</xml>

2017-10-10 16:15:55 params :
------------
String:
array (
  'rule' => -2,
  'module' => '',
  'message' => 
  array (
    'tousername' => 'gh_925d4d7e2212',
    'fromusername' => 'oEZ6bw85UJYZcLBMNHMO9gWbFtSA',
    'createtime' => '1507623355',
    'msgtype' => 'event',
    'event' => 'VIEW',
    'eventkey' => 'http://lgzol.cn/app/index.php?i=5&c=entry&storeid=20&do=queue&m=weisrc_dish',
    'menuid' => '427729260',
    'from' => 'oEZ6bw85UJYZcLBMNHMO9gWbFtSA',
    'to' => 'gh_925d4d7e2212',
    'time' => '1507623355',
    'type' => 'text',
    'content' => 'http://lgzol.cn/app/index.php?i=5&c=entry&storeid=20&do=queue&m=weisrc_dish',
    'redirection' => true,
    'source' => 'VIEW',
  ),
)

2017-10-10 16:15:55 response :
------------

2017-10-10 16:16:09 trace :
------------
String:
<xml><ToUserName><![CDATA[gh_925d4d7e2212]]></ToUserName>
<FromUserName><![CDATA[oEZ6bw85UJYZcLBMNHMO9gWbFtSA]]></FromUserName>
<CreateTime>1507623369</CreateTime>
<MsgType><![CDATA[event]]></MsgType>
<Event><![CDATA[LOCATION]]></Event>
<Latitude>24.439421</Latitude>
<Longitude>118.083382</Longitude>
<Precision>65.000000</Precision>
</xml>

2017-10-10 16:16:09 params :
------------
String:
array (
  'message' => 
  array (
    'tousername' => 'gh_925d4d7e2212',
    'fromusername' => 'oEZ6bw85UJYZcLBMNHMO9gWbFtSA',
    'createtime' => '1507623369',
    'msgtype' => 'event',
    'event' => 'LOCATION',
    'latitude' => '24.439421',
    'longitude' => '118.083382',
    'precision' => '65.000000',
    'from' => 'oEZ6bw85UJYZcLBMNHMO9gWbFtSA',
    'to' => 'gh_925d4d7e2212',
    'time' => '1507623369',
    'type' => 'trace',
    'location_x' => '24.439421',
    'location_y' => '118.083382',
  ),
  'module' => 'default',
  'rule' => '-1',
)

2017-10-10 16:16:09 response :
------------
Array:
errno : -1 ;
message : Invaild value ;

2017-10-10 16:16:18 trace :
------------
String:
<xml><ToUserName><![CDATA[gh_925d4d7e2212]]></ToUserName>
<FromUserName><![CDATA[oEZ6bw85UJYZcLBMNHMO9gWbFtSA]]></FromUserName>
<CreateTime>1507623378</CreateTime>
<MsgType><![CDATA[event]]></MsgType>
<Event><![CDATA[VIEW]]></Event>
<EventKey><![CDATA[http://lgzol.cn/app/index.php?i=5&c=entry&id=20&do=detail&m=weisrc_dish]]></EventKey>
<MenuId>427729260</MenuId>
</xml>

2017-10-10 16:16:19 params :
------------
String:
array (
  'rule' => -2,
  'module' => '',
  'message' => 
  array (
    'tousername' => 'gh_925d4d7e2212',
    'fromusername' => 'oEZ6bw85UJYZcLBMNHMO9gWbFtSA',
    'createtime' => '1507623378',
    'msgtype' => 'event',
    'event' => 'VIEW',
    'eventkey' => 'http://lgzol.cn/app/index.php?i=5&c=entry&id=20&do=detail&m=weisrc_dish',
    'menuid' => '427729260',
    'from' => 'oEZ6bw85UJYZcLBMNHMO9gWbFtSA',
    'to' => 'gh_925d4d7e2212',
    'time' => '1507623378',
    'type' => 'text',
    'content' => 'http://lgzol.cn/app/index.php?i=5&c=entry&id=20&do=detail&m=weisrc_dish',
    'redirection' => true,
    'source' => 'VIEW',
  ),
)

2017-10-10 16:16:19 response :
------------

2017-10-10 16:18:03 trace :
------------
String:
<xml><ToUserName><![CDATA[gh_925d4d7e2212]]></ToUserName>
<FromUserName><![CDATA[oEZ6bw85UJYZcLBMNHMO9gWbFtSA]]></FromUserName>
<CreateTime>1507623483</CreateTime>
<MsgType><![CDATA[event]]></MsgType>
<Event><![CDATA[VIEW]]></Event>
<EventKey><![CDATA[http://lgzol.cn/app/index.php?i=5&c=entry&do=mycoupon&m=weisrc_dish]]></EventKey>
<MenuId>427729260</MenuId>
</xml>

2017-10-10 16:18:03 params :
------------
String:
array (
  'rule' => -2,
  'module' => '',
  'message' => 
  array (
    'tousername' => 'gh_925d4d7e2212',
    'fromusername' => 'oEZ6bw85UJYZcLBMNHMO9gWbFtSA',
    'createtime' => '1507623483',
    'msgtype' => 'event',
    'event' => 'VIEW',
    'eventkey' => 'http://lgzol.cn/app/index.php?i=5&c=entry&do=mycoupon&m=weisrc_dish',
    'menuid' => '427729260',
    'from' => 'oEZ6bw85UJYZcLBMNHMO9gWbFtSA',
    'to' => 'gh_925d4d7e2212',
    'time' => '1507623483',
    'type' => 'text',
    'content' => 'http://lgzol.cn/app/index.php?i=5&c=entry&do=mycoupon&m=weisrc_dish',
    'redirection' => true,
    'source' => 'VIEW',
  ),
)

2017-10-10 16:18:03 response :
------------

2017-10-10 16:18:08 trace :
------------
String:
<xml><ToUserName><![CDATA[gh_925d4d7e2212]]></ToUserName>
<FromUserName><![CDATA[oEZ6bw85UJYZcLBMNHMO9gWbFtSA]]></FromUserName>
<CreateTime>1507623488</CreateTime>
<MsgType><![CDATA[event]]></MsgType>
<Event><![CDATA[VIEW]]></Event>
<EventKey><![CDATA[http://lgzol.cn/app/index.php?i=5&c=entry&do=mycoupon&m=weisrc_dish]]></EventKey>
<MenuId>427729260</MenuId>
</xml>

2017-10-10 16:18:08 params :
------------
String:
array (
  'rule' => -2,
  'module' => '',
  'message' => 
  array (
    'tousername' => 'gh_925d4d7e2212',
    'fromusername' => 'oEZ6bw85UJYZcLBMNHMO9gWbFtSA',
    'createtime' => '1507623488',
    'msgtype' => 'event',
    'event' => 'VIEW',
    'eventkey' => 'http://lgzol.cn/app/index.php?i=5&c=entry&do=mycoupon&m=weisrc_dish',
    'menuid' => '427729260',
    'from' => 'oEZ6bw85UJYZcLBMNHMO9gWbFtSA',
    'to' => 'gh_925d4d7e2212',
    'time' => '1507623488',
    'type' => 'text',
    'content' => 'http://lgzol.cn/app/index.php?i=5&c=entry&do=mycoupon&m=weisrc_dish',
    'redirection' => true,
    'source' => 'VIEW',
  ),
)

2017-10-10 16:18:08 response :
------------

2017-10-10 16:18:15 trace :
------------
String:
<xml><ToUserName><![CDATA[gh_925d4d7e2212]]></ToUserName>
<FromUserName><![CDATA[oEZ6bw85UJYZcLBMNHMO9gWbFtSA]]></FromUserName>
<CreateTime>1507623495</CreateTime>
<MsgType><![CDATA[event]]></MsgType>
<Event><![CDATA[VIEW]]></Event>
<EventKey><![CDATA[http://lgzol.cn/app/index.php?i=5&c=entry&storeid=20&do=waplist&m=weisrc_dish&mode=2]]></EventKey>
<MenuId>427729260</MenuId>
</xml>

2017-10-10 16:18:15 params :
------------
String:
array (
  'rule' => -2,
  'module' => '',
  'message' => 
  array (
    'tousername' => 'gh_925d4d7e2212',
    'fromusername' => 'oEZ6bw85UJYZcLBMNHMO9gWbFtSA',
    'createtime' => '1507623495',
    'msgtype' => 'event',
    'event' => 'VIEW',
    'eventkey' => 'http://lgzol.cn/app/index.php?i=5&c=entry&storeid=20&do=waplist&m=weisrc_dish&mode=2',
    'menuid' => '427729260',
    'from' => 'oEZ6bw85UJYZcLBMNHMO9gWbFtSA',
    'to' => 'gh_925d4d7e2212',
    'time' => '1507623495',
    'type' => 'text',
    'content' => 'http://lgzol.cn/app/index.php?i=5&c=entry&storeid=20&do=waplist&m=weisrc_dish&mode=2',
    'redirection' => true,
    'source' => 'VIEW',
  ),
)

2017-10-10 16:18:15 response :
------------

2017-10-10 17:29:26 trace :
------------
String:
<xml><ToUserName><![CDATA[gh_925d4d7e2212]]></ToUserName>
<FromUserName><![CDATA[oEZ6bw0iZLyvZrHcCUJJO6HYxIy4]]></FromUserName>
<CreateTime>1507627766</CreateTime>
<MsgType><![CDATA[event]]></MsgType>
<Event><![CDATA[LOCATION]]></Event>
<Latitude>24.439425</Latitude>
<Longitude>118.083267</Longitude>
<Precision>65.000000</Precision>
</xml>

2017-10-10 17:29:26 params :
------------
String:
array (
  'message' => 
  array (
    'tousername' => 'gh_925d4d7e2212',
    'fromusername' => 'oEZ6bw0iZLyvZrHcCUJJO6HYxIy4',
    'createtime' => '1507627766',
    'msgtype' => 'event',
    'event' => 'LOCATION',
    'latitude' => '24.439425',
    'longitude' => '118.083267',
    'precision' => '65.000000',
    'from' => 'oEZ6bw0iZLyvZrHcCUJJO6HYxIy4',
    'to' => 'gh_925d4d7e2212',
    'time' => '1507627766',
    'type' => 'trace',
    'location_x' => '24.439425',
    'location_y' => '118.083267',
  ),
  'module' => 'default',
  'rule' => '-1',
)

2017-10-10 17:29:26 response :
------------
Array:
errno : -1 ;
message : Invaild value ;

2017-10-10 17:29:29 trace :
------------
String:
<xml><ToUserName><![CDATA[gh_925d4d7e2212]]></ToUserName>
<FromUserName><![CDATA[oEZ6bw0iZLyvZrHcCUJJO6HYxIy4]]></FromUserName>
<CreateTime>1507627769</CreateTime>
<MsgType><![CDATA[event]]></MsgType>
<Event><![CDATA[VIEW]]></Event>
<EventKey><![CDATA[http://lgzol.cn/app/index.php?i=5&c=entry&id=20&do=detail&m=weisrc_dish]]></EventKey>
<MenuId>427729260</MenuId>
</xml>

2017-10-10 17:29:29 params :
------------
String:
array (
  'rule' => -2,
  'module' => '',
  'message' => 
  array (
    'tousername' => 'gh_925d4d7e2212',
    'fromusername' => 'oEZ6bw0iZLyvZrHcCUJJO6HYxIy4',
    'createtime' => '1507627769',
    'msgtype' => 'event',
    'event' => 'VIEW',
    'eventkey' => 'http://lgzol.cn/app/index.php?i=5&c=entry&id=20&do=detail&m=weisrc_dish',
    'menuid' => '427729260',
    'from' => 'oEZ6bw0iZLyvZrHcCUJJO6HYxIy4',
    'to' => 'gh_925d4d7e2212',
    'time' => '1507627769',
    'type' => 'text',
    'content' => 'http://lgzol.cn/app/index.php?i=5&c=entry&id=20&do=detail&m=weisrc_dish',
    'redirection' => true,
    'source' => 'VIEW',
  ),
)

2017-10-10 17:29:29 response :
------------

2017-10-10 20:06:24 trace :
------------
String:
<xml><ToUserName><![CDATA[gh_925d4d7e2212]]></ToUserName>
<FromUserName><![CDATA[oEZ6bw85UJYZcLBMNHMO9gWbFtSA]]></FromUserName>
<CreateTime>1507637184</CreateTime>
<MsgType><![CDATA[event]]></MsgType>
<Event><![CDATA[LOCATION]]></Event>
<Latitude>24.465698</Latitude>
<Longitude>118.157120</Longitude>
<Precision>65.000000</Precision>
</xml>

2017-10-10 20:06:24 params :
------------
String:
array (
  'message' => 
  array (
    'tousername' => 'gh_925d4d7e2212',
    'fromusername' => 'oEZ6bw85UJYZcLBMNHMO9gWbFtSA',
    'createtime' => '1507637184',
    'msgtype' => 'event',
    'event' => 'LOCATION',
    'latitude' => '24.465698',
    'longitude' => '118.157120',
    'precision' => '65.000000',
    'from' => 'oEZ6bw85UJYZcLBMNHMO9gWbFtSA',
    'to' => 'gh_925d4d7e2212',
    'time' => '1507637184',
    'type' => 'trace',
    'location_x' => '24.465698',
    'location_y' => '118.157120',
  ),
  'module' => 'default',
  'rule' => '-1',
)

2017-10-10 20:06:24 response :
------------
Array:
errno : -1 ;
message : Invaild value ;

2017-10-10 20:06:27 trace :
------------
String:
<xml><ToUserName><![CDATA[gh_925d4d7e2212]]></ToUserName>
<FromUserName><![CDATA[oEZ6bw85UJYZcLBMNHMO9gWbFtSA]]></FromUserName>
<CreateTime>1507637187</CreateTime>
<MsgType><![CDATA[event]]></MsgType>
<Event><![CDATA[VIEW]]></Event>
<EventKey><![CDATA[http://lgzol.cn/app/index.php?i=5&c=entry&do=usercenter&m=weisrc_dish]]></EventKey>
<MenuId>427729260</MenuId>
</xml>

2017-10-10 20:06:27 params :
------------
String:
array (
  'rule' => -2,
  'module' => '',
  'message' => 
  array (
    'tousername' => 'gh_925d4d7e2212',
    'fromusername' => 'oEZ6bw85UJYZcLBMNHMO9gWbFtSA',
    'createtime' => '1507637187',
    'msgtype' => 'event',
    'event' => 'VIEW',
    'eventkey' => 'http://lgzol.cn/app/index.php?i=5&c=entry&do=usercenter&m=weisrc_dish',
    'menuid' => '427729260',
    'from' => 'oEZ6bw85UJYZcLBMNHMO9gWbFtSA',
    'to' => 'gh_925d4d7e2212',
    'time' => '1507637187',
    'type' => 'text',
    'content' => 'http://lgzol.cn/app/index.php?i=5&c=entry&do=usercenter&m=weisrc_dish',
    'redirection' => true,
    'source' => 'VIEW',
  ),
)

2017-10-10 20:06:27 response :
------------

2017-10-10 21:17:37 trace :
------------
String:
<xml><ToUserName><![CDATA[gh_925d4d7e2212]]></ToUserName>
<FromUserName><![CDATA[oEZ6bw85UJYZcLBMNHMO9gWbFtSA]]></FromUserName>
<CreateTime>1507641457</CreateTime>
<MsgType><![CDATA[event]]></MsgType>
<Event><![CDATA[LOCATION]]></Event>
<Latitude>24.465630</Latitude>
<Longitude>118.157104</Longitude>
<Precision>65.000000</Precision>
</xml>

2017-10-10 21:17:37 params :
------------
String:
array (
  'message' => 
  array (
    'tousername' => 'gh_925d4d7e2212',
    'fromusername' => 'oEZ6bw85UJYZcLBMNHMO9gWbFtSA',
    'createtime' => '1507641457',
    'msgtype' => 'event',
    'event' => 'LOCATION',
    'latitude' => '24.465630',
    'longitude' => '118.157104',
    'precision' => '65.000000',
    'from' => 'oEZ6bw85UJYZcLBMNHMO9gWbFtSA',
    'to' => 'gh_925d4d7e2212',
    'time' => '1507641457',
    'type' => 'trace',
    'location_x' => '24.465630',
    'location_y' => '118.157104',
  ),
  'module' => 'default',
  'rule' => '-1',
)

2017-10-10 21:17:37 response :
------------
Array:
errno : -1 ;
message : Invaild value ;

2017-10-10 22:18:39 trace :
------------
String:
<xml><ToUserName><![CDATA[gh_925d4d7e2212]]></ToUserName>
<FromUserName><![CDATA[oEZ6bw0iZLyvZrHcCUJJO6HYxIy4]]></FromUserName>
<CreateTime>1507645119</CreateTime>
<MsgType><![CDATA[event]]></MsgType>
<Event><![CDATA[LOCATION]]></Event>
<Latitude>24.439476</Latitude>
<Longitude>118.083458</Longitude>
<Precision>65.000000</Precision>
</xml>

2017-10-10 22:18:39 params :
------------
String:
array (
  'message' => 
  array (
    'tousername' => 'gh_925d4d7e2212',
    'fromusername' => 'oEZ6bw0iZLyvZrHcCUJJO6HYxIy4',
    'createtime' => '1507645119',
    'msgtype' => 'event',
    'event' => 'LOCATION',
    'latitude' => '24.439476',
    'longitude' => '118.083458',
    'precision' => '65.000000',
    'from' => 'oEZ6bw0iZLyvZrHcCUJJO6HYxIy4',
    'to' => 'gh_925d4d7e2212',
    'time' => '1507645119',
    'type' => 'trace',
    'location_x' => '24.439476',
    'location_y' => '118.083458',
  ),
  'module' => 'default',
  'rule' => '-1',
)

2017-10-10 22:18:39 response :
------------
Array:
errno : -1 ;
message : Invaild value ;

2017-10-10 22:18:42 trace :
------------
String:
<xml><ToUserName><![CDATA[gh_925d4d7e2212]]></ToUserName>
<FromUserName><![CDATA[oEZ6bw0iZLyvZrHcCUJJO6HYxIy4]]></FromUserName>
<CreateTime>1507645122</CreateTime>
<MsgType><![CDATA[event]]></MsgType>
<Event><![CDATA[VIEW]]></Event>
<EventKey><![CDATA[http://lgzol.cn/app/index.php?i=5&c=entry&id=20&do=detail&m=weisrc_dish]]></EventKey>
<MenuId>427729260</MenuId>
</xml>

2017-10-10 22:18:42 params :
------------
String:
array (
  'rule' => -2,
  'module' => '',
  'message' => 
  array (
    'tousername' => 'gh_925d4d7e2212',
    'fromusername' => 'oEZ6bw0iZLyvZrHcCUJJO6HYxIy4',
    'createtime' => '1507645122',
    'msgtype' => 'event',
    'event' => 'VIEW',
    'eventkey' => 'http://lgzol.cn/app/index.php?i=5&c=entry&id=20&do=detail&m=weisrc_dish',
    'menuid' => '427729260',
    'from' => 'oEZ6bw0iZLyvZrHcCUJJO6HYxIy4',
    'to' => 'gh_925d4d7e2212',
    'time' => '1507645122',
    'type' => 'text',
    'content' => 'http://lgzol.cn/app/index.php?i=5&c=entry&id=20&do=detail&m=weisrc_dish',
    'redirection' => true,
    'source' => 'VIEW',
  ),
)

2017-10-10 22:18:42 response :
------------

2017-10-10 22:18:47 trace :
------------
String:
<xml><ToUserName><![CDATA[gh_925d4d7e2212]]></ToUserName>
<FromUserName><![CDATA[oEZ6bw0iZLyvZrHcCUJJO6HYxIy4]]></FromUserName>
<CreateTime>1507645127</CreateTime>
<MsgType><![CDATA[event]]></MsgType>
<Event><![CDATA[VIEW]]></Event>
<EventKey><![CDATA[http://lgzol.cn/app/index.php?i=5&c=entry&storeid=20&do=waplist&m=weisrc_dish&mode=2]]></EventKey>
<MenuId>427729260</MenuId>
</xml>

2017-10-10 22:18:47 params :
------------
String:
array (
  'rule' => -2,
  'module' => '',
  'message' => 
  array (
    'tousername' => 'gh_925d4d7e2212',
    'fromusername' => 'oEZ6bw0iZLyvZrHcCUJJO6HYxIy4',
    'createtime' => '1507645127',
    'msgtype' => 'event',
    'event' => 'VIEW',
    'eventkey' => 'http://lgzol.cn/app/index.php?i=5&c=entry&storeid=20&do=waplist&m=weisrc_dish&mode=2',
    'menuid' => '427729260',
    'from' => 'oEZ6bw0iZLyvZrHcCUJJO6HYxIy4',
    'to' => 'gh_925d4d7e2212',
    'time' => '1507645127',
    'type' => 'text',
    'content' => 'http://lgzol.cn/app/index.php?i=5&c=entry&storeid=20&do=waplist&m=weisrc_dish&mode=2',
    'redirection' => true,
    'source' => 'VIEW',
  ),
)

2017-10-10 22:18:47 response :
------------

2017-10-10 22:18:55 trace :
------------
String:
<xml><ToUserName><![CDATA[gh_925d4d7e2212]]></ToUserName>
<FromUserName><![CDATA[oEZ6bw0iZLyvZrHcCUJJO6HYxIy4]]></FromUserName>
<CreateTime>1507645135</CreateTime>
<MsgType><![CDATA[event]]></MsgType>
<Event><![CDATA[VIEW]]></Event>
<EventKey><![CDATA[http://lgzol.cn/app/index.php?i=5&c=entry&id=20&do=detail&m=weisrc_dish]]></EventKey>
<MenuId>427729260</MenuId>
</xml>

2017-10-10 22:18:55 params :
------------
String:
array (
  'rule' => -2,
  'module' => '',
  'message' => 
  array (
    'tousername' => 'gh_925d4d7e2212',
    'fromusername' => 'oEZ6bw0iZLyvZrHcCUJJO6HYxIy4',
    'createtime' => '1507645135',
    'msgtype' => 'event',
    'event' => 'VIEW',
    'eventkey' => 'http://lgzol.cn/app/index.php?i=5&c=entry&id=20&do=detail&m=weisrc_dish',
    'menuid' => '427729260',
    'from' => 'oEZ6bw0iZLyvZrHcCUJJO6HYxIy4',
    'to' => 'gh_925d4d7e2212',
    'time' => '1507645135',
    'type' => 'text',
    'content' => 'http://lgzol.cn/app/index.php?i=5&c=entry&id=20&do=detail&m=weisrc_dish',
    'redirection' => true,
    'source' => 'VIEW',
  ),
)

2017-10-10 22:18:55 response :
------------

2017-10-10 22:19:33 trace :
------------
String:
<xml><ToUserName><![CDATA[gh_925d4d7e2212]]></ToUserName>
<FromUserName><![CDATA[oEZ6bw0iZLyvZrHcCUJJO6HYxIy4]]></FromUserName>
<CreateTime>1507645173</CreateTime>
<MsgType><![CDATA[event]]></MsgType>
<Event><![CDATA[VIEW]]></Event>
<EventKey><![CDATA[http://lgzol.cn/app/index.php?i=5&c=entry&storeid=20&do=waplist&m=weisrc_dish&mode=2]]></EventKey>
<MenuId>427729260</MenuId>
</xml>

2017-10-10 22:19:33 params :
------------
String:
array (
  'rule' => -2,
  'module' => '',
  'message' => 
  array (
    'tousername' => 'gh_925d4d7e2212',
    'fromusername' => 'oEZ6bw0iZLyvZrHcCUJJO6HYxIy4',
    'createtime' => '1507645173',
    'msgtype' => 'event',
    'event' => 'VIEW',
    'eventkey' => 'http://lgzol.cn/app/index.php?i=5&c=entry&storeid=20&do=waplist&m=weisrc_dish&mode=2',
    'menuid' => '427729260',
    'from' => 'oEZ6bw0iZLyvZrHcCUJJO6HYxIy4',
    'to' => 'gh_925d4d7e2212',
    'time' => '1507645173',
    'type' => 'text',
    'content' => 'http://lgzol.cn/app/index.php?i=5&c=entry&storeid=20&do=waplist&m=weisrc_dish&mode=2',
    'redirection' => true,
    'source' => 'VIEW',
  ),
)

2017-10-10 22:19:33 response :
------------

2017-10-10 22:19:39 trace :
------------
String:
<xml><ToUserName><![CDATA[gh_925d4d7e2212]]></ToUserName>
<FromUserName><![CDATA[oEZ6bw0iZLyvZrHcCUJJO6HYxIy4]]></FromUserName>
<CreateTime>1507645178</CreateTime>
<MsgType><![CDATA[event]]></MsgType>
<Event><![CDATA[VIEW]]></Event>
<EventKey><![CDATA[http://lgzol.cn/app/index.php?i=5&c=entry&id=20&do=detail&m=weisrc_dish]]></EventKey>
<MenuId>427729260</MenuId>
</xml>

2017-10-10 22:19:39 params :
------------
String:
array (
  'rule' => -2,
  'module' => '',
  'message' => 
  array (
    'tousername' => 'gh_925d4d7e2212',
    'fromusername' => 'oEZ6bw0iZLyvZrHcCUJJO6HYxIy4',
    'createtime' => '1507645178',
    'msgtype' => 'event',
    'event' => 'VIEW',
    'eventkey' => 'http://lgzol.cn/app/index.php?i=5&c=entry&id=20&do=detail&m=weisrc_dish',
    'menuid' => '427729260',
    'from' => 'oEZ6bw0iZLyvZrHcCUJJO6HYxIy4',
    'to' => 'gh_925d4d7e2212',
    'time' => '1507645178',
    'type' => 'text',
    'content' => 'http://lgzol.cn/app/index.php?i=5&c=entry&id=20&do=detail&m=weisrc_dish',
    'redirection' => true,
    'source' => 'VIEW',
  ),
)

2017-10-10 22:19:39 response :
------------

2017-10-10 22:20:25 trace :
------------
String:
<xml><ToUserName><![CDATA[gh_925d4d7e2212]]></ToUserName>
<FromUserName><![CDATA[oEZ6bw0iZLyvZrHcCUJJO6HYxIy4]]></FromUserName>
<CreateTime>1507645225</CreateTime>
<MsgType><![CDATA[event]]></MsgType>
<Event><![CDATA[LOCATION]]></Event>
<Latitude>24.439529</Latitude>
<Longitude>118.083580</Longitude>
<Precision>65.000000</Precision>
</xml>

2017-10-10 22:20:25 params :
------------
String:
array (
  'message' => 
  array (
    'tousername' => 'gh_925d4d7e2212',
    'fromusername' => 'oEZ6bw0iZLyvZrHcCUJJO6HYxIy4',
    'createtime' => '1507645225',
    'msgtype' => 'event',
    'event' => 'LOCATION',
    'latitude' => '24.439529',
    'longitude' => '118.083580',
    'precision' => '65.000000',
    'from' => 'oEZ6bw0iZLyvZrHcCUJJO6HYxIy4',
    'to' => 'gh_925d4d7e2212',
    'time' => '1507645225',
    'type' => 'trace',
    'location_x' => '24.439529',
    'location_y' => '118.083580',
  ),
  'module' => 'default',
  'rule' => '-1',
)

2017-10-10 22:20:25 response :
------------
Array:
errno : -1 ;
message : Invaild value ;

2017-10-10 22:21:02 trace :
------------
String:
<xml><ToUserName><![CDATA[gh_925d4d7e2212]]></ToUserName>
<FromUserName><![CDATA[oEZ6bw0iZLyvZrHcCUJJO6HYxIy4]]></FromUserName>
<CreateTime>1507645262</CreateTime>
<MsgType><![CDATA[event]]></MsgType>
<Event><![CDATA[VIEW]]></Event>
<EventKey><![CDATA[http://lgzol.cn/app/index.php?i=5&c=entry&storeid=20&do=reservationIndex&m=weisrc_dish]]></EventKey>
<MenuId>427729260</MenuId>
</xml>

2017-10-10 22:21:02 params :
------------
String:
array (
  'rule' => -2,
  'module' => '',
  'message' => 
  array (
    'tousername' => 'gh_925d4d7e2212',
    'fromusername' => 'oEZ6bw0iZLyvZrHcCUJJO6HYxIy4',
    'createtime' => '1507645262',
    'msgtype' => 'event',
    'event' => 'VIEW',
    'eventkey' => 'http://lgzol.cn/app/index.php?i=5&c=entry&storeid=20&do=reservationIndex&m=weisrc_dish',
    'menuid' => '427729260',
    'from' => 'oEZ6bw0iZLyvZrHcCUJJO6HYxIy4',
    'to' => 'gh_925d4d7e2212',
    'time' => '1507645262',
    'type' => 'text',
    'content' => 'http://lgzol.cn/app/index.php?i=5&c=entry&storeid=20&do=reservationIndex&m=weisrc_dish',
    'redirection' => true,
    'source' => 'VIEW',
  ),
)

2017-10-10 22:21:02 response :
------------

2017-10-10 22:21:22 trace :
------------
String:
<xml><ToUserName><![CDATA[gh_925d4d7e2212]]></ToUserName>
<FromUserName><![CDATA[oEZ6bw0iZLyvZrHcCUJJO6HYxIy4]]></FromUserName>
<CreateTime>1507645282</CreateTime>
<MsgType><![CDATA[event]]></MsgType>
<Event><![CDATA[VIEW]]></Event>
<EventKey><![CDATA[http://lgzol.cn/app/index.php?i=5&c=entry&storeid=20&do=waplist&m=weisrc_dish&mode=2]]></EventKey>
<MenuId>427729260</MenuId>
</xml>

2017-10-10 22:21:22 params :
------------
String:
array (
  'rule' => -2,
  'module' => '',
  'message' => 
  array (
    'tousername' => 'gh_925d4d7e2212',
    'fromusername' => 'oEZ6bw0iZLyvZrHcCUJJO6HYxIy4',
    'createtime' => '1507645282',
    'msgtype' => 'event',
    'event' => 'VIEW',
    'eventkey' => 'http://lgzol.cn/app/index.php?i=5&c=entry&storeid=20&do=waplist&m=weisrc_dish&mode=2',
    'menuid' => '427729260',
    'from' => 'oEZ6bw0iZLyvZrHcCUJJO6HYxIy4',
    'to' => 'gh_925d4d7e2212',
    'time' => '1507645282',
    'type' => 'text',
    'content' => 'http://lgzol.cn/app/index.php?i=5&c=entry&storeid=20&do=waplist&m=weisrc_dish&mode=2',
    'redirection' => true,
    'source' => 'VIEW',
  ),
)

2017-10-10 22:21:22 response :
------------

2017-10-10 22:21:37 trace :
------------
String:
<xml><ToUserName><![CDATA[gh_925d4d7e2212]]></ToUserName>
<FromUserName><![CDATA[oEZ6bw0iZLyvZrHcCUJJO6HYxIy4]]></FromUserName>
<CreateTime>1507645297</CreateTime>
<MsgType><![CDATA[event]]></MsgType>
<Event><![CDATA[VIEW]]></Event>
<EventKey><![CDATA[http://lgzol.cn/app/index.php?i=5&c=entry&storeid=20&do=waplist&m=weisrc_dish&mode=2]]></EventKey>
<MenuId>427729260</MenuId>
</xml>

2017-10-10 22:21:37 params :
------------
String:
array (
  'rule' => -2,
  'module' => '',
  'message' => 
  array (
    'tousername' => 'gh_925d4d7e2212',
    'fromusername' => 'oEZ6bw0iZLyvZrHcCUJJO6HYxIy4',
    'createtime' => '1507645297',
    'msgtype' => 'event',
    'event' => 'VIEW',
    'eventkey' => 'http://lgzol.cn/app/index.php?i=5&c=entry&storeid=20&do=waplist&m=weisrc_dish&mode=2',
    'menuid' => '427729260',
    'from' => 'oEZ6bw0iZLyvZrHcCUJJO6HYxIy4',
    'to' => 'gh_925d4d7e2212',
    'time' => '1507645297',
    'type' => 'text',
    'content' => 'http://lgzol.cn/app/index.php?i=5&c=entry&storeid=20&do=waplist&m=weisrc_dish&mode=2',
    'redirection' => true,
    'source' => 'VIEW',
  ),
)

2017-10-10 22:21:37 response :
------------

2017-10-10 22:32:22 trace :
------------
String:
<xml><ToUserName><![CDATA[gh_925d4d7e2212]]></ToUserName>
<FromUserName><![CDATA[oEZ6bw0iZLyvZrHcCUJJO6HYxIy4]]></FromUserName>
<CreateTime>1507645942</CreateTime>
<MsgType><![CDATA[event]]></MsgType>
<Event><![CDATA[LOCATION]]></Event>
<Latitude>24.439432</Latitude>
<Longitude>118.083389</Longitude>
<Precision>34.215122</Precision>
</xml>

2017-10-10 22:32:22 params :
------------
String:
array (
  'message' => 
  array (
    'tousername' => 'gh_925d4d7e2212',
    'fromusername' => 'oEZ6bw0iZLyvZrHcCUJJO6HYxIy4',
    'createtime' => '1507645942',
    'msgtype' => 'event',
    'event' => 'LOCATION',
    'latitude' => '24.439432',
    'longitude' => '118.083389',
    'precision' => '34.215122',
    'from' => 'oEZ6bw0iZLyvZrHcCUJJO6HYxIy4',
    'to' => 'gh_925d4d7e2212',
    'time' => '1507645942',
    'type' => 'trace',
    'location_x' => '24.439432',
    'location_y' => '118.083389',
  ),
  'module' => 'default',
  'rule' => '-1',
)

2017-10-10 22:32:22 response :
------------
Array:
errno : -1 ;
message : Invaild value ;

2017-10-10 22:32:25 trace :
------------
String:
<xml><ToUserName><![CDATA[gh_925d4d7e2212]]></ToUserName>
<FromUserName><![CDATA[oEZ6bw0iZLyvZrHcCUJJO6HYxIy4]]></FromUserName>
<CreateTime>1507645945</CreateTime>
<MsgType><![CDATA[event]]></MsgType>
<Event><![CDATA[VIEW]]></Event>
<EventKey><![CDATA[http://lgzol.cn/app/index.php?i=5&c=entry&id=20&do=detail&m=weisrc_dish]]></EventKey>
<MenuId>427729260</MenuId>
</xml>

2017-10-10 22:32:25 params :
------------
String:
array (
  'rule' => -2,
  'module' => '',
  'message' => 
  array (
    'tousername' => 'gh_925d4d7e2212',
    'fromusername' => 'oEZ6bw0iZLyvZrHcCUJJO6HYxIy4',
    'createtime' => '1507645945',
    'msgtype' => 'event',
    'event' => 'VIEW',
    'eventkey' => 'http://lgzol.cn/app/index.php?i=5&c=entry&id=20&do=detail&m=weisrc_dish',
    'menuid' => '427729260',
    'from' => 'oEZ6bw0iZLyvZrHcCUJJO6HYxIy4',
    'to' => 'gh_925d4d7e2212',
    'time' => '1507645945',
    'type' => 'text',
    'content' => 'http://lgzol.cn/app/index.php?i=5&c=entry&id=20&do=detail&m=weisrc_dish',
    'redirection' => true,
    'source' => 'VIEW',
  ),
)

2017-10-10 22:32:25 response :
------------

2017-10-10 22:32:59 trace :
------------
String:
<xml><ToUserName><![CDATA[gh_925d4d7e2212]]></ToUserName>
<FromUserName><![CDATA[oEZ6bw0iZLyvZrHcCUJJO6HYxIy4]]></FromUserName>
<CreateTime>1507645979</CreateTime>
<MsgType><![CDATA[event]]></MsgType>
<Event><![CDATA[LOCATION]]></Event>
<Latitude>24.439528</Latitude>
<Longitude>118.083572</Longitude>
<Precision>65.000000</Precision>
</xml>

2017-10-10 22:32:59 params :
------------
String:
array (
  'message' => 
  array (
    'tousername' => 'gh_925d4d7e2212',
    'fromusername' => 'oEZ6bw0iZLyvZrHcCUJJO6HYxIy4',
    'createtime' => '1507645979',
    'msgtype' => 'event',
    'event' => 'LOCATION',
    'latitude' => '24.439528',
    'longitude' => '118.083572',
    'precision' => '65.000000',
    'from' => 'oEZ6bw0iZLyvZrHcCUJJO6HYxIy4',
    'to' => 'gh_925d4d7e2212',
    'time' => '1507645979',
    'type' => 'trace',
    'location_x' => '24.439528',
    'location_y' => '118.083572',
  ),
  'module' => 'default',
  'rule' => '-1',
)

2017-10-10 22:32:59 response :
------------
Array:
errno : -1 ;
message : Invaild value ;

2017-10-10 22:33:03 trace :
------------
String:
<xml><ToUserName><![CDATA[gh_925d4d7e2212]]></ToUserName>
<FromUserName><![CDATA[oEZ6bw0iZLyvZrHcCUJJO6HYxIy4]]></FromUserName>
<CreateTime>1507645983</CreateTime>
<MsgType><![CDATA[event]]></MsgType>
<Event><![CDATA[LOCATION]]></Event>
<Latitude>24.439924</Latitude>
<Longitude>118.083366</Longitude>
<Precision>65.000000</Precision>
</xml>

2017-10-10 22:33:03 params :
------------
String:
array (
  'message' => 
  array (
    'tousername' => 'gh_925d4d7e2212',
    'fromusername' => 'oEZ6bw0iZLyvZrHcCUJJO6HYxIy4',
    'createtime' => '1507645983',
    'msgtype' => 'event',
    'event' => 'LOCATION',
    'latitude' => '24.439924',
    'longitude' => '118.083366',
    'precision' => '65.000000',
    'from' => 'oEZ6bw0iZLyvZrHcCUJJO6HYxIy4',
    'to' => 'gh_925d4d7e2212',
    'time' => '1507645983',
    'type' => 'trace',
    'location_x' => '24.439924',
    'location_y' => '118.083366',
  ),
  'module' => 'default',
  'rule' => '-1',
)

2017-10-10 22:33:03 response :
------------
Array:
errno : -1 ;
message : Invaild value ;

2017-10-10 22:33:10 trace :
------------
String:
<xml><ToUserName><![CDATA[gh_925d4d7e2212]]></ToUserName>
<FromUserName><![CDATA[oEZ6bw0iZLyvZrHcCUJJO6HYxIy4]]></FromUserName>
<CreateTime>1507645990</CreateTime>
<MsgType><![CDATA[event]]></MsgType>
<Event><![CDATA[VIEW]]></Event>
<EventKey><![CDATA[http://lgzol.cn/app/index.php?i=5&c=entry&storeid=20&do=reservationIndex&m=weisrc_dish]]></EventKey>
<MenuId>427729260</MenuId>
</xml>

2017-10-10 22:33:10 params :
------------
String:
array (
  'rule' => -2,
  'module' => '',
  'message' => 
  array (
    'tousername' => 'gh_925d4d7e2212',
    'fromusername' => 'oEZ6bw0iZLyvZrHcCUJJO6HYxIy4',
    'createtime' => '1507645990',
    'msgtype' => 'event',
    'event' => 'VIEW',
    'eventkey' => 'http://lgzol.cn/app/index.php?i=5&c=entry&storeid=20&do=reservationIndex&m=weisrc_dish',
    'menuid' => '427729260',
    'from' => 'oEZ6bw0iZLyvZrHcCUJJO6HYxIy4',
    'to' => 'gh_925d4d7e2212',
    'time' => '1507645990',
    'type' => 'text',
    'content' => 'http://lgzol.cn/app/index.php?i=5&c=entry&storeid=20&do=reservationIndex&m=weisrc_dish',
    'redirection' => true,
    'source' => 'VIEW',
  ),
)

2017-10-10 22:33:10 response :
------------

2017-10-10 22:33:19 trace :
------------
String:
<xml><ToUserName><![CDATA[gh_925d4d7e2212]]></ToUserName>
<FromUserName><![CDATA[oEZ6bw0iZLyvZrHcCUJJO6HYxIy4]]></FromUserName>
<CreateTime>1507645999</CreateTime>
<MsgType><![CDATA[event]]></MsgType>
<Event><![CDATA[LOCATION]]></Event>
<Latitude>24.439547</Latitude>
<Longitude>118.083328</Longitude>
<Precision>65.000000</Precision>
</xml>

2017-10-10 22:33:19 params :
------------
String:
array (
  'message' => 
  array (
    'tousername' => 'gh_925d4d7e2212',
    'fromusername' => 'oEZ6bw0iZLyvZrHcCUJJO6HYxIy4',
    'createtime' => '1507645999',
    'msgtype' => 'event',
    'event' => 'LOCATION',
    'latitude' => '24.439547',
    'longitude' => '118.083328',
    'precision' => '65.000000',
    'from' => 'oEZ6bw0iZLyvZrHcCUJJO6HYxIy4',
    'to' => 'gh_925d4d7e2212',
    'time' => '1507645999',
    'type' => 'trace',
    'location_x' => '24.439547',
    'location_y' => '118.083328',
  ),
  'module' => 'default',
  'rule' => '-1',
)

2017-10-10 22:33:19 response :
------------
Array:
errno : -1 ;
message : Invaild value ;

2017-10-10 22:33:21 trace :
------------
String:
<xml><ToUserName><![CDATA[gh_925d4d7e2212]]></ToUserName>
<FromUserName><![CDATA[oEZ6bw0iZLyvZrHcCUJJO6HYxIy4]]></FromUserName>
<CreateTime>1507646001</CreateTime>
<MsgType><![CDATA[event]]></MsgType>
<Event><![CDATA[VIEW]]></Event>
<EventKey><![CDATA[http://lgzol.cn/app/index.php?i=5&c=entry&id=20&do=detail&m=weisrc_dish]]></EventKey>
<MenuId>427729260</MenuId>
</xml>

2017-10-10 22:33:21 params :
------------
String:
array (
  'rule' => -2,
  'module' => '',
  'message' => 
  array (
    'tousername' => 'gh_925d4d7e2212',
    'fromusername' => 'oEZ6bw0iZLyvZrHcCUJJO6HYxIy4',
    'createtime' => '1507646001',
    'msgtype' => 'event',
    'event' => 'VIEW',
    'eventkey' => 'http://lgzol.cn/app/index.php?i=5&c=entry&id=20&do=detail&m=weisrc_dish',
    'menuid' => '427729260',
    'from' => 'oEZ6bw0iZLyvZrHcCUJJO6HYxIy4',
    'to' => 'gh_925d4d7e2212',
    'time' => '1507646001',
    'type' => 'text',
    'content' => 'http://lgzol.cn/app/index.php?i=5&c=entry&id=20&do=detail&m=weisrc_dish',
    'redirection' => true,
    'source' => 'VIEW',
  ),
)

2017-10-10 22:33:21 response :
------------

