2017-10-08 22:12:20 trace :
------------
String:
<xml><ToUserName><![CDATA[gh_925d4d7e2212]]></ToUserName>
<FromUserName><![CDATA[oEZ6bw0iZLyvZrHcCUJJO6HYxIy4]]></FromUserName>
<CreateTime>1507471940</CreateTime>
<MsgType><![CDATA[event]]></MsgType>
<Event><![CDATA[LOCATION]]></Event>
<Latitude>24.469954</Latitude>
<Longitude>118.102470</Longitude>
<Precision>20.000000</Precision>
</xml>

2017-10-08 22:12:20 params :
------------
String:
array (
  'message' => 
  array (
    'tousername' => 'gh_925d4d7e2212',
    'fromusername' => 'oEZ6bw0iZLyvZrHcCUJJO6HYxIy4',
    'createtime' => '1507471940',
    'msgtype' => 'event',
    'event' => 'LOCATION',
    'latitude' => '24.469954',
    'longitude' => '118.102470',
    'precision' => '20.000000',
    'from' => 'oEZ6bw0iZLyvZrHcCUJJO6HYxIy4',
    'to' => 'gh_925d4d7e2212',
    'time' => '1507471940',
    'type' => 'trace',
    'location_x' => '24.469954',
    'location_y' => '118.102470',
  ),
  'module' => 'default',
  'rule' => '-1',
)

2017-10-08 22:12:20 response :
------------
Array:
errno : -1 ;
message : Invaild value ;

2017-10-08 22:12:22 trace :
------------
String:
<xml><ToUserName><![CDATA[gh_925d4d7e2212]]></ToUserName>
<FromUserName><![CDATA[oEZ6bw0iZLyvZrHcCUJJO6HYxIy4]]></FromUserName>
<CreateTime>1507471942</CreateTime>
<MsgType><![CDATA[event]]></MsgType>
<Event><![CDATA[VIEW]]></Event>
<EventKey><![CDATA[http://lgzol.cn/app/index.php?i=5&c=entry&id=20&do=detail&m=weisrc_dish]]></EventKey>
<MenuId>427729260</MenuId>
</xml>

2017-10-08 22:12:22 params :
------------
String:
array (
  'rule' => -2,
  'module' => '',
  'message' => 
  array (
    'tousername' => 'gh_925d4d7e2212',
    'fromusername' => 'oEZ6bw0iZLyvZrHcCUJJO6HYxIy4',
    'createtime' => '1507471942',
    'msgtype' => 'event',
    'event' => 'VIEW',
    'eventkey' => 'http://lgzol.cn/app/index.php?i=5&c=entry&id=20&do=detail&m=weisrc_dish',
    'menuid' => '427729260',
    'from' => 'oEZ6bw0iZLyvZrHcCUJJO6HYxIy4',
    'to' => 'gh_925d4d7e2212',
    'time' => '1507471942',
    'type' => 'text',
    'content' => 'http://lgzol.cn/app/index.php?i=5&c=entry&id=20&do=detail&m=weisrc_dish',
    'redirection' => true,
    'source' => 'VIEW',
  ),
)

2017-10-08 22:12:22 response :
------------

