2017-11-21 09:31:13 trace :
------------
String:
<xml><ToUserName><![CDATA[gh_fbed32f1f289]]></ToUserName>
<FromUserName><![CDATA[oSRY007ii1nrPRxSCeihLAxANMB8]]></FromUserName>
<CreateTime>1511227873</CreateTime>
<MsgType><![CDATA[event]]></MsgType>
<Event><![CDATA[VIEW]]></Event>
<EventKey><![CDATA[http://www.dianlema.net/app/index.php?i=6&c=entry&id=21&do=detail&m=weisrc_dish]]></EventKey>
<MenuId>430755670</MenuId>
</xml>

2017-11-21 09:31:13 params :
------------
String:
array (
  'rule' => -2,
  'module' => '',
  'message' => 
  array (
    'tousername' => 'gh_fbed32f1f289',
    'fromusername' => 'oSRY007ii1nrPRxSCeihLAxANMB8',
    'createtime' => '1511227873',
    'msgtype' => 'event',
    'event' => 'VIEW',
    'eventkey' => 'http://www.dianlema.net/app/index.php?i=6&c=entry&id=21&do=detail&m=weisrc_dish',
    'menuid' => '430755670',
    'from' => 'oSRY007ii1nrPRxSCeihLAxANMB8',
    'to' => 'gh_fbed32f1f289',
    'time' => '1511227873',
    'type' => 'text',
    'content' => 'http://www.dianlema.net/app/index.php?i=6&c=entry&id=21&do=detail&m=weisrc_dish',
    'redirection' => true,
    'source' => 'VIEW',
  ),
)

2017-11-21 09:31:13 response :
------------

2017-11-21 09:31:18 HjSql :
------------
String:
SHOW COLUMNS FROM `ims_weisrc_dish_ad` [ RunTime:0.000446s ]

2017-11-21 09:31:18 HjSql :
------------
String:
SELECT * FROM `ims_weisrc_dish_ad` WHERE ( `position` = 3 ) AND ( `uniacid` = 6 ) AND ( `starttime` <= 1511227878 ) AND ( `endtime` >= 1511227878 ) AND ( `status` = 1 ) ORDER BY `displayorder` asc  [ RunTime:0.000184s ]

2017-11-21 09:31:21 HjSql :
------------
String:
SHOW COLUMNS FROM `ims_weisrc_dish_ad` [ RunTime:0.000435s ]

2017-11-21 09:31:21 HjSql :
------------
String:
SELECT * FROM `ims_weisrc_dish_ad` WHERE ( `position` = 3 ) AND ( `uniacid` = 6 ) AND ( `starttime` <= 1511227881 ) AND ( `endtime` >= 1511227881 ) AND ( `status` = 1 ) ORDER BY `displayorder` asc  [ RunTime:0.000175s ]

2017-11-21 09:32:46 HjSql :
------------
String:
SHOW COLUMNS FROM `ims_weisrc_dish_ad` [ RunTime:0.000442s ]

2017-11-21 09:32:46 HjSql :
------------
String:
SELECT * FROM `ims_weisrc_dish_ad` WHERE ( `position` = 3 ) AND ( `uniacid` = 6 ) AND ( `starttime` <= 1511227966 ) AND ( `endtime` >= 1511227966 ) AND ( `status` = 1 ) ORDER BY `displayorder` asc  [ RunTime:0.000194s ]

2017-11-21 09:32:49 HjSql :
------------
String:
SHOW COLUMNS FROM `ims_weisrc_dish_ad` [ RunTime:0.000466s ]

2017-11-21 09:32:49 HjSql :
------------
String:
SELECT * FROM `ims_weisrc_dish_ad` WHERE ( `position` = 3 ) AND ( `uniacid` = 6 ) AND ( `starttime` <= 1511227969 ) AND ( `endtime` >= 1511227969 ) AND ( `status` = 1 ) ORDER BY `displayorder` asc  [ RunTime:0.000185s ]

2017-11-21 09:33:13 HjSql :
------------
String:
SHOW COLUMNS FROM `ims_weisrc_dish_ad` [ RunTime:0.000442s ]

2017-11-21 09:33:13 HjSql :
------------
String:
SELECT * FROM `ims_weisrc_dish_ad` WHERE ( `position` = 3 ) AND ( `uniacid` = 6 ) AND ( `starttime` <= 1511227993 ) AND ( `endtime` >= 1511227993 ) AND ( `status` = 1 ) ORDER BY `displayorder` asc  [ RunTime:0.000207s ]

2017-11-21 09:33:15 HjSql :
------------
String:
SHOW COLUMNS FROM `ims_weisrc_dish_ad` [ RunTime:0.000449s ]

2017-11-21 09:33:15 HjSql :
------------
String:
SELECT * FROM `ims_weisrc_dish_ad` WHERE ( `position` = 3 ) AND ( `uniacid` = 6 ) AND ( `starttime` <= 1511227995 ) AND ( `endtime` >= 1511227995 ) AND ( `status` = 1 ) ORDER BY `displayorder` asc  [ RunTime:0.000168s ]

2017-11-21 13:06:43 trace :
------------
String:
<xml><ToUserName><![CDATA[gh_fbed32f1f289]]></ToUserName>
<FromUserName><![CDATA[oSRY00_4HQL3U8SwTcdHz9PmjSnQ]]></FromUserName>
<CreateTime>1511240803</CreateTime>
<MsgType><![CDATA[event]]></MsgType>
<Event><![CDATA[VIEW]]></Event>
<EventKey><![CDATA[http://www.dianlema.net/app/index.php?i=6&c=entry&id=21&do=detail&m=weisrc_dish]]></EventKey>
<MenuId>430755670</MenuId>
</xml>

2017-11-21 13:06:43 params :
------------
String:
array (
  'rule' => -2,
  'module' => '',
  'message' => 
  array (
    'tousername' => 'gh_fbed32f1f289',
    'fromusername' => 'oSRY00_4HQL3U8SwTcdHz9PmjSnQ',
    'createtime' => '1511240803',
    'msgtype' => 'event',
    'event' => 'VIEW',
    'eventkey' => 'http://www.dianlema.net/app/index.php?i=6&c=entry&id=21&do=detail&m=weisrc_dish',
    'menuid' => '430755670',
    'from' => 'oSRY00_4HQL3U8SwTcdHz9PmjSnQ',
    'to' => 'gh_fbed32f1f289',
    'time' => '1511240803',
    'type' => 'text',
    'content' => 'http://www.dianlema.net/app/index.php?i=6&c=entry&id=21&do=detail&m=weisrc_dish',
    'redirection' => true,
    'source' => 'VIEW',
  ),
)

2017-11-21 13:06:43 response :
------------

2017-11-21 13:06:45 HjSql :
------------
String:
SHOW COLUMNS FROM `ims_weisrc_dish_ad` [ RunTime:0.000584s ]

2017-11-21 13:06:45 HjSql :
------------
String:
SELECT * FROM `ims_weisrc_dish_ad` WHERE ( `position` = 3 ) AND ( `uniacid` = 6 ) AND ( `starttime` <= 1511240805 ) AND ( `endtime` >= 1511240805 ) AND ( `status` = 1 ) ORDER BY `displayorder` asc  [ RunTime:0.000217s ]

2017-11-21 13:06:46 HjSql :
------------
String:
SHOW COLUMNS FROM `ims_weisrc_dish_ad` [ RunTime:0.000453s ]

2017-11-21 13:06:47 HjSql :
------------
String:
SELECT * FROM `ims_weisrc_dish_ad` WHERE ( `position` = 3 ) AND ( `uniacid` = 6 ) AND ( `starttime` <= 1511240806 ) AND ( `endtime` >= 1511240806 ) AND ( `status` = 1 ) ORDER BY `displayorder` asc  [ RunTime:0.000190s ]

2017-11-21 13:06:47 HjSql :
------------
String:
SHOW COLUMNS FROM `ims_weisrc_dish_ad` [ RunTime:0.000467s ]

2017-11-21 13:06:47 HjSql :
------------
String:
SELECT * FROM `ims_weisrc_dish_ad` WHERE ( `position` = 3 ) AND ( `uniacid` = 6 ) AND ( `starttime` <= 1511240807 ) AND ( `endtime` >= 1511240807 ) AND ( `status` = 1 ) ORDER BY `displayorder` asc  [ RunTime:0.000202s ]

2017-11-21 13:07:04 HjSql :
------------
String:
SHOW COLUMNS FROM `ims_weisrc_dish_ad` [ RunTime:0.000450s ]

2017-11-21 13:07:04 HjSql :
------------
String:
SELECT * FROM `ims_weisrc_dish_ad` WHERE ( `position` = 3 ) AND ( `uniacid` = 6 ) AND ( `starttime` <= 1511240824 ) AND ( `endtime` >= 1511240824 ) AND ( `status` = 1 ) ORDER BY `displayorder` asc  [ RunTime:0.000169s ]

2017-11-21 13:07:09 HjSql :
------------
String:
SHOW COLUMNS FROM `ims_weisrc_dish_ad` [ RunTime:0.000438s ]

2017-11-21 13:07:09 HjSql :
------------
String:
SELECT * FROM `ims_weisrc_dish_ad` WHERE ( `position` = 3 ) AND ( `uniacid` = 6 ) AND ( `starttime` <= 1511240829 ) AND ( `endtime` >= 1511240829 ) AND ( `status` = 1 ) ORDER BY `displayorder` asc  [ RunTime:0.000168s ]

2017-11-21 13:07:15 HjSql :
------------
String:
SHOW COLUMNS FROM `ims_weisrc_dish_ad` [ RunTime:0.000439s ]

2017-11-21 13:07:15 HjSql :
------------
String:
SELECT * FROM `ims_weisrc_dish_ad` WHERE ( `position` = 3 ) AND ( `uniacid` = 6 ) AND ( `starttime` <= 1511240835 ) AND ( `endtime` >= 1511240835 ) AND ( `status` = 1 ) ORDER BY `displayorder` asc  [ RunTime:0.000169s ]

2017-11-21 13:07:49 trace :
------------
String:
<xml><ToUserName><![CDATA[gh_fbed32f1f289]]></ToUserName>
<FromUserName><![CDATA[oSRY00_4HQL3U8SwTcdHz9PmjSnQ]]></FromUserName>
<CreateTime>1511240869</CreateTime>
<MsgType><![CDATA[text]]></MsgType>
<Content><![CDATA[http://www.dianlema.net/app/index.php?i=6&c=entry&id=21&agentid=0&do=detail&m=weisrc_dish&code=0213Pd0D1Rvci30xpbZC1ize0D13Pd0K&state=0]]></Content>
<MsgId>6490730109164601772</MsgId>
</xml>

2017-11-21 13:07:49 params :
------------
String:
array (
  'rule' => -2,
  'module' => '',
  'message' => 
  array (
    'tousername' => 'gh_fbed32f1f289',
    'fromusername' => 'oSRY00_4HQL3U8SwTcdHz9PmjSnQ',
    'createtime' => '1511240869',
    'msgtype' => 'text',
    'content' => 'http://www.dianlema.net/app/index.php?i=6&c=entry&id=21&agentid=0&do=detail&m=weisrc_dish&code=0213Pd0D1Rvci30xpbZC1ize0D13Pd0K&state=0',
    'msgid' => '6490730109164601772',
    'from' => 'oSRY00_4HQL3U8SwTcdHz9PmjSnQ',
    'to' => 'gh_fbed32f1f289',
    'time' => '1511240869',
    'type' => 'text',
    'event' => NULL,
    'redirection' => false,
    'source' => NULL,
  ),
)

2017-11-21 13:07:49 response :
------------

2017-11-21 13:08:02 trace :
------------
String:
<xml><ToUserName><![CDATA[gh_fbed32f1f289]]></ToUserName>
<FromUserName><![CDATA[oSRY00_4HQL3U8SwTcdHz9PmjSnQ]]></FromUserName>
<CreateTime>1511240882</CreateTime>
<MsgType><![CDATA[event]]></MsgType>
<Event><![CDATA[VIEW]]></Event>
<EventKey><![CDATA[http://www.dianlema.net/app/index.php?i=6&c=entry&storeid=21&do=queue&m=weisrc_dish]]></EventKey>
<MenuId>430755670</MenuId>
</xml>

2017-11-21 13:08:02 params :
------------
String:
array (
  'rule' => -2,
  'module' => '',
  'message' => 
  array (
    'tousername' => 'gh_fbed32f1f289',
    'fromusername' => 'oSRY00_4HQL3U8SwTcdHz9PmjSnQ',
    'createtime' => '1511240882',
    'msgtype' => 'event',
    'event' => 'VIEW',
    'eventkey' => 'http://www.dianlema.net/app/index.php?i=6&c=entry&storeid=21&do=queue&m=weisrc_dish',
    'menuid' => '430755670',
    'from' => 'oSRY00_4HQL3U8SwTcdHz9PmjSnQ',
    'to' => 'gh_fbed32f1f289',
    'time' => '1511240882',
    'type' => 'text',
    'content' => 'http://www.dianlema.net/app/index.php?i=6&c=entry&storeid=21&do=queue&m=weisrc_dish',
    'redirection' => true,
    'source' => 'VIEW',
  ),
)

2017-11-21 13:08:02 response :
------------

2017-11-21 13:08:16 trace :
------------
String:
<xml><ToUserName><![CDATA[gh_fbed32f1f289]]></ToUserName>
<FromUserName><![CDATA[oSRY00_4HQL3U8SwTcdHz9PmjSnQ]]></FromUserName>
<CreateTime>1511240896</CreateTime>
<MsgType><![CDATA[event]]></MsgType>
<Event><![CDATA[TEMPLATESENDJOBFINISH]]></Event>
<MsgID>27659337962930176</MsgID>
<Status><![CDATA[success]]></Status>
</xml>

2017-11-21 13:08:16 params :
------------
String:
array (
  'rule' => -2,
  'module' => '',
  'message' => 
  array (
    'tousername' => 'gh_fbed32f1f289',
    'fromusername' => 'oSRY00_4HQL3U8SwTcdHz9PmjSnQ',
    'createtime' => '1511240896',
    'msgtype' => 'event',
    'event' => 'TEMPLATESENDJOBFINISH',
    'msgid' => '27659337962930176',
    'status' => 'success',
    'from' => 'oSRY00_4HQL3U8SwTcdHz9PmjSnQ',
    'to' => 'gh_fbed32f1f289',
    'time' => '1511240896',
    'type' => 'event',
  ),
)

2017-11-21 13:08:16 response :
------------

2017-11-21 13:08:16 trace :
------------
String:
<xml><ToUserName><![CDATA[gh_fbed32f1f289]]></ToUserName>
<FromUserName><![CDATA[oSRY0069zmR3bYgg6-YSEbdA-K1E]]></FromUserName>
<CreateTime>1511240896</CreateTime>
<MsgType><![CDATA[event]]></MsgType>
<Event><![CDATA[TEMPLATESENDJOBFINISH]]></Event>
<MsgID>27659345361698816</MsgID>
<Status><![CDATA[success]]></Status>
</xml>

2017-11-21 13:08:16 params :
------------
String:
array (
  'rule' => -2,
  'module' => '',
  'message' => 
  array (
    'tousername' => 'gh_fbed32f1f289',
    'fromusername' => 'oSRY0069zmR3bYgg6-YSEbdA-K1E',
    'createtime' => '1511240896',
    'msgtype' => 'event',
    'event' => 'TEMPLATESENDJOBFINISH',
    'msgid' => '27659345361698816',
    'status' => 'success',
    'from' => 'oSRY0069zmR3bYgg6-YSEbdA-K1E',
    'to' => 'gh_fbed32f1f289',
    'time' => '1511240896',
    'type' => 'event',
  ),
)

2017-11-21 13:08:16 response :
------------

2017-11-21 13:08:16 trace :
------------
String:
<xml><ToUserName><![CDATA[gh_fbed32f1f289]]></ToUserName>
<FromUserName><![CDATA[oSRY007ii1nrPRxSCeihLAxANMB8]]></FromUserName>
<CreateTime>1511240896</CreateTime>
<MsgType><![CDATA[event]]></MsgType>
<Event><![CDATA[TEMPLATESENDJOBFINISH]]></Event>
<MsgID>27659351921623041</MsgID>
<Status><![CDATA[success]]></Status>
</xml>

2017-11-21 13:08:17 params :
------------
String:
array (
  'rule' => -2,
  'module' => '',
  'message' => 
  array (
    'tousername' => 'gh_fbed32f1f289',
    'fromusername' => 'oSRY007ii1nrPRxSCeihLAxANMB8',
    'createtime' => '1511240896',
    'msgtype' => 'event',
    'event' => 'TEMPLATESENDJOBFINISH',
    'msgid' => '27659351921623041',
    'status' => 'success',
    'from' => 'oSRY007ii1nrPRxSCeihLAxANMB8',
    'to' => 'gh_fbed32f1f289',
    'time' => '1511240896',
    'type' => 'event',
  ),
)

2017-11-21 13:08:17 response :
------------

2017-11-21 13:08:17 trace :
------------
String:
<xml><ToUserName><![CDATA[gh_fbed32f1f289]]></ToUserName>
<FromUserName><![CDATA[oSRY007ii1nrPRxSCeihLAxANMB8]]></FromUserName>
<CreateTime>1511240897</CreateTime>
<MsgType><![CDATA[event]]></MsgType>
<Event><![CDATA[TEMPLATESENDJOBFINISH]]></Event>
<MsgID>27659357827203072</MsgID>
<Status><![CDATA[success]]></Status>
</xml>

2017-11-21 13:08:17 params :
------------
String:
array (
  'rule' => -2,
  'module' => '',
  'message' => 
  array (
    'tousername' => 'gh_fbed32f1f289',
    'fromusername' => 'oSRY007ii1nrPRxSCeihLAxANMB8',
    'createtime' => '1511240897',
    'msgtype' => 'event',
    'event' => 'TEMPLATESENDJOBFINISH',
    'msgid' => '27659357827203072',
    'status' => 'success',
    'from' => 'oSRY007ii1nrPRxSCeihLAxANMB8',
    'to' => 'gh_fbed32f1f289',
    'time' => '1511240897',
    'type' => 'event',
  ),
)

2017-11-21 13:08:17 response :
------------

2017-11-21 13:08:17 trace :
------------
String:
<xml><ToUserName><![CDATA[gh_fbed32f1f289]]></ToUserName>
<FromUserName><![CDATA[oSRY00yS5yHUwKxVARp8b_21YceE]]></FromUserName>
<CreateTime>1511240897</CreateTime>
<MsgType><![CDATA[event]]></MsgType>
<Event><![CDATA[TEMPLATESENDJOBFINISH]]></Event>
<MsgID>27659364118626304</MsgID>
<Status><![CDATA[success]]></Status>
</xml>

2017-11-21 13:08:17 params :
------------
String:
array (
  'rule' => -2,
  'module' => '',
  'message' => 
  array (
    'tousername' => 'gh_fbed32f1f289',
    'fromusername' => 'oSRY00yS5yHUwKxVARp8b_21YceE',
    'createtime' => '1511240897',
    'msgtype' => 'event',
    'event' => 'TEMPLATESENDJOBFINISH',
    'msgid' => '27659364118626304',
    'status' => 'success',
    'from' => 'oSRY00yS5yHUwKxVARp8b_21YceE',
    'to' => 'gh_fbed32f1f289',
    'time' => '1511240897',
    'type' => 'event',
  ),
)

2017-11-21 13:08:17 response :
------------

2017-11-21 13:08:30 trace :
------------
String:
<xml><ToUserName><![CDATA[gh_fbed32f1f289]]></ToUserName>
<FromUserName><![CDATA[oSRY00_4HQL3U8SwTcdHz9PmjSnQ]]></FromUserName>
<CreateTime>1511240910</CreateTime>
<MsgType><![CDATA[event]]></MsgType>
<Event><![CDATA[TEMPLATESENDJOBFINISH]]></Event>
<MsgID>27659586701934596</MsgID>
<Status><![CDATA[success]]></Status>
</xml>

2017-11-21 13:08:30 params :
------------
String:
array (
  'rule' => -2,
  'module' => '',
  'message' => 
  array (
    'tousername' => 'gh_fbed32f1f289',
    'fromusername' => 'oSRY00_4HQL3U8SwTcdHz9PmjSnQ',
    'createtime' => '1511240910',
    'msgtype' => 'event',
    'event' => 'TEMPLATESENDJOBFINISH',
    'msgid' => '27659586701934596',
    'status' => 'success',
    'from' => 'oSRY00_4HQL3U8SwTcdHz9PmjSnQ',
    'to' => 'gh_fbed32f1f289',
    'time' => '1511240910',
    'type' => 'event',
  ),
)

2017-11-21 13:08:30 response :
------------

2017-11-21 13:09:03 trace :
------------
String:
<xml><ToUserName><![CDATA[gh_fbed32f1f289]]></ToUserName>
<FromUserName><![CDATA[oSRY00_4HQL3U8SwTcdHz9PmjSnQ]]></FromUserName>
<CreateTime>1511240943</CreateTime>
<MsgType><![CDATA[event]]></MsgType>
<Event><![CDATA[VIEW]]></Event>
<EventKey><![CDATA[http://www.dianlema.net/app/index.php?i=6&c=entry&eid=39]]></EventKey>
<MenuId>430755670</MenuId>
</xml>

2017-11-21 13:09:03 params :
------------
String:
array (
  'rule' => -2,
  'module' => '',
  'message' => 
  array (
    'tousername' => 'gh_fbed32f1f289',
    'fromusername' => 'oSRY00_4HQL3U8SwTcdHz9PmjSnQ',
    'createtime' => '1511240943',
    'msgtype' => 'event',
    'event' => 'VIEW',
    'eventkey' => 'http://www.dianlema.net/app/index.php?i=6&c=entry&eid=39',
    'menuid' => '430755670',
    'from' => 'oSRY00_4HQL3U8SwTcdHz9PmjSnQ',
    'to' => 'gh_fbed32f1f289',
    'time' => '1511240943',
    'type' => 'text',
    'content' => 'http://www.dianlema.net/app/index.php?i=6&c=entry&eid=39',
    'redirection' => true,
    'source' => 'VIEW',
  ),
)

2017-11-21 13:09:03 response :
------------

2017-11-21 13:48:55 trace :
------------
String:
<xml><ToUserName><![CDATA[gh_fbed32f1f289]]></ToUserName>
<FromUserName><![CDATA[oSRY007ii1nrPRxSCeihLAxANMB8]]></FromUserName>
<CreateTime>1511243335</CreateTime>
<MsgType><![CDATA[event]]></MsgType>
<Event><![CDATA[VIEW]]></Event>
<EventKey><![CDATA[http://www.dianlema.net/app/index.php?i=6&c=entry&id=21&do=detail&m=weisrc_dish]]></EventKey>
<MenuId>430755670</MenuId>
</xml>

2017-11-21 13:48:55 params :
------------
String:
array (
  'rule' => -2,
  'module' => '',
  'message' => 
  array (
    'tousername' => 'gh_fbed32f1f289',
    'fromusername' => 'oSRY007ii1nrPRxSCeihLAxANMB8',
    'createtime' => '1511243335',
    'msgtype' => 'event',
    'event' => 'VIEW',
    'eventkey' => 'http://www.dianlema.net/app/index.php?i=6&c=entry&id=21&do=detail&m=weisrc_dish',
    'menuid' => '430755670',
    'from' => 'oSRY007ii1nrPRxSCeihLAxANMB8',
    'to' => 'gh_fbed32f1f289',
    'time' => '1511243335',
    'type' => 'text',
    'content' => 'http://www.dianlema.net/app/index.php?i=6&c=entry&id=21&do=detail&m=weisrc_dish',
    'redirection' => true,
    'source' => 'VIEW',
  ),
)

2017-11-21 13:48:55 response :
------------

2017-11-21 13:48:58 HjSql :
------------
String:
SHOW COLUMNS FROM `ims_weisrc_dish_ad` [ RunTime:0.000460s ]

2017-11-21 13:48:58 HjSql :
------------
String:
SELECT * FROM `ims_weisrc_dish_ad` WHERE ( `position` = 3 ) AND ( `uniacid` = 6 ) AND ( `starttime` <= 1511243338 ) AND ( `endtime` >= 1511243338 ) AND ( `status` = 1 ) ORDER BY `displayorder` asc  [ RunTime:0.000194s ]

2017-11-21 13:48:59 HjSql :
------------
String:
SHOW COLUMNS FROM `ims_weisrc_dish_ad` [ RunTime:0.000460s ]

2017-11-21 13:48:59 HjSql :
------------
String:
SELECT * FROM `ims_weisrc_dish_ad` WHERE ( `position` = 3 ) AND ( `uniacid` = 6 ) AND ( `starttime` <= 1511243339 ) AND ( `endtime` >= 1511243339 ) AND ( `status` = 1 ) ORDER BY `displayorder` asc  [ RunTime:0.000180s ]

2017-11-21 13:49:03 HjSql :
------------
String:
SHOW COLUMNS FROM `ims_weisrc_dish_ad` [ RunTime:0.000472s ]

2017-11-21 13:49:03 HjSql :
------------
String:
SELECT * FROM `ims_weisrc_dish_ad` WHERE ( `position` = 3 ) AND ( `uniacid` = 6 ) AND ( `starttime` <= 1511243343 ) AND ( `endtime` >= 1511243343 ) AND ( `status` = 1 ) ORDER BY `displayorder` asc  [ RunTime:0.000182s ]

2017-11-21 13:49:05 HjSql :
------------
String:
SHOW COLUMNS FROM `ims_weisrc_dish_ad` [ RunTime:0.000453s ]

2017-11-21 13:49:05 HjSql :
------------
String:
SELECT * FROM `ims_weisrc_dish_ad` WHERE ( `position` = 3 ) AND ( `uniacid` = 6 ) AND ( `starttime` <= 1511243345 ) AND ( `endtime` >= 1511243345 ) AND ( `status` = 1 ) ORDER BY `displayorder` asc  [ RunTime:0.000193s ]

2017-11-21 13:49:06 HjSql :
------------
String:
SHOW COLUMNS FROM `ims_weisrc_dish_ad` [ RunTime:0.000438s ]

2017-11-21 13:49:06 HjSql :
------------
String:
SELECT * FROM `ims_weisrc_dish_ad` WHERE ( `position` = 3 ) AND ( `uniacid` = 6 ) AND ( `starttime` <= 1511243346 ) AND ( `endtime` >= 1511243346 ) AND ( `status` = 1 ) ORDER BY `displayorder` asc  [ RunTime:0.000177s ]

2017-11-21 15:20:43 trace :
------------
String:
<xml><ToUserName><![CDATA[gh_fbed32f1f289]]></ToUserName>
<FromUserName><![CDATA[oSRY00yS5yHUwKxVARp8b_21YceE]]></FromUserName>
<CreateTime>1511248843</CreateTime>
<MsgType><![CDATA[event]]></MsgType>
<Event><![CDATA[VIEW]]></Event>
<EventKey><![CDATA[http://www.dianlema.net/app/index.php?i=6&c=entry&id=21&do=detail&m=weisrc_dish]]></EventKey>
<MenuId>430755670</MenuId>
</xml>

2017-11-21 15:20:43 params :
------------
String:
array (
  'rule' => -2,
  'module' => '',
  'message' => 
  array (
    'tousername' => 'gh_fbed32f1f289',
    'fromusername' => 'oSRY00yS5yHUwKxVARp8b_21YceE',
    'createtime' => '1511248843',
    'msgtype' => 'event',
    'event' => 'VIEW',
    'eventkey' => 'http://www.dianlema.net/app/index.php?i=6&c=entry&id=21&do=detail&m=weisrc_dish',
    'menuid' => '430755670',
    'from' => 'oSRY00yS5yHUwKxVARp8b_21YceE',
    'to' => 'gh_fbed32f1f289',
    'time' => '1511248843',
    'type' => 'text',
    'content' => 'http://www.dianlema.net/app/index.php?i=6&c=entry&id=21&do=detail&m=weisrc_dish',
    'redirection' => true,
    'source' => 'VIEW',
  ),
)

2017-11-21 15:20:43 response :
------------

2017-11-21 15:20:45 HjSql :
------------
String:
SHOW COLUMNS FROM `ims_weisrc_dish_ad` [ RunTime:0.000476s ]

2017-11-21 15:20:45 HjSql :
------------
String:
SELECT * FROM `ims_weisrc_dish_ad` WHERE ( `position` = 3 ) AND ( `uniacid` = 6 ) AND ( `starttime` <= 1511248845 ) AND ( `endtime` >= 1511248845 ) AND ( `status` = 1 ) ORDER BY `displayorder` asc  [ RunTime:0.000180s ]

2017-11-21 15:20:46 HjSql :
------------
String:
SHOW COLUMNS FROM `ims_weisrc_dish_ad` [ RunTime:0.000482s ]

2017-11-21 15:20:46 HjSql :
------------
String:
SELECT * FROM `ims_weisrc_dish_ad` WHERE ( `position` = 3 ) AND ( `uniacid` = 6 ) AND ( `starttime` <= 1511248846 ) AND ( `endtime` >= 1511248846 ) AND ( `status` = 1 ) ORDER BY `displayorder` asc  [ RunTime:0.000188s ]

2017-11-21 15:20:51 trace :
------------
String:
<xml><ToUserName><![CDATA[gh_fbed32f1f289]]></ToUserName>
<FromUserName><![CDATA[oSRY00yS5yHUwKxVARp8b_21YceE]]></FromUserName>
<CreateTime>1511248851</CreateTime>
<MsgType><![CDATA[event]]></MsgType>
<Event><![CDATA[VIEW]]></Event>
<EventKey><![CDATA[http://www.dianlema.net/app/index.php?i=6&c=entry&id=21&do=detail&m=weisrc_dish]]></EventKey>
<MenuId>430755670</MenuId>
</xml>

2017-11-21 15:20:51 params :
------------
String:
array (
  'rule' => -2,
  'module' => '',
  'message' => 
  array (
    'tousername' => 'gh_fbed32f1f289',
    'fromusername' => 'oSRY00yS5yHUwKxVARp8b_21YceE',
    'createtime' => '1511248851',
    'msgtype' => 'event',
    'event' => 'VIEW',
    'eventkey' => 'http://www.dianlema.net/app/index.php?i=6&c=entry&id=21&do=detail&m=weisrc_dish',
    'menuid' => '430755670',
    'from' => 'oSRY00yS5yHUwKxVARp8b_21YceE',
    'to' => 'gh_fbed32f1f289',
    'time' => '1511248851',
    'type' => 'text',
    'content' => 'http://www.dianlema.net/app/index.php?i=6&c=entry&id=21&do=detail&m=weisrc_dish',
    'redirection' => true,
    'source' => 'VIEW',
  ),
)

2017-11-21 15:20:51 response :
------------

2017-11-21 15:20:51 HjSql :
------------
String:
SHOW COLUMNS FROM `ims_weisrc_dish_ad` [ RunTime:0.000401s ]

2017-11-21 15:20:51 HjSql :
------------
String:
SELECT * FROM `ims_weisrc_dish_ad` WHERE ( `position` = 3 ) AND ( `uniacid` = 6 ) AND ( `starttime` <= 1511248851 ) AND ( `endtime` >= 1511248851 ) AND ( `status` = 1 ) ORDER BY `displayorder` asc  [ RunTime:0.000179s ]

2017-11-21 15:20:53 HjSql :
------------
String:
SHOW COLUMNS FROM `ims_weisrc_dish_ad` [ RunTime:0.000440s ]

2017-11-21 15:20:53 HjSql :
------------
String:
SELECT * FROM `ims_weisrc_dish_ad` WHERE ( `position` = 3 ) AND ( `uniacid` = 6 ) AND ( `starttime` <= 1511248853 ) AND ( `endtime` >= 1511248853 ) AND ( `status` = 1 ) ORDER BY `displayorder` asc  [ RunTime:0.000178s ]

2017-11-21 16:05:16 trace :
------------
String:
<xml><ToUserName><![CDATA[gh_fbed32f1f289]]></ToUserName>
<FromUserName><![CDATA[oSRY00ymxuQQkyt71joCQe5uH1WQ]]></FromUserName>
<CreateTime>1511251515</CreateTime>
<MsgType><![CDATA[event]]></MsgType>
<Event><![CDATA[subscribe]]></Event>
<EventKey><![CDATA[]]></EventKey>
</xml>

2017-11-21 16:05:16 params :
------------
String:
array (
  'rule' => -2,
  'module' => '',
  'message' => 
  array (
    'tousername' => 'gh_fbed32f1f289',
    'fromusername' => 'oSRY00ymxuQQkyt71joCQe5uH1WQ',
    'createtime' => '1511251515',
    'msgtype' => 'event',
    'event' => 'subscribe',
    'eventkey' => '',
    'from' => 'oSRY00ymxuQQkyt71joCQe5uH1WQ',
    'to' => 'gh_fbed32f1f289',
    'time' => '1511251515',
    'type' => 'text',
    'redirection' => true,
    'source' => 'subscribe',
  ),
)

2017-11-21 16:05:16 response :
------------

2017-11-21 16:09:37 trace :
------------
String:
<xml><ToUserName><![CDATA[gh_fbed32f1f289]]></ToUserName>
<FromUserName><![CDATA[oSRY00ymxuQQkyt71joCQe5uH1WQ]]></FromUserName>
<CreateTime>1511251777</CreateTime>
<MsgType><![CDATA[event]]></MsgType>
<Event><![CDATA[VIEW]]></Event>
<EventKey><![CDATA[http://www.dianlema.net/app/index.php?i=6&c=entry&id=21&do=detail&m=weisrc_dish]]></EventKey>
<MenuId>430755670</MenuId>
</xml>

2017-11-21 16:09:37 params :
------------
String:
array (
  'rule' => -2,
  'module' => '',
  'message' => 
  array (
    'tousername' => 'gh_fbed32f1f289',
    'fromusername' => 'oSRY00ymxuQQkyt71joCQe5uH1WQ',
    'createtime' => '1511251777',
    'msgtype' => 'event',
    'event' => 'VIEW',
    'eventkey' => 'http://www.dianlema.net/app/index.php?i=6&c=entry&id=21&do=detail&m=weisrc_dish',
    'menuid' => '430755670',
    'from' => 'oSRY00ymxuQQkyt71joCQe5uH1WQ',
    'to' => 'gh_fbed32f1f289',
    'time' => '1511251777',
    'type' => 'text',
    'content' => 'http://www.dianlema.net/app/index.php?i=6&c=entry&id=21&do=detail&m=weisrc_dish',
    'redirection' => true,
    'source' => 'VIEW',
  ),
)

2017-11-21 16:09:37 response :
------------

2017-11-21 16:09:39 HjSql :
------------
String:
SHOW COLUMNS FROM `ims_weisrc_dish_ad` [ RunTime:0.000474s ]

2017-11-21 16:09:39 HjSql :
------------
String:
SELECT * FROM `ims_weisrc_dish_ad` WHERE ( `position` = 3 ) AND ( `uniacid` = 6 ) AND ( `starttime` <= 1511251779 ) AND ( `endtime` >= 1511251779 ) AND ( `status` = 1 ) ORDER BY `displayorder` asc  [ RunTime:0.000174s ]

2017-11-21 16:09:40 HjSql :
------------
String:
SHOW COLUMNS FROM `ims_weisrc_dish_ad` [ RunTime:0.000469s ]

2017-11-21 16:09:40 HjSql :
------------
String:
SELECT * FROM `ims_weisrc_dish_ad` WHERE ( `position` = 3 ) AND ( `uniacid` = 6 ) AND ( `starttime` <= 1511251780 ) AND ( `endtime` >= 1511251780 ) AND ( `status` = 1 ) ORDER BY `displayorder` asc  [ RunTime:0.000172s ]

2017-11-21 16:09:54 HjSql :
------------
String:
SHOW COLUMNS FROM `ims_weisrc_dish_ad` [ RunTime:0.000441s ]

2017-11-21 16:09:54 HjSql :
------------
String:
SELECT * FROM `ims_weisrc_dish_ad` WHERE ( `position` = 3 ) AND ( `uniacid` = 6 ) AND ( `starttime` <= 1511251794 ) AND ( `endtime` >= 1511251794 ) AND ( `status` = 1 ) ORDER BY `displayorder` asc  [ RunTime:0.000205s ]

2017-11-21 16:10:19 trace :
------------
String:
<xml><ToUserName><![CDATA[gh_fbed32f1f289]]></ToUserName>
<FromUserName><![CDATA[oSRY00ymxuQQkyt71joCQe5uH1WQ]]></FromUserName>
<CreateTime>1511251819</CreateTime>
<MsgType><![CDATA[event]]></MsgType>
<Event><![CDATA[VIEW]]></Event>
<EventKey><![CDATA[http://www.dianlema.net/app/index.php?i=6&c=entry&storeid=21&do=waplist&m=weisrc_dish&mode=2]]></EventKey>
<MenuId>430755670</MenuId>
</xml>

2017-11-21 16:10:19 params :
------------
String:
array (
  'rule' => -2,
  'module' => '',
  'message' => 
  array (
    'tousername' => 'gh_fbed32f1f289',
    'fromusername' => 'oSRY00ymxuQQkyt71joCQe5uH1WQ',
    'createtime' => '1511251819',
    'msgtype' => 'event',
    'event' => 'VIEW',
    'eventkey' => 'http://www.dianlema.net/app/index.php?i=6&c=entry&storeid=21&do=waplist&m=weisrc_dish&mode=2',
    'menuid' => '430755670',
    'from' => 'oSRY00ymxuQQkyt71joCQe5uH1WQ',
    'to' => 'gh_fbed32f1f289',
    'time' => '1511251819',
    'type' => 'text',
    'content' => 'http://www.dianlema.net/app/index.php?i=6&c=entry&storeid=21&do=waplist&m=weisrc_dish&mode=2',
    'redirection' => true,
    'source' => 'VIEW',
  ),
)

2017-11-21 16:10:19 response :
------------

2017-11-21 16:10:20 HjSql :
------------
String:
SHOW COLUMNS FROM `ims_weisrc_dish_ad` [ RunTime:0.000449s ]

2017-11-21 16:10:20 HjSql :
------------
String:
SELECT * FROM `ims_weisrc_dish_ad` WHERE ( `position` = 3 ) AND ( `uniacid` = 6 ) AND ( `starttime` <= 1511251820 ) AND ( `endtime` >= 1511251820 ) AND ( `status` = 1 ) ORDER BY `displayorder` asc  [ RunTime:0.000185s ]

2017-11-21 16:10:26 trace :
------------
String:
<xml><ToUserName><![CDATA[gh_fbed32f1f289]]></ToUserName>
<FromUserName><![CDATA[oSRY00ymxuQQkyt71joCQe5uH1WQ]]></FromUserName>
<CreateTime>1511251826</CreateTime>
<MsgType><![CDATA[event]]></MsgType>
<Event><![CDATA[VIEW]]></Event>
<EventKey><![CDATA[http://www.dianlema.net/app/index.php?i=6&c=entry&id=21&do=detail&m=weisrc_dish]]></EventKey>
<MenuId>430755670</MenuId>
</xml>

2017-11-21 16:10:26 params :
------------
String:
array (
  'rule' => -2,
  'module' => '',
  'message' => 
  array (
    'tousername' => 'gh_fbed32f1f289',
    'fromusername' => 'oSRY00ymxuQQkyt71joCQe5uH1WQ',
    'createtime' => '1511251826',
    'msgtype' => 'event',
    'event' => 'VIEW',
    'eventkey' => 'http://www.dianlema.net/app/index.php?i=6&c=entry&id=21&do=detail&m=weisrc_dish',
    'menuid' => '430755670',
    'from' => 'oSRY00ymxuQQkyt71joCQe5uH1WQ',
    'to' => 'gh_fbed32f1f289',
    'time' => '1511251826',
    'type' => 'text',
    'content' => 'http://www.dianlema.net/app/index.php?i=6&c=entry&id=21&do=detail&m=weisrc_dish',
    'redirection' => true,
    'source' => 'VIEW',
  ),
)

2017-11-21 16:10:26 response :
------------

2017-11-21 16:10:27 HjSql :
------------
String:
SHOW COLUMNS FROM `ims_weisrc_dish_ad` [ RunTime:0.000465s ]

2017-11-21 16:10:27 HjSql :
------------
String:
SELECT * FROM `ims_weisrc_dish_ad` WHERE ( `position` = 3 ) AND ( `uniacid` = 6 ) AND ( `starttime` <= 1511251827 ) AND ( `endtime` >= 1511251827 ) AND ( `status` = 1 ) ORDER BY `displayorder` asc  [ RunTime:0.000194s ]

2017-11-21 16:13:22 HjSql :
------------
String:
SHOW COLUMNS FROM `ims_weisrc_dish_ad` [ RunTime:0.000434s ]

2017-11-21 16:13:22 HjSql :
------------
String:
SELECT * FROM `ims_weisrc_dish_ad` WHERE ( `position` = 3 ) AND ( `uniacid` = 6 ) AND ( `starttime` <= 1511252002 ) AND ( `endtime` >= 1511252002 ) AND ( `status` = 1 ) ORDER BY `displayorder` asc  [ RunTime:0.000203s ]

2017-11-21 19:48:42 trace :
------------
String:
<xml><ToUserName><![CDATA[gh_fbed32f1f289]]></ToUserName>
<FromUserName><![CDATA[oSRY00-8Udss0lTrtr-ZSwOJEC2I]]></FromUserName>
<CreateTime>1511264922</CreateTime>
<MsgType><![CDATA[event]]></MsgType>
<Event><![CDATA[subscribe]]></Event>
<EventKey><![CDATA[]]></EventKey>
</xml>

2017-11-21 19:48:42 params :
------------
String:
array (
  'rule' => -2,
  'module' => '',
  'message' => 
  array (
    'tousername' => 'gh_fbed32f1f289',
    'fromusername' => 'oSRY00-8Udss0lTrtr-ZSwOJEC2I',
    'createtime' => '1511264922',
    'msgtype' => 'event',
    'event' => 'subscribe',
    'eventkey' => '',
    'from' => 'oSRY00-8Udss0lTrtr-ZSwOJEC2I',
    'to' => 'gh_fbed32f1f289',
    'time' => '1511264922',
    'type' => 'text',
    'redirection' => true,
    'source' => 'subscribe',
  ),
)

2017-11-21 19:48:42 response :
------------

2017-11-21 19:49:07 trace :
------------
String:
<xml><ToUserName><![CDATA[gh_fbed32f1f289]]></ToUserName>
<FromUserName><![CDATA[oSRY00-8Udss0lTrtr-ZSwOJEC2I]]></FromUserName>
<CreateTime>1511264947</CreateTime>
<MsgType><![CDATA[event]]></MsgType>
<Event><![CDATA[VIEW]]></Event>
<EventKey><![CDATA[http://www.dianlema.net/app/index.php?i=6&c=entry&id=21&do=detail&m=weisrc_dish]]></EventKey>
<MenuId>430755670</MenuId>
</xml>

2017-11-21 19:49:07 params :
------------
String:
array (
  'rule' => -2,
  'module' => '',
  'message' => 
  array (
    'tousername' => 'gh_fbed32f1f289',
    'fromusername' => 'oSRY00-8Udss0lTrtr-ZSwOJEC2I',
    'createtime' => '1511264947',
    'msgtype' => 'event',
    'event' => 'VIEW',
    'eventkey' => 'http://www.dianlema.net/app/index.php?i=6&c=entry&id=21&do=detail&m=weisrc_dish',
    'menuid' => '430755670',
    'from' => 'oSRY00-8Udss0lTrtr-ZSwOJEC2I',
    'to' => 'gh_fbed32f1f289',
    'time' => '1511264947',
    'type' => 'text',
    'content' => 'http://www.dianlema.net/app/index.php?i=6&c=entry&id=21&do=detail&m=weisrc_dish',
    'redirection' => true,
    'source' => 'VIEW',
  ),
)

2017-11-21 19:49:07 response :
------------

2017-11-21 19:49:13 HjSql :
------------
String:
SHOW COLUMNS FROM `ims_weisrc_dish_ad` [ RunTime:0.000460s ]

2017-11-21 19:49:13 HjSql :
------------
String:
SELECT * FROM `ims_weisrc_dish_ad` WHERE ( `position` = 3 ) AND ( `uniacid` = 6 ) AND ( `starttime` <= 1511264953 ) AND ( `endtime` >= 1511264953 ) AND ( `status` = 1 ) ORDER BY `displayorder` asc  [ RunTime:0.000167s ]

2017-11-21 19:49:14 HjSql :
------------
String:
SHOW COLUMNS FROM `ims_weisrc_dish_ad` [ RunTime:0.000469s ]

2017-11-21 19:49:14 HjSql :
------------
String:
SELECT * FROM `ims_weisrc_dish_ad` WHERE ( `position` = 3 ) AND ( `uniacid` = 6 ) AND ( `starttime` <= 1511264954 ) AND ( `endtime` >= 1511264954 ) AND ( `status` = 1 ) ORDER BY `displayorder` asc  [ RunTime:0.000197s ]

2017-11-21 19:49:19 HjSql :
------------
String:
SHOW COLUMNS FROM `ims_weisrc_dish_ad` [ RunTime:0.000461s ]

2017-11-21 19:49:19 HjSql :
------------
String:
SELECT * FROM `ims_weisrc_dish_ad` WHERE ( `position` = 3 ) AND ( `uniacid` = 6 ) AND ( `starttime` <= 1511264959 ) AND ( `endtime` >= 1511264959 ) AND ( `status` = 1 ) ORDER BY `displayorder` asc  [ RunTime:0.000184s ]

2017-11-21 19:49:22 HjSql :
------------
String:
SHOW COLUMNS FROM `ims_weisrc_dish_ad` [ RunTime:0.000452s ]

2017-11-21 19:49:22 HjSql :
------------
String:
SELECT * FROM `ims_weisrc_dish_ad` WHERE ( `position` = 3 ) AND ( `uniacid` = 6 ) AND ( `starttime` <= 1511264962 ) AND ( `endtime` >= 1511264962 ) AND ( `status` = 1 ) ORDER BY `displayorder` asc  [ RunTime:0.000171s ]

2017-11-21 19:49:30 HjSql :
------------
String:
SHOW COLUMNS FROM `ims_weisrc_dish_ad` [ RunTime:0.000454s ]

2017-11-21 19:49:30 HjSql :
------------
String:
SELECT * FROM `ims_weisrc_dish_ad` WHERE ( `position` = 3 ) AND ( `uniacid` = 6 ) AND ( `starttime` <= 1511264970 ) AND ( `endtime` >= 1511264970 ) AND ( `status` = 1 ) ORDER BY `displayorder` asc  [ RunTime:0.000174s ]

