2017-11-16 10:47:54 trace :
------------
String:
<xml><ToUserName><![CDATA[gh_fbed32f1f289]]></ToUserName>
<FromUserName><![CDATA[oSRY0002JvnXBtEpaAY6FbFSnWQY]]></FromUserName>
<CreateTime>1510800474</CreateTime>
<MsgType><![CDATA[event]]></MsgType>
<Event><![CDATA[VIEW]]></Event>
<EventKey><![CDATA[http://www.dianlema.net/app/index.php?i=6&c=entry&storeid=21&do=queue&m=weisrc_dish]]></EventKey>
<MenuId>430755670</MenuId>
</xml>

2017-11-16 10:47:54 params :
------------
String:
array (
  'rule' => -2,
  'module' => '',
  'message' => 
  array (
    'tousername' => 'gh_fbed32f1f289',
    'fromusername' => 'oSRY0002JvnXBtEpaAY6FbFSnWQY',
    'createtime' => '1510800474',
    'msgtype' => 'event',
    'event' => 'VIEW',
    'eventkey' => 'http://www.dianlema.net/app/index.php?i=6&c=entry&storeid=21&do=queue&m=weisrc_dish',
    'menuid' => '430755670',
    'from' => 'oSRY0002JvnXBtEpaAY6FbFSnWQY',
    'to' => 'gh_fbed32f1f289',
    'time' => '1510800474',
    'type' => 'text',
    'content' => 'http://www.dianlema.net/app/index.php?i=6&c=entry&storeid=21&do=queue&m=weisrc_dish',
    'redirection' => true,
    'source' => 'VIEW',
  ),
)

2017-11-16 10:47:54 response :
------------

2017-11-16 10:48:01 trace :
------------
String:
<xml><ToUserName><![CDATA[gh_fbed32f1f289]]></ToUserName>
<FromUserName><![CDATA[oSRY0002JvnXBtEpaAY6FbFSnWQY]]></FromUserName>
<CreateTime>1510800481</CreateTime>
<MsgType><![CDATA[event]]></MsgType>
<Event><![CDATA[VIEW]]></Event>
<EventKey><![CDATA[http://www.dianlema.net/app/index.php?i=6&c=entry&id=21&do=detail&m=weisrc_dish]]></EventKey>
<MenuId>430755670</MenuId>
</xml>

2017-11-16 10:48:01 params :
------------
String:
array (
  'rule' => -2,
  'module' => '',
  'message' => 
  array (
    'tousername' => 'gh_fbed32f1f289',
    'fromusername' => 'oSRY0002JvnXBtEpaAY6FbFSnWQY',
    'createtime' => '1510800481',
    'msgtype' => 'event',
    'event' => 'VIEW',
    'eventkey' => 'http://www.dianlema.net/app/index.php?i=6&c=entry&id=21&do=detail&m=weisrc_dish',
    'menuid' => '430755670',
    'from' => 'oSRY0002JvnXBtEpaAY6FbFSnWQY',
    'to' => 'gh_fbed32f1f289',
    'time' => '1510800481',
    'type' => 'text',
    'content' => 'http://www.dianlema.net/app/index.php?i=6&c=entry&id=21&do=detail&m=weisrc_dish',
    'redirection' => true,
    'source' => 'VIEW',
  ),
)

2017-11-16 10:48:01 response :
------------

2017-11-16 10:48:01 HjSql :
------------
String:
SHOW COLUMNS FROM `ims_weisrc_dish_ad` [ RunTime:0.000549s ]

2017-11-16 10:48:01 HjSql :
------------
String:
SELECT * FROM `ims_weisrc_dish_ad` WHERE ( `position` = 3 ) AND ( `uniacid` = 6 ) AND ( `starttime` <= 1510800481 ) AND ( `endtime` >= 1510800481 ) AND ( `status` = 1 ) ORDER BY `displayorder` asc  [ RunTime:0.000213s ]

2017-11-16 11:25:52 trace :
------------
String:
<xml><ToUserName><![CDATA[gh_fbed32f1f289]]></ToUserName>
<FromUserName><![CDATA[oSRY0002JvnXBtEpaAY6FbFSnWQY]]></FromUserName>
<CreateTime>1510802752</CreateTime>
<MsgType><![CDATA[event]]></MsgType>
<Event><![CDATA[VIEW]]></Event>
<EventKey><![CDATA[http://www.dianlema.net/app/index.php?i=6&c=entry&storeid=21&do=queue&m=weisrc_dish]]></EventKey>
<MenuId>430755670</MenuId>
</xml>

2017-11-16 11:25:52 params :
------------
String:
array (
  'rule' => -2,
  'module' => '',
  'message' => 
  array (
    'tousername' => 'gh_fbed32f1f289',
    'fromusername' => 'oSRY0002JvnXBtEpaAY6FbFSnWQY',
    'createtime' => '1510802752',
    'msgtype' => 'event',
    'event' => 'VIEW',
    'eventkey' => 'http://www.dianlema.net/app/index.php?i=6&c=entry&storeid=21&do=queue&m=weisrc_dish',
    'menuid' => '430755670',
    'from' => 'oSRY0002JvnXBtEpaAY6FbFSnWQY',
    'to' => 'gh_fbed32f1f289',
    'time' => '1510802752',
    'type' => 'text',
    'content' => 'http://www.dianlema.net/app/index.php?i=6&c=entry&storeid=21&do=queue&m=weisrc_dish',
    'redirection' => true,
    'source' => 'VIEW',
  ),
)

2017-11-16 11:25:52 response :
------------

2017-11-16 11:31:08 trace :
------------
String:
<xml><ToUserName><![CDATA[gh_fbed32f1f289]]></ToUserName>
<FromUserName><![CDATA[oSRY0002JvnXBtEpaAY6FbFSnWQY]]></FromUserName>
<CreateTime>1510803068</CreateTime>
<MsgType><![CDATA[event]]></MsgType>
<Event><![CDATA[VIEW]]></Event>
<EventKey><![CDATA[http://www.dianlema.net/app/index.php?i=6&c=entry&storeid=21&do=reservationIndex&m=weisrc_dish]]></EventKey>
<MenuId>430755670</MenuId>
</xml>

2017-11-16 11:31:08 params :
------------
String:
array (
  'rule' => -2,
  'module' => '',
  'message' => 
  array (
    'tousername' => 'gh_fbed32f1f289',
    'fromusername' => 'oSRY0002JvnXBtEpaAY6FbFSnWQY',
    'createtime' => '1510803068',
    'msgtype' => 'event',
    'event' => 'VIEW',
    'eventkey' => 'http://www.dianlema.net/app/index.php?i=6&c=entry&storeid=21&do=reservationIndex&m=weisrc_dish',
    'menuid' => '430755670',
    'from' => 'oSRY0002JvnXBtEpaAY6FbFSnWQY',
    'to' => 'gh_fbed32f1f289',
    'time' => '1510803068',
    'type' => 'text',
    'content' => 'http://www.dianlema.net/app/index.php?i=6&c=entry&storeid=21&do=reservationIndex&m=weisrc_dish',
    'redirection' => true,
    'source' => 'VIEW',
  ),
)

2017-11-16 11:31:08 response :
------------

2017-11-16 11:36:59 trace :
------------
String:
<xml><ToUserName><![CDATA[gh_fbed32f1f289]]></ToUserName>
<FromUserName><![CDATA[oSRY0002JvnXBtEpaAY6FbFSnWQY]]></FromUserName>
<CreateTime>1510803419</CreateTime>
<MsgType><![CDATA[event]]></MsgType>
<Event><![CDATA[VIEW]]></Event>
<EventKey><![CDATA[http://www.dianlema.net/app/index.php?i=6&c=entry&storeid=21&do=reservationIndex&m=weisrc_dish]]></EventKey>
<MenuId>430755670</MenuId>
</xml>

2017-11-16 11:36:59 params :
------------
String:
array (
  'rule' => -2,
  'module' => '',
  'message' => 
  array (
    'tousername' => 'gh_fbed32f1f289',
    'fromusername' => 'oSRY0002JvnXBtEpaAY6FbFSnWQY',
    'createtime' => '1510803419',
    'msgtype' => 'event',
    'event' => 'VIEW',
    'eventkey' => 'http://www.dianlema.net/app/index.php?i=6&c=entry&storeid=21&do=reservationIndex&m=weisrc_dish',
    'menuid' => '430755670',
    'from' => 'oSRY0002JvnXBtEpaAY6FbFSnWQY',
    'to' => 'gh_fbed32f1f289',
    'time' => '1510803419',
    'type' => 'text',
    'content' => 'http://www.dianlema.net/app/index.php?i=6&c=entry&storeid=21&do=reservationIndex&m=weisrc_dish',
    'redirection' => true,
    'source' => 'VIEW',
  ),
)

2017-11-16 11:36:59 response :
------------

2017-11-16 12:01:03 trace :
------------
String:
<xml><ToUserName><![CDATA[gh_fbed32f1f289]]></ToUserName>
<FromUserName><![CDATA[oSRY007ii1nrPRxSCeihLAxANMB8]]></FromUserName>
<CreateTime>1510804863</CreateTime>
<MsgType><![CDATA[event]]></MsgType>
<Event><![CDATA[VIEW]]></Event>
<EventKey><![CDATA[http://www.dianlema.net/app/index.php?i=6&c=entry&storeid=21&do=reservationIndex&m=weisrc_dish]]></EventKey>
<MenuId>430755670</MenuId>
</xml>

2017-11-16 12:01:03 params :
------------
String:
array (
  'rule' => -2,
  'module' => '',
  'message' => 
  array (
    'tousername' => 'gh_fbed32f1f289',
    'fromusername' => 'oSRY007ii1nrPRxSCeihLAxANMB8',
    'createtime' => '1510804863',
    'msgtype' => 'event',
    'event' => 'VIEW',
    'eventkey' => 'http://www.dianlema.net/app/index.php?i=6&c=entry&storeid=21&do=reservationIndex&m=weisrc_dish',
    'menuid' => '430755670',
    'from' => 'oSRY007ii1nrPRxSCeihLAxANMB8',
    'to' => 'gh_fbed32f1f289',
    'time' => '1510804863',
    'type' => 'text',
    'content' => 'http://www.dianlema.net/app/index.php?i=6&c=entry&storeid=21&do=reservationIndex&m=weisrc_dish',
    'redirection' => true,
    'source' => 'VIEW',
  ),
)

2017-11-16 12:01:03 response :
------------

2017-11-16 12:01:06 trace :
------------
String:
<xml><ToUserName><![CDATA[gh_fbed32f1f289]]></ToUserName>
<FromUserName><![CDATA[oSRY007ii1nrPRxSCeihLAxANMB8]]></FromUserName>
<CreateTime>1510804866</CreateTime>
<MsgType><![CDATA[event]]></MsgType>
<Event><![CDATA[VIEW]]></Event>
<EventKey><![CDATA[http://www.dianlema.net/app/index.php?i=6&c=entry&storeid=21&do=queue&m=weisrc_dish]]></EventKey>
<MenuId>430755670</MenuId>
</xml>

2017-11-16 12:01:06 params :
------------
String:
array (
  'rule' => -2,
  'module' => '',
  'message' => 
  array (
    'tousername' => 'gh_fbed32f1f289',
    'fromusername' => 'oSRY007ii1nrPRxSCeihLAxANMB8',
    'createtime' => '1510804866',
    'msgtype' => 'event',
    'event' => 'VIEW',
    'eventkey' => 'http://www.dianlema.net/app/index.php?i=6&c=entry&storeid=21&do=queue&m=weisrc_dish',
    'menuid' => '430755670',
    'from' => 'oSRY007ii1nrPRxSCeihLAxANMB8',
    'to' => 'gh_fbed32f1f289',
    'time' => '1510804866',
    'type' => 'text',
    'content' => 'http://www.dianlema.net/app/index.php?i=6&c=entry&storeid=21&do=queue&m=weisrc_dish',
    'redirection' => true,
    'source' => 'VIEW',
  ),
)

2017-11-16 12:01:06 response :
------------

2017-11-16 12:01:30 trace :
------------
String:
<xml><ToUserName><![CDATA[gh_fbed32f1f289]]></ToUserName>
<FromUserName><![CDATA[oSRY007ii1nrPRxSCeihLAxANMB8]]></FromUserName>
<CreateTime>1510804890</CreateTime>
<MsgType><![CDATA[event]]></MsgType>
<Event><![CDATA[VIEW]]></Event>
<EventKey><![CDATA[http://www.dianlema.net/app/index.php?i=6&c=entry&storeid=21&do=queue&m=weisrc_dish]]></EventKey>
<MenuId>430755670</MenuId>
</xml>

2017-11-16 12:01:30 params :
------------
String:
array (
  'rule' => -2,
  'module' => '',
  'message' => 
  array (
    'tousername' => 'gh_fbed32f1f289',
    'fromusername' => 'oSRY007ii1nrPRxSCeihLAxANMB8',
    'createtime' => '1510804890',
    'msgtype' => 'event',
    'event' => 'VIEW',
    'eventkey' => 'http://www.dianlema.net/app/index.php?i=6&c=entry&storeid=21&do=queue&m=weisrc_dish',
    'menuid' => '430755670',
    'from' => 'oSRY007ii1nrPRxSCeihLAxANMB8',
    'to' => 'gh_fbed32f1f289',
    'time' => '1510804890',
    'type' => 'text',
    'content' => 'http://www.dianlema.net/app/index.php?i=6&c=entry&storeid=21&do=queue&m=weisrc_dish',
    'redirection' => true,
    'source' => 'VIEW',
  ),
)

2017-11-16 12:01:30 response :
------------

2017-11-16 12:02:22 trace :
------------
String:
<xml><ToUserName><![CDATA[gh_fbed32f1f289]]></ToUserName>
<FromUserName><![CDATA[oSRY007ii1nrPRxSCeihLAxANMB8]]></FromUserName>
<CreateTime>1510804942</CreateTime>
<MsgType><![CDATA[event]]></MsgType>
<Event><![CDATA[VIEW]]></Event>
<EventKey><![CDATA[http://www.dianlema.net/app/index.php?i=6&c=entry&storeid=21&do=queue&m=weisrc_dish]]></EventKey>
<MenuId>430755670</MenuId>
</xml>

2017-11-16 12:02:22 params :
------------
String:
array (
  'rule' => -2,
  'module' => '',
  'message' => 
  array (
    'tousername' => 'gh_fbed32f1f289',
    'fromusername' => 'oSRY007ii1nrPRxSCeihLAxANMB8',
    'createtime' => '1510804942',
    'msgtype' => 'event',
    'event' => 'VIEW',
    'eventkey' => 'http://www.dianlema.net/app/index.php?i=6&c=entry&storeid=21&do=queue&m=weisrc_dish',
    'menuid' => '430755670',
    'from' => 'oSRY007ii1nrPRxSCeihLAxANMB8',
    'to' => 'gh_fbed32f1f289',
    'time' => '1510804942',
    'type' => 'text',
    'content' => 'http://www.dianlema.net/app/index.php?i=6&c=entry&storeid=21&do=queue&m=weisrc_dish',
    'redirection' => true,
    'source' => 'VIEW',
  ),
)

2017-11-16 12:02:22 response :
------------

2017-11-16 12:02:31 trace :
------------
String:
<xml><ToUserName><![CDATA[gh_fbed32f1f289]]></ToUserName>
<FromUserName><![CDATA[oSRY007ii1nrPRxSCeihLAxANMB8]]></FromUserName>
<CreateTime>1510804951</CreateTime>
<MsgType><![CDATA[event]]></MsgType>
<Event><![CDATA[TEMPLATESENDJOBFINISH]]></Event>
<MsgID>20345397687975936</MsgID>
<Status><![CDATA[success]]></Status>
</xml>

2017-11-16 12:02:31 params :
------------
String:
array (
  'rule' => -2,
  'module' => '',
  'message' => 
  array (
    'tousername' => 'gh_fbed32f1f289',
    'fromusername' => 'oSRY007ii1nrPRxSCeihLAxANMB8',
    'createtime' => '1510804951',
    'msgtype' => 'event',
    'event' => 'TEMPLATESENDJOBFINISH',
    'msgid' => '20345397687975936',
    'status' => 'success',
    'from' => 'oSRY007ii1nrPRxSCeihLAxANMB8',
    'to' => 'gh_fbed32f1f289',
    'time' => '1510804951',
    'type' => 'event',
  ),
)

2017-11-16 12:02:31 response :
------------

2017-11-16 12:02:31 trace :
------------
String:
<xml><ToUserName><![CDATA[gh_fbed32f1f289]]></ToUserName>
<FromUserName><![CDATA[oSRY0069zmR3bYgg6-YSEbdA-K1E]]></FromUserName>
<CreateTime>1510804951</CreateTime>
<MsgType><![CDATA[event]]></MsgType>
<Event><![CDATA[TEMPLATESENDJOBFINISH]]></Event>
<MsgID>20345404784705536</MsgID>
<Status><![CDATA[success]]></Status>
</xml>

2017-11-16 12:02:31 params :
------------
String:
array (
  'rule' => -2,
  'module' => '',
  'message' => 
  array (
    'tousername' => 'gh_fbed32f1f289',
    'fromusername' => 'oSRY0069zmR3bYgg6-YSEbdA-K1E',
    'createtime' => '1510804951',
    'msgtype' => 'event',
    'event' => 'TEMPLATESENDJOBFINISH',
    'msgid' => '20345404784705536',
    'status' => 'success',
    'from' => 'oSRY0069zmR3bYgg6-YSEbdA-K1E',
    'to' => 'gh_fbed32f1f289',
    'time' => '1510804951',
    'type' => 'event',
  ),
)

2017-11-16 12:02:31 response :
------------

2017-11-16 12:02:32 trace :
------------
String:
<xml><ToUserName><![CDATA[gh_fbed32f1f289]]></ToUserName>
<FromUserName><![CDATA[oSRY007ii1nrPRxSCeihLAxANMB8]]></FromUserName>
<CreateTime>1510804952</CreateTime>
<MsgType><![CDATA[event]]></MsgType>
<Event><![CDATA[TEMPLATESENDJOBFINISH]]></Event>
<MsgID>20345410858090496</MsgID>
<Status><![CDATA[success]]></Status>
</xml>

2017-11-16 12:02:32 params :
------------
String:
array (
  'rule' => -2,
  'module' => '',
  'message' => 
  array (
    'tousername' => 'gh_fbed32f1f289',
    'fromusername' => 'oSRY007ii1nrPRxSCeihLAxANMB8',
    'createtime' => '1510804952',
    'msgtype' => 'event',
    'event' => 'TEMPLATESENDJOBFINISH',
    'msgid' => '20345410858090496',
    'status' => 'success',
    'from' => 'oSRY007ii1nrPRxSCeihLAxANMB8',
    'to' => 'gh_fbed32f1f289',
    'time' => '1510804952',
    'type' => 'event',
  ),
)

2017-11-16 12:02:32 response :
------------

2017-11-16 12:02:32 trace :
------------
String:
<xml><ToUserName><![CDATA[gh_fbed32f1f289]]></ToUserName>
<FromUserName><![CDATA[oSRY007ii1nrPRxSCeihLAxANMB8]]></FromUserName>
<CreateTime>1510804952</CreateTime>
<MsgType><![CDATA[event]]></MsgType>
<Event><![CDATA[TEMPLATESENDJOBFINISH]]></Event>
<MsgID>20345417703194625</MsgID>
<Status><![CDATA[success]]></Status>
</xml>

2017-11-16 12:02:32 params :
------------
String:
array (
  'rule' => -2,
  'module' => '',
  'message' => 
  array (
    'tousername' => 'gh_fbed32f1f289',
    'fromusername' => 'oSRY007ii1nrPRxSCeihLAxANMB8',
    'createtime' => '1510804952',
    'msgtype' => 'event',
    'event' => 'TEMPLATESENDJOBFINISH',
    'msgid' => '20345417703194625',
    'status' => 'success',
    'from' => 'oSRY007ii1nrPRxSCeihLAxANMB8',
    'to' => 'gh_fbed32f1f289',
    'time' => '1510804952',
    'type' => 'event',
  ),
)

2017-11-16 12:02:32 response :
------------

2017-11-16 12:02:32 trace :
------------
String:
<xml><ToUserName><![CDATA[gh_fbed32f1f289]]></ToUserName>
<FromUserName><![CDATA[oSRY00yS5yHUwKxVARp8b_21YceE]]></FromUserName>
<CreateTime>1510804952</CreateTime>
<MsgType><![CDATA[event]]></MsgType>
<Event><![CDATA[TEMPLATESENDJOBFINISH]]></Event>
<MsgID>20345424514711552</MsgID>
<Status><![CDATA[success]]></Status>
</xml>

2017-11-16 12:02:32 params :
------------
String:
array (
  'rule' => -2,
  'module' => '',
  'message' => 
  array (
    'tousername' => 'gh_fbed32f1f289',
    'fromusername' => 'oSRY00yS5yHUwKxVARp8b_21YceE',
    'createtime' => '1510804952',
    'msgtype' => 'event',
    'event' => 'TEMPLATESENDJOBFINISH',
    'msgid' => '20345424514711552',
    'status' => 'success',
    'from' => 'oSRY00yS5yHUwKxVARp8b_21YceE',
    'to' => 'gh_fbed32f1f289',
    'time' => '1510804952',
    'type' => 'event',
  ),
)

2017-11-16 12:02:32 response :
------------

2017-11-16 12:02:37 HjSql :
------------
String:
SHOW COLUMNS FROM `ims_weisrc_dish_ad` [ RunTime:0.000454s ]

2017-11-16 12:02:37 HjSql :
------------
String:
SELECT * FROM `ims_weisrc_dish_ad` WHERE ( `position` = 3 ) AND ( `uniacid` = 6 ) AND ( `starttime` <= 1510804957 ) AND ( `endtime` >= 1510804957 ) AND ( `status` = 1 ) ORDER BY `displayorder` asc  [ RunTime:0.000173s ]

2017-11-16 12:02:39 HjSql :
------------
String:
SHOW COLUMNS FROM `ims_weisrc_dish_ad` [ RunTime:0.000428s ]

2017-11-16 12:02:39 HjSql :
------------
String:
SELECT * FROM `ims_weisrc_dish_ad` WHERE ( `position` = 3 ) AND ( `uniacid` = 6 ) AND ( `starttime` <= 1510804959 ) AND ( `endtime` >= 1510804959 ) AND ( `status` = 1 ) ORDER BY `displayorder` asc  [ RunTime:0.000173s ]

2017-11-16 12:02:46 HjSql :
------------
String:
SHOW COLUMNS FROM `ims_weisrc_dish_ad` [ RunTime:0.000441s ]

2017-11-16 12:02:46 HjSql :
------------
String:
SELECT * FROM `ims_weisrc_dish_ad` WHERE ( `position` = 3 ) AND ( `uniacid` = 6 ) AND ( `starttime` <= 1510804966 ) AND ( `endtime` >= 1510804966 ) AND ( `status` = 1 ) ORDER BY `displayorder` asc  [ RunTime:0.000178s ]

2017-11-16 14:18:02 trace :
------------
String:
<xml><ToUserName><![CDATA[gh_fbed32f1f289]]></ToUserName>
<FromUserName><![CDATA[oSRY007ii1nrPRxSCeihLAxANMB8]]></FromUserName>
<CreateTime>1510813082</CreateTime>
<MsgType><![CDATA[event]]></MsgType>
<Event><![CDATA[VIEW]]></Event>
<EventKey><![CDATA[http://www.dianlema.net/app/index.php?i=6&c=entry&id=21&do=detail&m=weisrc_dish]]></EventKey>
<MenuId>430755670</MenuId>
</xml>

2017-11-16 14:18:02 params :
------------
String:
array (
  'rule' => -2,
  'module' => '',
  'message' => 
  array (
    'tousername' => 'gh_fbed32f1f289',
    'fromusername' => 'oSRY007ii1nrPRxSCeihLAxANMB8',
    'createtime' => '1510813082',
    'msgtype' => 'event',
    'event' => 'VIEW',
    'eventkey' => 'http://www.dianlema.net/app/index.php?i=6&c=entry&id=21&do=detail&m=weisrc_dish',
    'menuid' => '430755670',
    'from' => 'oSRY007ii1nrPRxSCeihLAxANMB8',
    'to' => 'gh_fbed32f1f289',
    'time' => '1510813082',
    'type' => 'text',
    'content' => 'http://www.dianlema.net/app/index.php?i=6&c=entry&id=21&do=detail&m=weisrc_dish',
    'redirection' => true,
    'source' => 'VIEW',
  ),
)

2017-11-16 14:18:02 response :
------------

2017-11-16 14:18:04 HjSql :
------------
String:
SHOW COLUMNS FROM `ims_weisrc_dish_ad` [ RunTime:0.000439s ]

2017-11-16 14:18:04 HjSql :
------------
String:
SELECT * FROM `ims_weisrc_dish_ad` WHERE ( `position` = 3 ) AND ( `uniacid` = 6 ) AND ( `starttime` <= 1510813084 ) AND ( `endtime` >= 1510813084 ) AND ( `status` = 1 ) ORDER BY `displayorder` asc  [ RunTime:0.000168s ]

2017-11-16 14:18:05 HjSql :
------------
String:
SHOW COLUMNS FROM `ims_weisrc_dish_ad` [ RunTime:0.000478s ]

2017-11-16 14:18:05 HjSql :
------------
String:
SELECT * FROM `ims_weisrc_dish_ad` WHERE ( `position` = 3 ) AND ( `uniacid` = 6 ) AND ( `starttime` <= 1510813085 ) AND ( `endtime` >= 1510813085 ) AND ( `status` = 1 ) ORDER BY `displayorder` asc  [ RunTime:0.000184s ]

2017-11-16 14:18:12 trace :
------------
String:
<xml><ToUserName><![CDATA[gh_fbed32f1f289]]></ToUserName>
<FromUserName><![CDATA[oSRY007ii1nrPRxSCeihLAxANMB8]]></FromUserName>
<CreateTime>1510813092</CreateTime>
<MsgType><![CDATA[event]]></MsgType>
<Event><![CDATA[VIEW]]></Event>
<EventKey><![CDATA[http://www.dianlema.net/app/index.php?i=6&c=entry&id=21&do=detail&m=weisrc_dish]]></EventKey>
<MenuId>430755670</MenuId>
</xml>

2017-11-16 14:18:12 params :
------------
String:
array (
  'rule' => -2,
  'module' => '',
  'message' => 
  array (
    'tousername' => 'gh_fbed32f1f289',
    'fromusername' => 'oSRY007ii1nrPRxSCeihLAxANMB8',
    'createtime' => '1510813092',
    'msgtype' => 'event',
    'event' => 'VIEW',
    'eventkey' => 'http://www.dianlema.net/app/index.php?i=6&c=entry&id=21&do=detail&m=weisrc_dish',
    'menuid' => '430755670',
    'from' => 'oSRY007ii1nrPRxSCeihLAxANMB8',
    'to' => 'gh_fbed32f1f289',
    'time' => '1510813092',
    'type' => 'text',
    'content' => 'http://www.dianlema.net/app/index.php?i=6&c=entry&id=21&do=detail&m=weisrc_dish',
    'redirection' => true,
    'source' => 'VIEW',
  ),
)

2017-11-16 14:18:12 response :
------------

2017-11-16 14:18:12 HjSql :
------------
String:
SHOW COLUMNS FROM `ims_weisrc_dish_ad` [ RunTime:0.000467s ]

2017-11-16 14:18:12 HjSql :
------------
String:
SELECT * FROM `ims_weisrc_dish_ad` WHERE ( `position` = 3 ) AND ( `uniacid` = 6 ) AND ( `starttime` <= 1510813092 ) AND ( `endtime` >= 1510813092 ) AND ( `status` = 1 ) ORDER BY `displayorder` asc  [ RunTime:0.000184s ]

2017-11-16 14:18:16 trace :
------------
String:
<xml><ToUserName><![CDATA[gh_fbed32f1f289]]></ToUserName>
<FromUserName><![CDATA[oSRY007ii1nrPRxSCeihLAxANMB8]]></FromUserName>
<CreateTime>1510813096</CreateTime>
<MsgType><![CDATA[event]]></MsgType>
<Event><![CDATA[VIEW]]></Event>
<EventKey><![CDATA[http://www.dianlema.net/app/index.php?i=6&c=entry&id=21&do=detail&m=weisrc_dish]]></EventKey>
<MenuId>430755670</MenuId>
</xml>

2017-11-16 14:18:16 params :
------------
String:
array (
  'rule' => -2,
  'module' => '',
  'message' => 
  array (
    'tousername' => 'gh_fbed32f1f289',
    'fromusername' => 'oSRY007ii1nrPRxSCeihLAxANMB8',
    'createtime' => '1510813096',
    'msgtype' => 'event',
    'event' => 'VIEW',
    'eventkey' => 'http://www.dianlema.net/app/index.php?i=6&c=entry&id=21&do=detail&m=weisrc_dish',
    'menuid' => '430755670',
    'from' => 'oSRY007ii1nrPRxSCeihLAxANMB8',
    'to' => 'gh_fbed32f1f289',
    'time' => '1510813096',
    'type' => 'text',
    'content' => 'http://www.dianlema.net/app/index.php?i=6&c=entry&id=21&do=detail&m=weisrc_dish',
    'redirection' => true,
    'source' => 'VIEW',
  ),
)

2017-11-16 14:18:16 response :
------------

2017-11-16 14:18:16 HjSql :
------------
String:
SHOW COLUMNS FROM `ims_weisrc_dish_ad` [ RunTime:0.000419s ]

2017-11-16 14:18:16 HjSql :
------------
String:
SELECT * FROM `ims_weisrc_dish_ad` WHERE ( `position` = 3 ) AND ( `uniacid` = 6 ) AND ( `starttime` <= 1510813096 ) AND ( `endtime` >= 1510813096 ) AND ( `status` = 1 ) ORDER BY `displayorder` asc  [ RunTime:0.000176s ]

2017-11-16 14:18:20 trace :
------------
String:
<xml><ToUserName><![CDATA[gh_fbed32f1f289]]></ToUserName>
<FromUserName><![CDATA[oSRY007ii1nrPRxSCeihLAxANMB8]]></FromUserName>
<CreateTime>1510813100</CreateTime>
<MsgType><![CDATA[event]]></MsgType>
<Event><![CDATA[VIEW]]></Event>
<EventKey><![CDATA[http://www.dianlema.net/app/index.php?i=6&c=entry&id=21&do=detail&m=weisrc_dish]]></EventKey>
<MenuId>430755670</MenuId>
</xml>

2017-11-16 14:18:20 params :
------------
String:
array (
  'rule' => -2,
  'module' => '',
  'message' => 
  array (
    'tousername' => 'gh_fbed32f1f289',
    'fromusername' => 'oSRY007ii1nrPRxSCeihLAxANMB8',
    'createtime' => '1510813100',
    'msgtype' => 'event',
    'event' => 'VIEW',
    'eventkey' => 'http://www.dianlema.net/app/index.php?i=6&c=entry&id=21&do=detail&m=weisrc_dish',
    'menuid' => '430755670',
    'from' => 'oSRY007ii1nrPRxSCeihLAxANMB8',
    'to' => 'gh_fbed32f1f289',
    'time' => '1510813100',
    'type' => 'text',
    'content' => 'http://www.dianlema.net/app/index.php?i=6&c=entry&id=21&do=detail&m=weisrc_dish',
    'redirection' => true,
    'source' => 'VIEW',
  ),
)

2017-11-16 14:18:20 response :
------------

2017-11-16 14:18:20 HjSql :
------------
String:
SHOW COLUMNS FROM `ims_weisrc_dish_ad` [ RunTime:0.000442s ]

2017-11-16 14:18:20 HjSql :
------------
String:
SELECT * FROM `ims_weisrc_dish_ad` WHERE ( `position` = 3 ) AND ( `uniacid` = 6 ) AND ( `starttime` <= 1510813100 ) AND ( `endtime` >= 1510813100 ) AND ( `status` = 1 ) ORDER BY `displayorder` asc  [ RunTime:0.000183s ]

2017-11-16 14:18:24 trace :
------------
String:
<xml><ToUserName><![CDATA[gh_fbed32f1f289]]></ToUserName>
<FromUserName><![CDATA[oSRY007ii1nrPRxSCeihLAxANMB8]]></FromUserName>
<CreateTime>1510813104</CreateTime>
<MsgType><![CDATA[event]]></MsgType>
<Event><![CDATA[VIEW]]></Event>
<EventKey><![CDATA[http://www.dianlema.net/app/index.php?i=6&c=entry&id=21&do=detail&m=weisrc_dish]]></EventKey>
<MenuId>430755670</MenuId>
</xml>

2017-11-16 14:18:24 params :
------------
String:
array (
  'rule' => -2,
  'module' => '',
  'message' => 
  array (
    'tousername' => 'gh_fbed32f1f289',
    'fromusername' => 'oSRY007ii1nrPRxSCeihLAxANMB8',
    'createtime' => '1510813104',
    'msgtype' => 'event',
    'event' => 'VIEW',
    'eventkey' => 'http://www.dianlema.net/app/index.php?i=6&c=entry&id=21&do=detail&m=weisrc_dish',
    'menuid' => '430755670',
    'from' => 'oSRY007ii1nrPRxSCeihLAxANMB8',
    'to' => 'gh_fbed32f1f289',
    'time' => '1510813104',
    'type' => 'text',
    'content' => 'http://www.dianlema.net/app/index.php?i=6&c=entry&id=21&do=detail&m=weisrc_dish',
    'redirection' => true,
    'source' => 'VIEW',
  ),
)

2017-11-16 14:18:24 response :
------------

2017-11-16 14:18:24 HjSql :
------------
String:
SHOW COLUMNS FROM `ims_weisrc_dish_ad` [ RunTime:0.000427s ]

2017-11-16 14:18:24 HjSql :
------------
String:
SELECT * FROM `ims_weisrc_dish_ad` WHERE ( `position` = 3 ) AND ( `uniacid` = 6 ) AND ( `starttime` <= 1510813104 ) AND ( `endtime` >= 1510813104 ) AND ( `status` = 1 ) ORDER BY `displayorder` asc  [ RunTime:0.000195s ]

2017-11-16 14:19:58 trace :
------------
String:
<xml><ToUserName><![CDATA[gh_fbed32f1f289]]></ToUserName>
<FromUserName><![CDATA[oSRY007ii1nrPRxSCeihLAxANMB8]]></FromUserName>
<CreateTime>1510813198</CreateTime>
<MsgType><![CDATA[event]]></MsgType>
<Event><![CDATA[VIEW]]></Event>
<EventKey><![CDATA[http://www.dianlema.net/app/index.php?i=6&c=entry&id=21&do=detail&m=weisrc_dish]]></EventKey>
<MenuId>430755670</MenuId>
</xml>

2017-11-16 14:19:58 params :
------------
String:
array (
  'rule' => -2,
  'module' => '',
  'message' => 
  array (
    'tousername' => 'gh_fbed32f1f289',
    'fromusername' => 'oSRY007ii1nrPRxSCeihLAxANMB8',
    'createtime' => '1510813198',
    'msgtype' => 'event',
    'event' => 'VIEW',
    'eventkey' => 'http://www.dianlema.net/app/index.php?i=6&c=entry&id=21&do=detail&m=weisrc_dish',
    'menuid' => '430755670',
    'from' => 'oSRY007ii1nrPRxSCeihLAxANMB8',
    'to' => 'gh_fbed32f1f289',
    'time' => '1510813198',
    'type' => 'text',
    'content' => 'http://www.dianlema.net/app/index.php?i=6&c=entry&id=21&do=detail&m=weisrc_dish',
    'redirection' => true,
    'source' => 'VIEW',
  ),
)

2017-11-16 14:19:58 response :
------------

2017-11-16 14:19:59 HjSql :
------------
String:
SHOW COLUMNS FROM `ims_weisrc_dish_ad` [ RunTime:0.000437s ]

2017-11-16 14:19:59 HjSql :
------------
String:
SELECT * FROM `ims_weisrc_dish_ad` WHERE ( `position` = 3 ) AND ( `uniacid` = 6 ) AND ( `starttime` <= 1510813199 ) AND ( `endtime` >= 1510813199 ) AND ( `status` = 1 ) ORDER BY `displayorder` asc  [ RunTime:0.000165s ]

2017-11-16 14:20:47 trace :
------------
String:
<xml><ToUserName><![CDATA[gh_fbed32f1f289]]></ToUserName>
<FromUserName><![CDATA[oSRY007ii1nrPRxSCeihLAxANMB8]]></FromUserName>
<CreateTime>1510813247</CreateTime>
<MsgType><![CDATA[event]]></MsgType>
<Event><![CDATA[VIEW]]></Event>
<EventKey><![CDATA[http://www.dianlema.net/app/index.php?i=6&c=entry&id=21&do=detail&m=weisrc_dish]]></EventKey>
<MenuId>430755670</MenuId>
</xml>

2017-11-16 14:20:47 params :
------------
String:
array (
  'rule' => -2,
  'module' => '',
  'message' => 
  array (
    'tousername' => 'gh_fbed32f1f289',
    'fromusername' => 'oSRY007ii1nrPRxSCeihLAxANMB8',
    'createtime' => '1510813247',
    'msgtype' => 'event',
    'event' => 'VIEW',
    'eventkey' => 'http://www.dianlema.net/app/index.php?i=6&c=entry&id=21&do=detail&m=weisrc_dish',
    'menuid' => '430755670',
    'from' => 'oSRY007ii1nrPRxSCeihLAxANMB8',
    'to' => 'gh_fbed32f1f289',
    'time' => '1510813247',
    'type' => 'text',
    'content' => 'http://www.dianlema.net/app/index.php?i=6&c=entry&id=21&do=detail&m=weisrc_dish',
    'redirection' => true,
    'source' => 'VIEW',
  ),
)

2017-11-16 14:20:47 response :
------------

2017-11-16 14:20:47 HjSql :
------------
String:
SHOW COLUMNS FROM `ims_weisrc_dish_ad` [ RunTime:0.000427s ]

2017-11-16 14:20:47 HjSql :
------------
String:
SELECT * FROM `ims_weisrc_dish_ad` WHERE ( `position` = 3 ) AND ( `uniacid` = 6 ) AND ( `starttime` <= 1510813247 ) AND ( `endtime` >= 1510813247 ) AND ( `status` = 1 ) ORDER BY `displayorder` asc  [ RunTime:0.000169s ]

2017-11-16 14:22:40 trace :
------------
String:
<xml><ToUserName><![CDATA[gh_fbed32f1f289]]></ToUserName>
<FromUserName><![CDATA[oSRY007ii1nrPRxSCeihLAxANMB8]]></FromUserName>
<CreateTime>1510813360</CreateTime>
<MsgType><![CDATA[event]]></MsgType>
<Event><![CDATA[VIEW]]></Event>
<EventKey><![CDATA[http://www.dianlema.net/app/index.php?i=6&c=entry&do=mycoupon&m=weisrc_dish]]></EventKey>
<MenuId>430755670</MenuId>
</xml>

2017-11-16 14:22:40 params :
------------
String:
array (
  'rule' => -2,
  'module' => '',
  'message' => 
  array (
    'tousername' => 'gh_fbed32f1f289',
    'fromusername' => 'oSRY007ii1nrPRxSCeihLAxANMB8',
    'createtime' => '1510813360',
    'msgtype' => 'event',
    'event' => 'VIEW',
    'eventkey' => 'http://www.dianlema.net/app/index.php?i=6&c=entry&do=mycoupon&m=weisrc_dish',
    'menuid' => '430755670',
    'from' => 'oSRY007ii1nrPRxSCeihLAxANMB8',
    'to' => 'gh_fbed32f1f289',
    'time' => '1510813360',
    'type' => 'text',
    'content' => 'http://www.dianlema.net/app/index.php?i=6&c=entry&do=mycoupon&m=weisrc_dish',
    'redirection' => true,
    'source' => 'VIEW',
  ),
)

2017-11-16 14:22:40 response :
------------

2017-11-16 14:57:31 trace :
------------
String:
<xml><ToUserName><![CDATA[gh_fbed32f1f289]]></ToUserName>
<FromUserName><![CDATA[oSRY007ii1nrPRxSCeihLAxANMB8]]></FromUserName>
<CreateTime>1510815451</CreateTime>
<MsgType><![CDATA[event]]></MsgType>
<Event><![CDATA[VIEW]]></Event>
<EventKey><![CDATA[http://www.dianlema.net/app/index.php?i=6&c=entry&id=21&do=detail&m=weisrc_dish]]></EventKey>
<MenuId>430755670</MenuId>
</xml>

2017-11-16 14:57:31 params :
------------
String:
array (
  'rule' => -2,
  'module' => '',
  'message' => 
  array (
    'tousername' => 'gh_fbed32f1f289',
    'fromusername' => 'oSRY007ii1nrPRxSCeihLAxANMB8',
    'createtime' => '1510815451',
    'msgtype' => 'event',
    'event' => 'VIEW',
    'eventkey' => 'http://www.dianlema.net/app/index.php?i=6&c=entry&id=21&do=detail&m=weisrc_dish',
    'menuid' => '430755670',
    'from' => 'oSRY007ii1nrPRxSCeihLAxANMB8',
    'to' => 'gh_fbed32f1f289',
    'time' => '1510815451',
    'type' => 'text',
    'content' => 'http://www.dianlema.net/app/index.php?i=6&c=entry&id=21&do=detail&m=weisrc_dish',
    'redirection' => true,
    'source' => 'VIEW',
  ),
)

2017-11-16 14:57:31 response :
------------

2017-11-16 14:57:31 HjSql :
------------
String:
SHOW COLUMNS FROM `ims_weisrc_dish_ad` [ RunTime:0.000476s ]

2017-11-16 14:57:31 HjSql :
------------
String:
SELECT * FROM `ims_weisrc_dish_ad` WHERE ( `position` = 3 ) AND ( `uniacid` = 6 ) AND ( `starttime` <= 1510815451 ) AND ( `endtime` >= 1510815451 ) AND ( `status` = 1 ) ORDER BY `displayorder` asc  [ RunTime:0.000181s ]

2017-11-16 14:58:59 HjSql :
------------
String:
SHOW COLUMNS FROM `ims_users_group_vipprice` [ RunTime:0.000415s ]

2017-11-16 14:58:59 HjSql :
------------
String:
SELECT * FROM `ims_users_group_vipprice` WHERE ( `ugid` = 1 ) AND ( `status` = 1 ) ORDER BY `orderby` asc  [ RunTime:0.000234s ]

2017-11-16 14:59:21 HjSql :
------------
String:
SHOW COLUMNS FROM `ims_users_group_vipprice` [ RunTime:0.000430s ]

2017-11-16 14:59:21 HjSql :
------------
String:
SELECT * FROM `ims_users_group_vipprice` WHERE ( `ugid` = 1 ) AND ( `status` = 1 ) ORDER BY `orderby` asc  [ RunTime:0.000195s ]

2017-11-16 15:01:18 HjSql :
------------
String:
SHOW COLUMNS FROM `ims_users_group_vipprice` [ RunTime:0.000450s ]

2017-11-16 15:01:18 HjSql :
------------
String:
SELECT * FROM `ims_users_group_vipprice` WHERE ( `ugid` = 1 ) AND ( `status` = 1 ) ORDER BY `orderby` asc  [ RunTime:0.000206s ]

2017-11-16 15:01:24 HjSql :
------------
String:
SHOW COLUMNS FROM `ims_users_group_vipprice` [ RunTime:0.000411s ]

2017-11-16 15:01:24 HjSql :
------------
String:
SELECT * FROM `ims_users_group_vipprice` WHERE ( `ugid` = 1 ) AND ( `status` = 1 ) ORDER BY `orderby` asc  [ RunTime:0.000197s ]

2017-11-16 15:01:39 HjSql :
------------
String:
SHOW COLUMNS FROM `ims_users_group_vipprice` [ RunTime:0.000421s ]

2017-11-16 15:01:39 HjSql :
------------
String:
SELECT * FROM `ims_users_group_vipprice` WHERE ( `ugid` = 1 ) AND ( `status` = 1 ) ORDER BY `orderby` asc  [ RunTime:0.000193s ]

2017-11-16 15:02:16 HjSql :
------------
String:
SHOW COLUMNS FROM `ims_users_group_vipprice` [ RunTime:0.000439s ]

2017-11-16 15:02:16 HjSql :
------------
String:
SELECT * FROM `ims_users_group_vipprice` ORDER BY `orderby` asc  [ RunTime:0.000192s ]

2017-11-16 15:02:16 HjSql :
------------
String:
SHOW COLUMNS FROM `ims_users_group` [ RunTime:0.000362s ]

2017-11-16 15:02:16 HjSql :
------------
String:
SELECT * FROM `ims_users_group`  [ RunTime:0.000128s ]

2017-11-16 15:02:18 HjSql :
------------
String:
SHOW COLUMNS FROM `ims_users_group_vipprice` [ RunTime:0.000422s ]

2017-11-16 15:02:18 HjSql :
------------
String:
SELECT * FROM `ims_users_group_vipprice` ORDER BY `orderby` asc  [ RunTime:0.000185s ]

2017-11-16 15:02:18 HjSql :
------------
String:
SHOW COLUMNS FROM `ims_users_group` [ RunTime:0.000361s ]

2017-11-16 15:02:18 HjSql :
------------
String:
SELECT * FROM `ims_users_group`  [ RunTime:0.000126s ]

2017-11-16 15:05:42 trace :
------------
String:
<xml><ToUserName><![CDATA[gh_fbed32f1f289]]></ToUserName>
<FromUserName><![CDATA[oSRY007ii1nrPRxSCeihLAxANMB8]]></FromUserName>
<CreateTime>1510815942</CreateTime>
<MsgType><![CDATA[event]]></MsgType>
<Event><![CDATA[VIEW]]></Event>
<EventKey><![CDATA[http://www.dianlema.net/app/index.php?i=6&c=entry&id=21&do=detail&m=weisrc_dish]]></EventKey>
<MenuId>430755670</MenuId>
</xml>

2017-11-16 15:05:42 params :
------------
String:
array (
  'rule' => -2,
  'module' => '',
  'message' => 
  array (
    'tousername' => 'gh_fbed32f1f289',
    'fromusername' => 'oSRY007ii1nrPRxSCeihLAxANMB8',
    'createtime' => '1510815942',
    'msgtype' => 'event',
    'event' => 'VIEW',
    'eventkey' => 'http://www.dianlema.net/app/index.php?i=6&c=entry&id=21&do=detail&m=weisrc_dish',
    'menuid' => '430755670',
    'from' => 'oSRY007ii1nrPRxSCeihLAxANMB8',
    'to' => 'gh_fbed32f1f289',
    'time' => '1510815942',
    'type' => 'text',
    'content' => 'http://www.dianlema.net/app/index.php?i=6&c=entry&id=21&do=detail&m=weisrc_dish',
    'redirection' => true,
    'source' => 'VIEW',
  ),
)

2017-11-16 15:05:42 response :
------------

2017-11-16 15:05:43 HjSql :
------------
String:
SHOW COLUMNS FROM `ims_weisrc_dish_ad` [ RunTime:0.000469s ]

2017-11-16 15:05:43 HjSql :
------------
String:
SELECT * FROM `ims_weisrc_dish_ad` WHERE ( `position` = 3 ) AND ( `uniacid` = 6 ) AND ( `starttime` <= 1510815943 ) AND ( `endtime` >= 1510815943 ) AND ( `status` = 1 ) ORDER BY `displayorder` asc  [ RunTime:0.000172s ]

2017-11-16 15:06:02 trace :
------------
String:
<xml><ToUserName><![CDATA[gh_fbed32f1f289]]></ToUserName>
<FromUserName><![CDATA[oSRY007ii1nrPRxSCeihLAxANMB8]]></FromUserName>
<CreateTime>1510815962</CreateTime>
<MsgType><![CDATA[event]]></MsgType>
<Event><![CDATA[VIEW]]></Event>
<EventKey><![CDATA[http://www.dianlema.net/app/index.php?i=6&c=entry&id=21&do=detail&m=weisrc_dish]]></EventKey>
<MenuId>430755670</MenuId>
</xml>

2017-11-16 15:06:02 params :
------------
String:
array (
  'rule' => -2,
  'module' => '',
  'message' => 
  array (
    'tousername' => 'gh_fbed32f1f289',
    'fromusername' => 'oSRY007ii1nrPRxSCeihLAxANMB8',
    'createtime' => '1510815962',
    'msgtype' => 'event',
    'event' => 'VIEW',
    'eventkey' => 'http://www.dianlema.net/app/index.php?i=6&c=entry&id=21&do=detail&m=weisrc_dish',
    'menuid' => '430755670',
    'from' => 'oSRY007ii1nrPRxSCeihLAxANMB8',
    'to' => 'gh_fbed32f1f289',
    'time' => '1510815962',
    'type' => 'text',
    'content' => 'http://www.dianlema.net/app/index.php?i=6&c=entry&id=21&do=detail&m=weisrc_dish',
    'redirection' => true,
    'source' => 'VIEW',
  ),
)

2017-11-16 15:06:02 response :
------------

2017-11-16 15:06:02 HjSql :
------------
String:
SHOW COLUMNS FROM `ims_weisrc_dish_ad` [ RunTime:0.000462s ]

2017-11-16 15:06:02 HjSql :
------------
String:
SELECT * FROM `ims_weisrc_dish_ad` WHERE ( `position` = 3 ) AND ( `uniacid` = 6 ) AND ( `starttime` <= 1510815962 ) AND ( `endtime` >= 1510815962 ) AND ( `status` = 1 ) ORDER BY `displayorder` asc  [ RunTime:0.000179s ]

2017-11-16 15:13:56 trace :
------------
String:
<xml><ToUserName><![CDATA[gh_fbed32f1f289]]></ToUserName>
<FromUserName><![CDATA[oSRY007ii1nrPRxSCeihLAxANMB8]]></FromUserName>
<CreateTime>1510816436</CreateTime>
<MsgType><![CDATA[event]]></MsgType>
<Event><![CDATA[VIEW]]></Event>
<EventKey><![CDATA[http://www.dianlema.net/app/index.php?i=6&c=entry&id=21&do=detail&m=weisrc_dish]]></EventKey>
<MenuId>430755670</MenuId>
</xml>

2017-11-16 15:13:56 params :
------------
String:
array (
  'rule' => -2,
  'module' => '',
  'message' => 
  array (
    'tousername' => 'gh_fbed32f1f289',
    'fromusername' => 'oSRY007ii1nrPRxSCeihLAxANMB8',
    'createtime' => '1510816436',
    'msgtype' => 'event',
    'event' => 'VIEW',
    'eventkey' => 'http://www.dianlema.net/app/index.php?i=6&c=entry&id=21&do=detail&m=weisrc_dish',
    'menuid' => '430755670',
    'from' => 'oSRY007ii1nrPRxSCeihLAxANMB8',
    'to' => 'gh_fbed32f1f289',
    'time' => '1510816436',
    'type' => 'text',
    'content' => 'http://www.dianlema.net/app/index.php?i=6&c=entry&id=21&do=detail&m=weisrc_dish',
    'redirection' => true,
    'source' => 'VIEW',
  ),
)

2017-11-16 15:13:56 response :
------------

2017-11-16 15:13:56 HjSql :
------------
String:
SHOW COLUMNS FROM `ims_weisrc_dish_ad` [ RunTime:0.000474s ]

2017-11-16 15:13:56 HjSql :
------------
String:
SELECT * FROM `ims_weisrc_dish_ad` WHERE ( `position` = 3 ) AND ( `uniacid` = 6 ) AND ( `starttime` <= 1510816436 ) AND ( `endtime` >= 1510816436 ) AND ( `status` = 1 ) ORDER BY `displayorder` asc  [ RunTime:0.000177s ]

2017-11-16 15:25:13 HjSql :
------------
String:
SHOW COLUMNS FROM `ims_users_group_vipprice` [ RunTime:0.000427s ]

2017-11-16 15:25:13 HjSql :
------------
String:
SELECT * FROM `ims_users_group_vipprice` WHERE ( `ugid` = 1 ) AND ( `status` = 1 ) ORDER BY `orderby` asc  [ RunTime:0.000199s ]

2017-11-16 15:25:25 trace :
------------
String:
<xml><ToUserName><![CDATA[gh_fbed32f1f289]]></ToUserName>
<FromUserName><![CDATA[oSRY0009p7BYSw0LnJpUxWbD2924]]></FromUserName>
<CreateTime>1510817125</CreateTime>
<MsgType><![CDATA[event]]></MsgType>
<Event><![CDATA[VIEW]]></Event>
<EventKey><![CDATA[http://www.dianlema.net/app/index.php?i=6&c=entry&id=21&do=detail&m=weisrc_dish]]></EventKey>
<MenuId>430755670</MenuId>
</xml>

2017-11-16 15:25:25 params :
------------
String:
array (
  'rule' => -2,
  'module' => '',
  'message' => 
  array (
    'tousername' => 'gh_fbed32f1f289',
    'fromusername' => 'oSRY0009p7BYSw0LnJpUxWbD2924',
    'createtime' => '1510817125',
    'msgtype' => 'event',
    'event' => 'VIEW',
    'eventkey' => 'http://www.dianlema.net/app/index.php?i=6&c=entry&id=21&do=detail&m=weisrc_dish',
    'menuid' => '430755670',
    'from' => 'oSRY0009p7BYSw0LnJpUxWbD2924',
    'to' => 'gh_fbed32f1f289',
    'time' => '1510817125',
    'type' => 'text',
    'content' => 'http://www.dianlema.net/app/index.php?i=6&c=entry&id=21&do=detail&m=weisrc_dish',
    'redirection' => true,
    'source' => 'VIEW',
  ),
)

2017-11-16 15:25:25 response :
------------

2017-11-16 15:25:27 HjSql :
------------
String:
SHOW COLUMNS FROM `ims_weisrc_dish_ad` [ RunTime:0.000467s ]

2017-11-16 15:25:27 HjSql :
------------
String:
SELECT * FROM `ims_weisrc_dish_ad` WHERE ( `position` = 3 ) AND ( `uniacid` = 6 ) AND ( `starttime` <= 1510817127 ) AND ( `endtime` >= 1510817127 ) AND ( `status` = 1 ) ORDER BY `displayorder` asc  [ RunTime:0.000185s ]

2017-11-16 15:25:28 HjSql :
------------
String:
SHOW COLUMNS FROM `ims_weisrc_dish_ad` [ RunTime:0.000454s ]

2017-11-16 15:25:28 HjSql :
------------
String:
SELECT * FROM `ims_weisrc_dish_ad` WHERE ( `position` = 3 ) AND ( `uniacid` = 6 ) AND ( `starttime` <= 1510817128 ) AND ( `endtime` >= 1510817128 ) AND ( `status` = 1 ) ORDER BY `displayorder` asc  [ RunTime:0.000180s ]

2017-11-16 15:25:48 HjSql :
------------
String:
SHOW COLUMNS FROM `ims_users_group_vipprice` [ RunTime:0.000460s ]

2017-11-16 15:25:48 HjSql :
------------
String:
SELECT * FROM `ims_users_group_vipprice` ORDER BY `orderby` asc  [ RunTime:0.001134s ]

2017-11-16 15:25:48 HjSql :
------------
String:
SHOW COLUMNS FROM `ims_users_group` [ RunTime:0.000428s ]

2017-11-16 15:25:48 HjSql :
------------
String:
SELECT * FROM `ims_users_group`  [ RunTime:0.000131s ]

2017-11-16 15:26:02 HjSql :
------------
String:
SHOW COLUMNS FROM `ims_users_group_vipprice` [ RunTime:0.000462s ]

2017-11-16 15:26:02 HjSql :
------------
String:
SELECT * FROM `ims_users_group_vipprice` ORDER BY `orderby` asc  [ RunTime:0.000188s ]

2017-11-16 15:26:02 HjSql :
------------
String:
SHOW COLUMNS FROM `ims_users_group` [ RunTime:0.000363s ]

2017-11-16 15:26:02 HjSql :
------------
String:
SELECT * FROM `ims_users_group`  [ RunTime:0.000128s ]

2017-11-16 15:26:12 HjSql :
------------
String:
SHOW COLUMNS FROM `ims_users_group_vipprice` [ RunTime:0.000434s ]

2017-11-16 15:26:12 HjSql :
------------
String:
SELECT * FROM `ims_users_group_vipprice` ORDER BY `orderby` asc  [ RunTime:0.000193s ]

2017-11-16 15:26:12 HjSql :
------------
String:
SHOW COLUMNS FROM `ims_users_group` [ RunTime:0.000321s ]

2017-11-16 15:26:12 HjSql :
------------
String:
SELECT * FROM `ims_users_group`  [ RunTime:0.000135s ]

2017-11-16 15:26:22 HjSql :
------------
String:
SHOW COLUMNS FROM `ims_users_group_vipprice` [ RunTime:0.000427s ]

2017-11-16 15:26:22 HjSql :
------------
String:
SELECT * FROM `ims_users_group_vipprice` ORDER BY `orderby` asc  [ RunTime:0.000186s ]

2017-11-16 15:26:22 HjSql :
------------
String:
SHOW COLUMNS FROM `ims_users_group` [ RunTime:0.000341s ]

2017-11-16 15:26:22 HjSql :
------------
String:
SELECT * FROM `ims_users_group`  [ RunTime:0.000125s ]

2017-11-16 15:27:39 HjSql :
------------
String:
SHOW COLUMNS FROM `ims_weisrc_dish_ad` [ RunTime:0.000441s ]

2017-11-16 15:27:39 HjSql :
------------
String:
SELECT * FROM `ims_weisrc_dish_ad` WHERE ( `position` = 3 ) AND ( `uniacid` = 6 ) AND ( `starttime` <= 1510817259 ) AND ( `endtime` >= 1510817259 ) AND ( `status` = 1 ) ORDER BY `displayorder` asc  [ RunTime:0.000182s ]

2017-11-16 15:27:46 HjSql :
------------
String:
SHOW COLUMNS FROM `ims_weisrc_dish_ad` [ RunTime:0.000453s ]

2017-11-16 15:27:46 HjSql :
------------
String:
SELECT * FROM `ims_weisrc_dish_ad` WHERE ( `position` = 3 ) AND ( `uniacid` = 6 ) AND ( `starttime` <= 1510817266 ) AND ( `endtime` >= 1510817266 ) AND ( `status` = 1 ) ORDER BY `displayorder` asc  [ RunTime:0.000174s ]

2017-11-16 15:27:54 trace :
------------
String:
<xml><ToUserName><![CDATA[gh_fbed32f1f289]]></ToUserName>
<FromUserName><![CDATA[oSRY0009p7BYSw0LnJpUxWbD2924]]></FromUserName>
<CreateTime>1510817273</CreateTime>
<MsgType><![CDATA[event]]></MsgType>
<Event><![CDATA[VIEW]]></Event>
<EventKey><![CDATA[http://www.dianlema.net/app/index.php?i=6&c=entry&storeid=21&do=waplist&m=weisrc_dish&mode=2]]></EventKey>
<MenuId>430755670</MenuId>
</xml>

2017-11-16 15:27:54 params :
------------
String:
array (
  'rule' => -2,
  'module' => '',
  'message' => 
  array (
    'tousername' => 'gh_fbed32f1f289',
    'fromusername' => 'oSRY0009p7BYSw0LnJpUxWbD2924',
    'createtime' => '1510817273',
    'msgtype' => 'event',
    'event' => 'VIEW',
    'eventkey' => 'http://www.dianlema.net/app/index.php?i=6&c=entry&storeid=21&do=waplist&m=weisrc_dish&mode=2',
    'menuid' => '430755670',
    'from' => 'oSRY0009p7BYSw0LnJpUxWbD2924',
    'to' => 'gh_fbed32f1f289',
    'time' => '1510817273',
    'type' => 'text',
    'content' => 'http://www.dianlema.net/app/index.php?i=6&c=entry&storeid=21&do=waplist&m=weisrc_dish&mode=2',
    'redirection' => true,
    'source' => 'VIEW',
  ),
)

2017-11-16 15:27:54 response :
------------

2017-11-16 15:27:54 HjSql :
------------
String:
SHOW COLUMNS FROM `ims_weisrc_dish_ad` [ RunTime:0.000436s ]

2017-11-16 15:27:54 HjSql :
------------
String:
SELECT * FROM `ims_weisrc_dish_ad` WHERE ( `position` = 3 ) AND ( `uniacid` = 6 ) AND ( `starttime` <= 1510817274 ) AND ( `endtime` >= 1510817274 ) AND ( `status` = 1 ) ORDER BY `displayorder` asc  [ RunTime:0.000178s ]

2017-11-16 15:27:56 trace :
------------
String:
<xml><ToUserName><![CDATA[gh_fbed32f1f289]]></ToUserName>
<FromUserName><![CDATA[oSRY0002JvnXBtEpaAY6FbFSnWQY]]></FromUserName>
<CreateTime>1510817276</CreateTime>
<MsgType><![CDATA[event]]></MsgType>
<Event><![CDATA[VIEW]]></Event>
<EventKey><![CDATA[http://www.dianlema.net/app/index.php?i=6&c=entry&storeid=21&do=waplist&m=weisrc_dish&mode=2]]></EventKey>
<MenuId>430755670</MenuId>
</xml>

2017-11-16 15:27:56 params :
------------
String:
array (
  'rule' => -2,
  'module' => '',
  'message' => 
  array (
    'tousername' => 'gh_fbed32f1f289',
    'fromusername' => 'oSRY0002JvnXBtEpaAY6FbFSnWQY',
    'createtime' => '1510817276',
    'msgtype' => 'event',
    'event' => 'VIEW',
    'eventkey' => 'http://www.dianlema.net/app/index.php?i=6&c=entry&storeid=21&do=waplist&m=weisrc_dish&mode=2',
    'menuid' => '430755670',
    'from' => 'oSRY0002JvnXBtEpaAY6FbFSnWQY',
    'to' => 'gh_fbed32f1f289',
    'time' => '1510817276',
    'type' => 'text',
    'content' => 'http://www.dianlema.net/app/index.php?i=6&c=entry&storeid=21&do=waplist&m=weisrc_dish&mode=2',
    'redirection' => true,
    'source' => 'VIEW',
  ),
)

2017-11-16 15:27:56 response :
------------

2017-11-16 15:28:04 HjSql :
------------
String:
SHOW COLUMNS FROM `ims_weisrc_dish_ad` [ RunTime:0.000450s ]

2017-11-16 15:28:04 HjSql :
------------
String:
SELECT * FROM `ims_weisrc_dish_ad` WHERE ( `position` = 3 ) AND ( `uniacid` = 6 ) AND ( `starttime` <= 1510817284 ) AND ( `endtime` >= 1510817284 ) AND ( `status` = 1 ) ORDER BY `displayorder` asc  [ RunTime:0.000200s ]

2017-11-16 15:28:05 trace :
------------
String:
<xml><ToUserName><![CDATA[gh_fbed32f1f289]]></ToUserName>
<FromUserName><![CDATA[oSRY0002JvnXBtEpaAY6FbFSnWQY]]></FromUserName>
<CreateTime>1510817285</CreateTime>
<MsgType><![CDATA[event]]></MsgType>
<Event><![CDATA[VIEW]]></Event>
<EventKey><![CDATA[http://www.dianlema.net/app/index.php?i=6&c=entry&id=21&do=detail&m=weisrc_dish]]></EventKey>
<MenuId>430755670</MenuId>
</xml>

2017-11-16 15:28:05 params :
------------
String:
array (
  'rule' => -2,
  'module' => '',
  'message' => 
  array (
    'tousername' => 'gh_fbed32f1f289',
    'fromusername' => 'oSRY0002JvnXBtEpaAY6FbFSnWQY',
    'createtime' => '1510817285',
    'msgtype' => 'event',
    'event' => 'VIEW',
    'eventkey' => 'http://www.dianlema.net/app/index.php?i=6&c=entry&id=21&do=detail&m=weisrc_dish',
    'menuid' => '430755670',
    'from' => 'oSRY0002JvnXBtEpaAY6FbFSnWQY',
    'to' => 'gh_fbed32f1f289',
    'time' => '1510817285',
    'type' => 'text',
    'content' => 'http://www.dianlema.net/app/index.php?i=6&c=entry&id=21&do=detail&m=weisrc_dish',
    'redirection' => true,
    'source' => 'VIEW',
  ),
)

2017-11-16 15:28:05 response :
------------

2017-11-16 15:28:05 HjSql :
------------
String:
SHOW COLUMNS FROM `ims_weisrc_dish_ad` [ RunTime:0.000404s ]

2017-11-16 15:28:05 HjSql :
------------
String:
SELECT * FROM `ims_weisrc_dish_ad` WHERE ( `position` = 3 ) AND ( `uniacid` = 6 ) AND ( `starttime` <= 1510817285 ) AND ( `endtime` >= 1510817285 ) AND ( `status` = 1 ) ORDER BY `displayorder` asc  [ RunTime:0.000168s ]

2017-11-16 15:28:10 HjSql :
------------
String:
SHOW COLUMNS FROM `ims_weisrc_dish_ad` [ RunTime:0.000479s ]

2017-11-16 15:28:10 HjSql :
------------
String:
SELECT * FROM `ims_weisrc_dish_ad` WHERE ( `position` = 3 ) AND ( `uniacid` = 6 ) AND ( `starttime` <= 1510817290 ) AND ( `endtime` >= 1510817290 ) AND ( `status` = 1 ) ORDER BY `displayorder` asc  [ RunTime:0.000191s ]

2017-11-16 15:28:31 trace :
------------
String:
<xml><ToUserName><![CDATA[gh_fbed32f1f289]]></ToUserName>
<FromUserName><![CDATA[oSRY0002JvnXBtEpaAY6FbFSnWQY]]></FromUserName>
<CreateTime>1510817311</CreateTime>
<MsgType><![CDATA[event]]></MsgType>
<Event><![CDATA[VIEW]]></Event>
<EventKey><![CDATA[http://www.dianlema.net/app/index.php?i=6&c=entry&storeid=21&do=waplist&m=weisrc_dish&mode=2]]></EventKey>
<MenuId>430755670</MenuId>
</xml>

2017-11-16 15:28:31 params :
------------
String:
array (
  'rule' => -2,
  'module' => '',
  'message' => 
  array (
    'tousername' => 'gh_fbed32f1f289',
    'fromusername' => 'oSRY0002JvnXBtEpaAY6FbFSnWQY',
    'createtime' => '1510817311',
    'msgtype' => 'event',
    'event' => 'VIEW',
    'eventkey' => 'http://www.dianlema.net/app/index.php?i=6&c=entry&storeid=21&do=waplist&m=weisrc_dish&mode=2',
    'menuid' => '430755670',
    'from' => 'oSRY0002JvnXBtEpaAY6FbFSnWQY',
    'to' => 'gh_fbed32f1f289',
    'time' => '1510817311',
    'type' => 'text',
    'content' => 'http://www.dianlema.net/app/index.php?i=6&c=entry&storeid=21&do=waplist&m=weisrc_dish&mode=2',
    'redirection' => true,
    'source' => 'VIEW',
  ),
)

2017-11-16 15:28:31 response :
------------

2017-11-16 15:28:31 HjSql :
------------
String:
SHOW COLUMNS FROM `ims_weisrc_dish_ad` [ RunTime:0.000453s ]

2017-11-16 15:28:31 HjSql :
------------
String:
SELECT * FROM `ims_weisrc_dish_ad` WHERE ( `position` = 3 ) AND ( `uniacid` = 6 ) AND ( `starttime` <= 1510817311 ) AND ( `endtime` >= 1510817311 ) AND ( `status` = 1 ) ORDER BY `displayorder` asc  [ RunTime:0.000172s ]

2017-11-16 15:29:01 trace :
------------
String:
<xml><ToUserName><![CDATA[gh_fbed32f1f289]]></ToUserName>
<FromUserName><![CDATA[oSRY0002JvnXBtEpaAY6FbFSnWQY]]></FromUserName>
<CreateTime>1510817341</CreateTime>
<MsgType><![CDATA[event]]></MsgType>
<Event><![CDATA[VIEW]]></Event>
<EventKey><![CDATA[http://www.dianlema.net/app/index.php?i=6&c=entry&do=mycoupon&m=weisrc_dish]]></EventKey>
<MenuId>430755670</MenuId>
</xml>

2017-11-16 15:29:01 params :
------------
String:
array (
  'rule' => -2,
  'module' => '',
  'message' => 
  array (
    'tousername' => 'gh_fbed32f1f289',
    'fromusername' => 'oSRY0002JvnXBtEpaAY6FbFSnWQY',
    'createtime' => '1510817341',
    'msgtype' => 'event',
    'event' => 'VIEW',
    'eventkey' => 'http://www.dianlema.net/app/index.php?i=6&c=entry&do=mycoupon&m=weisrc_dish',
    'menuid' => '430755670',
    'from' => 'oSRY0002JvnXBtEpaAY6FbFSnWQY',
    'to' => 'gh_fbed32f1f289',
    'time' => '1510817341',
    'type' => 'text',
    'content' => 'http://www.dianlema.net/app/index.php?i=6&c=entry&do=mycoupon&m=weisrc_dish',
    'redirection' => true,
    'source' => 'VIEW',
  ),
)

2017-11-16 15:29:01 response :
------------

2017-11-16 16:56:59 trace :
------------
String:
<xml><ToUserName><![CDATA[gh_fbed32f1f289]]></ToUserName>
<FromUserName><![CDATA[oSRY007ii1nrPRxSCeihLAxANMB8]]></FromUserName>
<CreateTime>1510822619</CreateTime>
<MsgType><![CDATA[event]]></MsgType>
<Event><![CDATA[VIEW]]></Event>
<EventKey><![CDATA[http://www.dianlema.net/app/index.php?i=6&c=entry&id=21&do=detail&m=weisrc_dish]]></EventKey>
<MenuId>430755670</MenuId>
</xml>

2017-11-16 16:56:59 params :
------------
String:
array (
  'rule' => -2,
  'module' => '',
  'message' => 
  array (
    'tousername' => 'gh_fbed32f1f289',
    'fromusername' => 'oSRY007ii1nrPRxSCeihLAxANMB8',
    'createtime' => '1510822619',
    'msgtype' => 'event',
    'event' => 'VIEW',
    'eventkey' => 'http://www.dianlema.net/app/index.php?i=6&c=entry&id=21&do=detail&m=weisrc_dish',
    'menuid' => '430755670',
    'from' => 'oSRY007ii1nrPRxSCeihLAxANMB8',
    'to' => 'gh_fbed32f1f289',
    'time' => '1510822619',
    'type' => 'text',
    'content' => 'http://www.dianlema.net/app/index.php?i=6&c=entry&id=21&do=detail&m=weisrc_dish',
    'redirection' => true,
    'source' => 'VIEW',
  ),
)

2017-11-16 16:56:59 response :
------------

2017-11-16 16:57:02 HjSql :
------------
String:
SHOW COLUMNS FROM `ims_weisrc_dish_ad` [ RunTime:0.000457s ]

2017-11-16 16:57:02 HjSql :
------------
String:
SELECT * FROM `ims_weisrc_dish_ad` WHERE ( `position` = 3 ) AND ( `uniacid` = 6 ) AND ( `starttime` <= 1510822622 ) AND ( `endtime` >= 1510822622 ) AND ( `status` = 1 ) ORDER BY `displayorder` asc  [ RunTime:0.000171s ]

2017-11-16 16:57:03 HjSql :
------------
String:
SHOW COLUMNS FROM `ims_weisrc_dish_ad` [ RunTime:0.000473s ]

2017-11-16 16:57:03 HjSql :
------------
String:
SELECT * FROM `ims_weisrc_dish_ad` WHERE ( `position` = 3 ) AND ( `uniacid` = 6 ) AND ( `starttime` <= 1510822623 ) AND ( `endtime` >= 1510822623 ) AND ( `status` = 1 ) ORDER BY `displayorder` asc  [ RunTime:0.000214s ]

2017-11-16 16:57:08 trace :
------------
String:
<xml><ToUserName><![CDATA[gh_fbed32f1f289]]></ToUserName>
<FromUserName><![CDATA[oSRY007ii1nrPRxSCeihLAxANMB8]]></FromUserName>
<CreateTime>1510822628</CreateTime>
<MsgType><![CDATA[event]]></MsgType>
<Event><![CDATA[VIEW]]></Event>
<EventKey><![CDATA[http://www.dianlema.net/app/index.php?i=6&c=entry&id=21&do=detail&m=weisrc_dish]]></EventKey>
<MenuId>430755670</MenuId>
</xml>

2017-11-16 16:57:08 params :
------------
String:
array (
  'rule' => -2,
  'module' => '',
  'message' => 
  array (
    'tousername' => 'gh_fbed32f1f289',
    'fromusername' => 'oSRY007ii1nrPRxSCeihLAxANMB8',
    'createtime' => '1510822628',
    'msgtype' => 'event',
    'event' => 'VIEW',
    'eventkey' => 'http://www.dianlema.net/app/index.php?i=6&c=entry&id=21&do=detail&m=weisrc_dish',
    'menuid' => '430755670',
    'from' => 'oSRY007ii1nrPRxSCeihLAxANMB8',
    'to' => 'gh_fbed32f1f289',
    'time' => '1510822628',
    'type' => 'text',
    'content' => 'http://www.dianlema.net/app/index.php?i=6&c=entry&id=21&do=detail&m=weisrc_dish',
    'redirection' => true,
    'source' => 'VIEW',
  ),
)

2017-11-16 16:57:08 response :
------------

2017-11-16 16:57:08 HjSql :
------------
String:
SHOW COLUMNS FROM `ims_weisrc_dish_ad` [ RunTime:0.000405s ]

2017-11-16 16:57:08 HjSql :
------------
String:
SELECT * FROM `ims_weisrc_dish_ad` WHERE ( `position` = 3 ) AND ( `uniacid` = 6 ) AND ( `starttime` <= 1510822628 ) AND ( `endtime` >= 1510822628 ) AND ( `status` = 1 ) ORDER BY `displayorder` asc  [ RunTime:0.000165s ]

2017-11-16 16:57:12 HjSql :
------------
String:
SHOW COLUMNS FROM `ims_weisrc_dish_ad` [ RunTime:0.000450s ]

2017-11-16 16:57:12 HjSql :
------------
String:
SELECT * FROM `ims_weisrc_dish_ad` WHERE ( `position` = 3 ) AND ( `uniacid` = 6 ) AND ( `starttime` <= 1510822632 ) AND ( `endtime` >= 1510822632 ) AND ( `status` = 1 ) ORDER BY `displayorder` asc  [ RunTime:0.000167s ]

2017-11-16 16:57:23 HjSql :
------------
String:
SHOW COLUMNS FROM `ims_weisrc_dish_ad` [ RunTime:0.000462s ]

2017-11-16 16:57:23 HjSql :
------------
String:
SELECT * FROM `ims_weisrc_dish_ad` WHERE ( `position` = 3 ) AND ( `uniacid` = 6 ) AND ( `starttime` <= 1510822643 ) AND ( `endtime` >= 1510822643 ) AND ( `status` = 1 ) ORDER BY `displayorder` asc  [ RunTime:0.000167s ]

2017-11-16 16:57:58 HjSql :
------------
String:
SHOW COLUMNS FROM `ims_weisrc_dish_ad` [ RunTime:0.000459s ]

2017-11-16 16:57:58 HjSql :
------------
String:
SELECT * FROM `ims_weisrc_dish_ad` WHERE ( `position` = 3 ) AND ( `uniacid` = 6 ) AND ( `starttime` <= 1510822678 ) AND ( `endtime` >= 1510822678 ) AND ( `status` = 1 ) ORDER BY `displayorder` asc  [ RunTime:0.000191s ]

2017-11-16 16:58:06 HjSql :
------------
String:
SHOW COLUMNS FROM `ims_weisrc_dish_ad` [ RunTime:0.000482s ]

2017-11-16 16:58:06 HjSql :
------------
String:
SELECT * FROM `ims_weisrc_dish_ad` WHERE ( `position` = 3 ) AND ( `uniacid` = 6 ) AND ( `starttime` <= 1510822686 ) AND ( `endtime` >= 1510822686 ) AND ( `status` = 1 ) ORDER BY `displayorder` asc  [ RunTime:0.000201s ]

2017-11-16 17:10:31 trace :
------------
String:
<xml><ToUserName><![CDATA[gh_fbed32f1f289]]></ToUserName>
<FromUserName><![CDATA[oSRY00ymxuQQkyt71joCQe5uH1WQ]]></FromUserName>
<CreateTime>1510823431</CreateTime>
<MsgType><![CDATA[event]]></MsgType>
<Event><![CDATA[subscribe]]></Event>
<EventKey><![CDATA[]]></EventKey>
</xml>

2017-11-16 17:10:31 params :
------------
String:
array (
  'rule' => -2,
  'module' => '',
  'message' => 
  array (
    'tousername' => 'gh_fbed32f1f289',
    'fromusername' => 'oSRY00ymxuQQkyt71joCQe5uH1WQ',
    'createtime' => '1510823431',
    'msgtype' => 'event',
    'event' => 'subscribe',
    'eventkey' => '',
    'from' => 'oSRY00ymxuQQkyt71joCQe5uH1WQ',
    'to' => 'gh_fbed32f1f289',
    'time' => '1510823431',
    'type' => 'text',
    'redirection' => true,
    'source' => 'subscribe',
  ),
)

2017-11-16 17:10:31 response :
------------

2017-11-16 17:10:35 trace :
------------
String:
<xml><ToUserName><![CDATA[gh_fbed32f1f289]]></ToUserName>
<FromUserName><![CDATA[oSRY00ymxuQQkyt71joCQe5uH1WQ]]></FromUserName>
<CreateTime>1510823435</CreateTime>
<MsgType><![CDATA[event]]></MsgType>
<Event><![CDATA[VIEW]]></Event>
<EventKey><![CDATA[http://www.dianlema.net/app/index.php?i=6&c=entry&id=21&do=detail&m=weisrc_dish]]></EventKey>
<MenuId>430755670</MenuId>
</xml>

2017-11-16 17:10:35 params :
------------
String:
array (
  'rule' => -2,
  'module' => '',
  'message' => 
  array (
    'tousername' => 'gh_fbed32f1f289',
    'fromusername' => 'oSRY00ymxuQQkyt71joCQe5uH1WQ',
    'createtime' => '1510823435',
    'msgtype' => 'event',
    'event' => 'VIEW',
    'eventkey' => 'http://www.dianlema.net/app/index.php?i=6&c=entry&id=21&do=detail&m=weisrc_dish',
    'menuid' => '430755670',
    'from' => 'oSRY00ymxuQQkyt71joCQe5uH1WQ',
    'to' => 'gh_fbed32f1f289',
    'time' => '1510823435',
    'type' => 'text',
    'content' => 'http://www.dianlema.net/app/index.php?i=6&c=entry&id=21&do=detail&m=weisrc_dish',
    'redirection' => true,
    'source' => 'VIEW',
  ),
)

2017-11-16 17:10:35 response :
------------

2017-11-16 17:10:36 HjSql :
------------
String:
SHOW COLUMNS FROM `ims_weisrc_dish_ad` [ RunTime:0.000511s ]

2017-11-16 17:10:36 HjSql :
------------
String:
SELECT * FROM `ims_weisrc_dish_ad` WHERE ( `position` = 3 ) AND ( `uniacid` = 6 ) AND ( `starttime` <= 1510823436 ) AND ( `endtime` >= 1510823436 ) AND ( `status` = 1 ) ORDER BY `displayorder` asc  [ RunTime:0.000216s ]

2017-11-16 17:10:38 HjSql :
------------
String:
SHOW COLUMNS FROM `ims_weisrc_dish_ad` [ RunTime:0.000479s ]

2017-11-16 17:10:38 HjSql :
------------
String:
SELECT * FROM `ims_weisrc_dish_ad` WHERE ( `position` = 3 ) AND ( `uniacid` = 6 ) AND ( `starttime` <= 1510823438 ) AND ( `endtime` >= 1510823438 ) AND ( `status` = 1 ) ORDER BY `displayorder` asc  [ RunTime:0.000176s ]

2017-11-16 17:47:26 trace :
------------
String:
<xml><ToUserName><![CDATA[gh_fbed32f1f289]]></ToUserName>
<FromUserName><![CDATA[oSRY0002kWJeWI40pNCycPqBUO3E]]></FromUserName>
<CreateTime>1510825646</CreateTime>
<MsgType><![CDATA[event]]></MsgType>
<Event><![CDATA[VIEW]]></Event>
<EventKey><![CDATA[http://www.dianlema.net/app/index.php?i=6&c=entry&do=mycoupon&m=weisrc_dish]]></EventKey>
<MenuId>430755670</MenuId>
</xml>

2017-11-16 17:47:26 params :
------------
String:
array (
  'rule' => -2,
  'module' => '',
  'message' => 
  array (
    'tousername' => 'gh_fbed32f1f289',
    'fromusername' => 'oSRY0002kWJeWI40pNCycPqBUO3E',
    'createtime' => '1510825646',
    'msgtype' => 'event',
    'event' => 'VIEW',
    'eventkey' => 'http://www.dianlema.net/app/index.php?i=6&c=entry&do=mycoupon&m=weisrc_dish',
    'menuid' => '430755670',
    'from' => 'oSRY0002kWJeWI40pNCycPqBUO3E',
    'to' => 'gh_fbed32f1f289',
    'time' => '1510825646',
    'type' => 'text',
    'content' => 'http://www.dianlema.net/app/index.php?i=6&c=entry&do=mycoupon&m=weisrc_dish',
    'redirection' => true,
    'source' => 'VIEW',
  ),
)

2017-11-16 17:47:26 response :
------------

2017-11-16 17:47:51 trace :
------------
String:
<xml><ToUserName><![CDATA[gh_fbed32f1f289]]></ToUserName>
<FromUserName><![CDATA[oSRY0002kWJeWI40pNCycPqBUO3E]]></FromUserName>
<CreateTime>1510825671</CreateTime>
<MsgType><![CDATA[event]]></MsgType>
<Event><![CDATA[VIEW]]></Event>
<EventKey><![CDATA[http://www.dianlema.net/app/index.php?i=6&c=entry&id=21&do=detail&m=weisrc_dish]]></EventKey>
<MenuId>430755670</MenuId>
</xml>

2017-11-16 17:47:51 params :
------------
String:
array (
  'rule' => -2,
  'module' => '',
  'message' => 
  array (
    'tousername' => 'gh_fbed32f1f289',
    'fromusername' => 'oSRY0002kWJeWI40pNCycPqBUO3E',
    'createtime' => '1510825671',
    'msgtype' => 'event',
    'event' => 'VIEW',
    'eventkey' => 'http://www.dianlema.net/app/index.php?i=6&c=entry&id=21&do=detail&m=weisrc_dish',
    'menuid' => '430755670',
    'from' => 'oSRY0002kWJeWI40pNCycPqBUO3E',
    'to' => 'gh_fbed32f1f289',
    'time' => '1510825671',
    'type' => 'text',
    'content' => 'http://www.dianlema.net/app/index.php?i=6&c=entry&id=21&do=detail&m=weisrc_dish',
    'redirection' => true,
    'source' => 'VIEW',
  ),
)

2017-11-16 17:47:51 response :
------------

2017-11-16 17:47:52 HjSql :
------------
String:
SHOW COLUMNS FROM `ims_weisrc_dish_ad` [ RunTime:0.000477s ]

2017-11-16 17:47:52 HjSql :
------------
String:
SELECT * FROM `ims_weisrc_dish_ad` WHERE ( `position` = 3 ) AND ( `uniacid` = 6 ) AND ( `starttime` <= 1510825672 ) AND ( `endtime` >= 1510825672 ) AND ( `status` = 1 ) ORDER BY `displayorder` asc  [ RunTime:0.000183s ]

2017-11-16 17:47:53 HjSql :
------------
String:
SHOW COLUMNS FROM `ims_weisrc_dish_ad` [ RunTime:0.000452s ]

2017-11-16 17:47:53 HjSql :
------------
String:
SELECT * FROM `ims_weisrc_dish_ad` WHERE ( `position` = 3 ) AND ( `uniacid` = 6 ) AND ( `starttime` <= 1510825673 ) AND ( `endtime` >= 1510825673 ) AND ( `status` = 1 ) ORDER BY `displayorder` asc  [ RunTime:0.000204s ]

2017-11-16 17:55:22 trace :
------------
String:
<xml><ToUserName><![CDATA[gh_fbed32f1f289]]></ToUserName>
<FromUserName><![CDATA[oSRY005yh2cXkbIoumh2yvD4rc3Y]]></FromUserName>
<CreateTime>1510826122</CreateTime>
<MsgType><![CDATA[text]]></MsgType>
<Content><![CDATA[123]]></Content>
<MsgId>6488948784363407622</MsgId>
</xml>

2017-11-16 17:55:22 params :
------------
String:
array (
  'message' => 
  array (
    'tousername' => 'gh_fbed32f1f289',
    'fromusername' => 'oSRY005yh2cXkbIoumh2yvD4rc3Y',
    'createtime' => '1510826122',
    'msgtype' => 'text',
    'content' => '123',
    'msgid' => '6488948784363407622',
    'from' => 'oSRY005yh2cXkbIoumh2yvD4rc3Y',
    'to' => 'gh_fbed32f1f289',
    'time' => '1510826122',
    'type' => 'text',
    'event' => NULL,
    'redirection' => false,
    'source' => NULL,
  ),
  'module' => 'reply',
  'rule' => '9',
  'priority' => '0',
  'keyword' => 
  array (
    'id' => '13',
    'rid' => '9',
    'uniacid' => '6',
    'module' => 'reply',
    'content' => '123',
    'type' => '1',
    'displayorder' => '0',
    'status' => '1',
    'reply_type' => 
    array (
      0 => 'basic',
    ),
  ),
  'reply_type' => 
  array (
    0 => 'basic',
  ),
)

2017-11-16 17:55:22 response :
------------
Array:
FromUserName : gh_fbed32f1f289 ;
ToUserName : oSRY005yh2cXkbIoumh2yvD4rc3Y ;
MsgType : text ;
Content : 123 ;

2017-11-16 17:57:06 trace :
------------
String:
<xml><ToUserName><![CDATA[gh_fbed32f1f289]]></ToUserName>
<FromUserName><![CDATA[oSRY00ymxuQQkyt71joCQe5uH1WQ]]></FromUserName>
<CreateTime>1510826225</CreateTime>
<MsgType><![CDATA[text]]></MsgType>
<Content><![CDATA[]]></Content>
<MsgId>6488949226745039157</MsgId>
</xml>

2017-11-16 17:57:06 params :
------------
String:
array (
  'rule' => -2,
  'module' => '',
  'message' => 
  array (
    'tousername' => 'gh_fbed32f1f289',
    'fromusername' => 'oSRY00ymxuQQkyt71joCQe5uH1WQ',
    'createtime' => '1510826225',
    'msgtype' => 'text',
    'content' => '',
    'msgid' => '6488949226745039157',
    'from' => 'oSRY00ymxuQQkyt71joCQe5uH1WQ',
    'to' => 'gh_fbed32f1f289',
    'time' => '1510826225',
    'type' => 'text',
    'event' => NULL,
    'redirection' => false,
    'source' => NULL,
  ),
)

2017-11-16 17:57:06 response :
------------

2017-11-16 17:57:11 trace :
------------
String:
<xml><ToUserName><![CDATA[gh_fbed32f1f289]]></ToUserName>
<FromUserName><![CDATA[oSRY00ymxuQQkyt71joCQe5uH1WQ]]></FromUserName>
<CreateTime>1510826230</CreateTime>
<MsgType><![CDATA[text]]></MsgType>
<Content><![CDATA[]]></Content>
<MsgId>6488949248219875638</MsgId>
</xml>

2017-11-16 17:57:11 params :
------------
String:
array (
  'message' => 
  array (
    'tousername' => 'gh_fbed32f1f289',
    'fromusername' => 'oSRY00ymxuQQkyt71joCQe5uH1WQ',
    'createtime' => '1510826230',
    'msgtype' => 'text',
    'content' => '',
    'msgid' => '6488949248219875638',
    'from' => 'oSRY00ymxuQQkyt71joCQe5uH1WQ',
    'to' => 'gh_fbed32f1f289',
    'time' => '1510826230',
    'type' => 'text',
    'event' => NULL,
    'redirection' => false,
    'source' => NULL,
  ),
  'module' => 'reply',
  'rule' => '10',
  'priority' => '0',
  'keyword' => 
  array (
    'id' => '14',
    'rid' => '10',
    'uniacid' => '6',
    'module' => 'reply',
    'content' => '',
    'type' => '1',
    'displayorder' => '0',
    'status' => '1',
    'reply_type' => 
    array (
      0 => 'basic',
    ),
  ),
  'reply_type' => 
  array (
    0 => 'basic',
  ),
)

2017-11-16 17:57:11 response :
------------
Array:
FromUserName : gh_fbed32f1f289 ;
ToUserName : oSRY00ymxuQQkyt71joCQe5uH1WQ ;
MsgType : text ;
Content :  ;

2017-11-16 17:58:16 trace :
------------
String:
<xml><ToUserName><![CDATA[gh_fbed32f1f289]]></ToUserName>
<FromUserName><![CDATA[oSRY00ymxuQQkyt71joCQe5uH1WQ]]></FromUserName>
<CreateTime>1510826296</CreateTime>
<MsgType><![CDATA[text]]></MsgType>
<Content><![CDATA[]]></Content>
<MsgId>6488949531687717191</MsgId>
</xml>

2017-11-16 17:58:16 params :
------------
String:
array (
  'message' => 
  array (
    'tousername' => 'gh_fbed32f1f289',
    'fromusername' => 'oSRY00ymxuQQkyt71joCQe5uH1WQ',
    'createtime' => '1510826296',
    'msgtype' => 'text',
    'content' => '',
    'msgid' => '6488949531687717191',
    'from' => 'oSRY00ymxuQQkyt71joCQe5uH1WQ',
    'to' => 'gh_fbed32f1f289',
    'time' => '1510826296',
    'type' => 'text',
    'event' => NULL,
    'redirection' => false,
    'source' => NULL,
  ),
  'module' => 'reply',
  'rule' => '10',
  'priority' => '0',
  'keyword' => 
  array (
    'id' => '15',
    'rid' => '10',
    'uniacid' => '6',
    'module' => 'reply',
    'content' => '',
    'type' => '2',
    'displayorder' => '0',
    'status' => '1',
    'reply_type' => 
    array (
      0 => 'basic',
    ),
  ),
  'reply_type' => 
  array (
    0 => 'basic',
  ),
)

2017-11-16 17:58:16 response :
------------
Array:
FromUserName : gh_fbed32f1f289 ;
ToUserName : oSRY00ymxuQQkyt71joCQe5uH1WQ ;
MsgType : text ;
Content :  ;

2017-11-16 17:58:21 trace :
------------
String:
<xml><ToUserName><![CDATA[gh_fbed32f1f289]]></ToUserName>
<FromUserName><![CDATA[oSRY00ymxuQQkyt71joCQe5uH1WQ]]></FromUserName>
<CreateTime>1510826301</CreateTime>
<MsgType><![CDATA[text]]></MsgType>
<Content><![CDATA[]]></Content>
<MsgId>6488949553162553676</MsgId>
</xml>

2017-11-16 17:58:21 params :
------------
String:
array (
  'rule' => -2,
  'module' => '',
  'message' => 
  array (
    'tousername' => 'gh_fbed32f1f289',
    'fromusername' => 'oSRY00ymxuQQkyt71joCQe5uH1WQ',
    'createtime' => '1510826301',
    'msgtype' => 'text',
    'content' => '',
    'msgid' => '6488949553162553676',
    'from' => 'oSRY00ymxuQQkyt71joCQe5uH1WQ',
    'to' => 'gh_fbed32f1f289',
    'time' => '1510826301',
    'type' => 'text',
    'event' => NULL,
    'redirection' => false,
    'source' => NULL,
  ),
)

2017-11-16 17:58:21 response :
------------

2017-11-16 17:58:31 trace :
------------
String:
<xml><ToUserName><![CDATA[gh_fbed32f1f289]]></ToUserName>
<FromUserName><![CDATA[oSRY00ymxuQQkyt71joCQe5uH1WQ]]></FromUserName>
<CreateTime>1510826311</CreateTime>
<MsgType><![CDATA[text]]></MsgType>
<Content><![CDATA[]]></Content>
<MsgId>6488949596112226639</MsgId>
</xml>

2017-11-16 17:58:31 params :
------------
String:
array (
  'message' => 
  array (
    'tousername' => 'gh_fbed32f1f289',
    'fromusername' => 'oSRY00ymxuQQkyt71joCQe5uH1WQ',
    'createtime' => '1510826311',
    'msgtype' => 'text',
    'content' => '',
    'msgid' => '6488949596112226639',
    'from' => 'oSRY00ymxuQQkyt71joCQe5uH1WQ',
    'to' => 'gh_fbed32f1f289',
    'time' => '1510826311',
    'type' => 'text',
    'event' => NULL,
    'redirection' => false,
    'source' => NULL,
  ),
  'module' => 'reply',
  'rule' => '10',
  'priority' => '0',
  'keyword' => 
  array (
    'id' => '15',
    'rid' => '10',
    'uniacid' => '6',
    'module' => 'reply',
    'content' => '',
    'type' => '2',
    'displayorder' => '0',
    'status' => '1',
    'reply_type' => 
    array (
      0 => 'basic',
    ),
  ),
  'reply_type' => 
  array (
    0 => 'basic',
  ),
)

2017-11-16 17:58:31 response :
------------
Array:
FromUserName : gh_fbed32f1f289 ;
ToUserName : oSRY00ymxuQQkyt71joCQe5uH1WQ ;
MsgType : text ;
Content :  ;

2017-11-16 17:58:38 trace :
------------
String:
<xml><ToUserName><![CDATA[gh_fbed32f1f289]]></ToUserName>
<FromUserName><![CDATA[oSRY00ymxuQQkyt71joCQe5uH1WQ]]></FromUserName>
<CreateTime>1510826318</CreateTime>
<MsgType><![CDATA[text]]></MsgType>
<Content><![CDATA[]]></Content>
<MsgId>6488949626176997714</MsgId>
</xml>

2017-11-16 17:58:38 params :
------------
String:
array (
  'message' => 
  array (
    'tousername' => 'gh_fbed32f1f289',
    'fromusername' => 'oSRY00ymxuQQkyt71joCQe5uH1WQ',
    'createtime' => '1510826318',
    'msgtype' => 'text',
    'content' => '',
    'msgid' => '6488949626176997714',
    'from' => 'oSRY00ymxuQQkyt71joCQe5uH1WQ',
    'to' => 'gh_fbed32f1f289',
    'time' => '1510826318',
    'type' => 'text',
    'event' => NULL,
    'redirection' => false,
    'source' => NULL,
  ),
  'module' => 'reply',
  'rule' => '10',
  'priority' => '0',
  'keyword' => 
  array (
    'id' => '15',
    'rid' => '10',
    'uniacid' => '6',
    'module' => 'reply',
    'content' => '',
    'type' => '2',
    'displayorder' => '0',
    'status' => '1',
    'reply_type' => 
    array (
      0 => 'basic',
    ),
  ),
  'reply_type' => 
  array (
    0 => 'basic',
  ),
)

2017-11-16 17:58:38 response :
------------
Array:
FromUserName : gh_fbed32f1f289 ;
ToUserName : oSRY00ymxuQQkyt71joCQe5uH1WQ ;
MsgType : text ;
Content :  ;

2017-11-16 17:59:00 trace :
------------
String:
<xml><ToUserName><![CDATA[gh_fbed32f1f289]]></ToUserName>
<FromUserName><![CDATA[oSRY00ymxuQQkyt71joCQe5uH1WQ]]></FromUserName>
<CreateTime>1510826339</CreateTime>
<MsgType><![CDATA[text]]></MsgType>
<Content><![CDATA[]]></Content>
<MsgId>6488949716371310937</MsgId>
</xml>

2017-11-16 17:59:00 params :
------------
String:
array (
  'message' => 
  array (
    'tousername' => 'gh_fbed32f1f289',
    'fromusername' => 'oSRY00ymxuQQkyt71joCQe5uH1WQ',
    'createtime' => '1510826339',
    'msgtype' => 'text',
    'content' => '',
    'msgid' => '6488949716371310937',
    'from' => 'oSRY00ymxuQQkyt71joCQe5uH1WQ',
    'to' => 'gh_fbed32f1f289',
    'time' => '1510826339',
    'type' => 'text',
    'event' => NULL,
    'redirection' => false,
    'source' => NULL,
  ),
  'module' => 'reply',
  'rule' => '10',
  'priority' => '0',
  'keyword' => 
  array (
    'id' => '15',
    'rid' => '10',
    'uniacid' => '6',
    'module' => 'reply',
    'content' => '',
    'type' => '2',
    'displayorder' => '0',
    'status' => '1',
    'reply_type' => 
    array (
      0 => 'basic',
    ),
  ),
  'reply_type' => 
  array (
    0 => 'basic',
  ),
)

2017-11-16 17:59:00 response :
------------
Array:
FromUserName : gh_fbed32f1f289 ;
ToUserName : oSRY00ymxuQQkyt71joCQe5uH1WQ ;
MsgType : text ;
Content :  ;

2017-11-16 18:20:39 trace :
------------
String:
<xml><ToUserName><![CDATA[gh_fbed32f1f289]]></ToUserName>
<FromUserName><![CDATA[oSRY0002kWJeWI40pNCycPqBUO3E]]></FromUserName>
<CreateTime>1510827639</CreateTime>
<MsgType><![CDATA[event]]></MsgType>
<Event><![CDATA[VIEW]]></Event>
<EventKey><![CDATA[http://www.dianlema.net/app/index.php?i=6&c=entry&storeid=21&do=queue&m=weisrc_dish]]></EventKey>
<MenuId>430755670</MenuId>
</xml>

2017-11-16 18:20:39 params :
------------
String:
array (
  'rule' => -2,
  'module' => '',
  'message' => 
  array (
    'tousername' => 'gh_fbed32f1f289',
    'fromusername' => 'oSRY0002kWJeWI40pNCycPqBUO3E',
    'createtime' => '1510827639',
    'msgtype' => 'event',
    'event' => 'VIEW',
    'eventkey' => 'http://www.dianlema.net/app/index.php?i=6&c=entry&storeid=21&do=queue&m=weisrc_dish',
    'menuid' => '430755670',
    'from' => 'oSRY0002kWJeWI40pNCycPqBUO3E',
    'to' => 'gh_fbed32f1f289',
    'time' => '1510827639',
    'type' => 'text',
    'content' => 'http://www.dianlema.net/app/index.php?i=6&c=entry&storeid=21&do=queue&m=weisrc_dish',
    'redirection' => true,
    'source' => 'VIEW',
  ),
)

2017-11-16 18:20:39 response :
------------

2017-11-16 18:21:06 trace :
------------
String:
<xml><ToUserName><![CDATA[gh_fbed32f1f289]]></ToUserName>
<FromUserName><![CDATA[oSRY0002kWJeWI40pNCycPqBUO3E]]></FromUserName>
<CreateTime>1510827666</CreateTime>
<MsgType><![CDATA[event]]></MsgType>
<Event><![CDATA[TEMPLATESENDJOBFINISH]]></Event>
<MsgID>20726493961519104</MsgID>
<Status><![CDATA[success]]></Status>
</xml>

2017-11-16 18:21:06 params :
------------
String:
array (
  'rule' => -2,
  'module' => '',
  'message' => 
  array (
    'tousername' => 'gh_fbed32f1f289',
    'fromusername' => 'oSRY0002kWJeWI40pNCycPqBUO3E',
    'createtime' => '1510827666',
    'msgtype' => 'event',
    'event' => 'TEMPLATESENDJOBFINISH',
    'msgid' => '20726493961519104',
    'status' => 'success',
    'from' => 'oSRY0002kWJeWI40pNCycPqBUO3E',
    'to' => 'gh_fbed32f1f289',
    'time' => '1510827666',
    'type' => 'event',
  ),
)

2017-11-16 18:21:06 response :
------------

2017-11-16 18:21:06 trace :
------------
String:
<xml><ToUserName><![CDATA[gh_fbed32f1f289]]></ToUserName>
<FromUserName><![CDATA[oSRY0069zmR3bYgg6-YSEbdA-K1E]]></FromUserName>
<CreateTime>1510827666</CreateTime>
<MsgType><![CDATA[event]]></MsgType>
<Event><![CDATA[TEMPLATESENDJOBFINISH]]></Event>
<MsgID>20726501611732992</MsgID>
<Status><![CDATA[success]]></Status>
</xml>

2017-11-16 18:21:06 params :
------------
String:
array (
  'rule' => -2,
  'module' => '',
  'message' => 
  array (
    'tousername' => 'gh_fbed32f1f289',
    'fromusername' => 'oSRY0069zmR3bYgg6-YSEbdA-K1E',
    'createtime' => '1510827666',
    'msgtype' => 'event',
    'event' => 'TEMPLATESENDJOBFINISH',
    'msgid' => '20726501611732992',
    'status' => 'success',
    'from' => 'oSRY0069zmR3bYgg6-YSEbdA-K1E',
    'to' => 'gh_fbed32f1f289',
    'time' => '1510827666',
    'type' => 'event',
  ),
)

2017-11-16 18:21:06 response :
------------

2017-11-16 18:21:07 trace :
------------
String:
<xml><ToUserName><![CDATA[gh_fbed32f1f289]]></ToUserName>
<FromUserName><![CDATA[oSRY007ii1nrPRxSCeihLAxANMB8]]></FromUserName>
<CreateTime>1510827667</CreateTime>
<MsgType><![CDATA[event]]></MsgType>
<Event><![CDATA[TEMPLATESENDJOBFINISH]]></Event>
<MsgID>20726507550900226</MsgID>
<Status><![CDATA[success]]></Status>
</xml>

2017-11-16 18:21:07 params :
------------
String:
array (
  'rule' => -2,
  'module' => '',
  'message' => 
  array (
    'tousername' => 'gh_fbed32f1f289',
    'fromusername' => 'oSRY007ii1nrPRxSCeihLAxANMB8',
    'createtime' => '1510827667',
    'msgtype' => 'event',
    'event' => 'TEMPLATESENDJOBFINISH',
    'msgid' => '20726507550900226',
    'status' => 'success',
    'from' => 'oSRY007ii1nrPRxSCeihLAxANMB8',
    'to' => 'gh_fbed32f1f289',
    'time' => '1510827667',
    'type' => 'event',
  ),
)

2017-11-16 18:21:07 response :
------------

2017-11-16 18:21:07 trace :
------------
String:
<xml><ToUserName><![CDATA[gh_fbed32f1f289]]></ToUserName>
<FromUserName><![CDATA[oSRY007ii1nrPRxSCeihLAxANMB8]]></FromUserName>
<CreateTime>1510827667</CreateTime>
<MsgType><![CDATA[event]]></MsgType>
<Event><![CDATA[TEMPLATESENDJOBFINISH]]></Event>
<MsgID>20726513825579008</MsgID>
<Status><![CDATA[success]]></Status>
</xml>

2017-11-16 18:21:07 params :
------------
String:
array (
  'rule' => -2,
  'module' => '',
  'message' => 
  array (
    'tousername' => 'gh_fbed32f1f289',
    'fromusername' => 'oSRY007ii1nrPRxSCeihLAxANMB8',
    'createtime' => '1510827667',
    'msgtype' => 'event',
    'event' => 'TEMPLATESENDJOBFINISH',
    'msgid' => '20726513825579008',
    'status' => 'success',
    'from' => 'oSRY007ii1nrPRxSCeihLAxANMB8',
    'to' => 'gh_fbed32f1f289',
    'time' => '1510827667',
    'type' => 'event',
  ),
)

2017-11-16 18:21:07 response :
------------

2017-11-16 18:21:08 trace :
------------
String:
<xml><ToUserName><![CDATA[gh_fbed32f1f289]]></ToUserName>
<FromUserName><![CDATA[oSRY00yS5yHUwKxVARp8b_21YceE]]></FromUserName>
<CreateTime>1510827667</CreateTime>
<MsgType><![CDATA[event]]></MsgType>
<Event><![CDATA[TEMPLATESENDJOBFINISH]]></Event>
<MsgID>20726520452546562</MsgID>
<Status><![CDATA[success]]></Status>
</xml>

2017-11-16 18:21:08 params :
------------
String:
array (
  'rule' => -2,
  'module' => '',
  'message' => 
  array (
    'tousername' => 'gh_fbed32f1f289',
    'fromusername' => 'oSRY00yS5yHUwKxVARp8b_21YceE',
    'createtime' => '1510827667',
    'msgtype' => 'event',
    'event' => 'TEMPLATESENDJOBFINISH',
    'msgid' => '20726520452546562',
    'status' => 'success',
    'from' => 'oSRY00yS5yHUwKxVARp8b_21YceE',
    'to' => 'gh_fbed32f1f289',
    'time' => '1510827667',
    'type' => 'event',
  ),
)

2017-11-16 18:21:08 response :
------------

2017-11-16 19:15:55 trace :
------------
String:
<xml><ToUserName><![CDATA[gh_fbed32f1f289]]></ToUserName>
<FromUserName><![CDATA[oSRY004apWoEmgGRX6tq94KeP8SE]]></FromUserName>
<CreateTime>1510830955</CreateTime>
<MsgType><![CDATA[event]]></MsgType>
<Event><![CDATA[VIEW]]></Event>
<EventKey><![CDATA[http://www.dianlema.net/app/index.php?i=6&c=entry&id=21&do=detail&m=weisrc_dish]]></EventKey>
<MenuId>430755670</MenuId>
</xml>

2017-11-16 19:15:55 params :
------------
String:
array (
  'rule' => -2,
  'module' => '',
  'message' => 
  array (
    'tousername' => 'gh_fbed32f1f289',
    'fromusername' => 'oSRY004apWoEmgGRX6tq94KeP8SE',
    'createtime' => '1510830955',
    'msgtype' => 'event',
    'event' => 'VIEW',
    'eventkey' => 'http://www.dianlema.net/app/index.php?i=6&c=entry&id=21&do=detail&m=weisrc_dish',
    'menuid' => '430755670',
    'from' => 'oSRY004apWoEmgGRX6tq94KeP8SE',
    'to' => 'gh_fbed32f1f289',
    'time' => '1510830955',
    'type' => 'text',
    'content' => 'http://www.dianlema.net/app/index.php?i=6&c=entry&id=21&do=detail&m=weisrc_dish',
    'redirection' => true,
    'source' => 'VIEW',
  ),
)

2017-11-16 19:15:55 response :
------------

2017-11-16 19:15:59 HjSql :
------------
String:
SHOW COLUMNS FROM `ims_weisrc_dish_ad` [ RunTime:0.000472s ]

2017-11-16 19:15:59 HjSql :
------------
String:
SELECT * FROM `ims_weisrc_dish_ad` WHERE ( `position` = 3 ) AND ( `uniacid` = 6 ) AND ( `starttime` <= 1510830959 ) AND ( `endtime` >= 1510830959 ) AND ( `status` = 1 ) ORDER BY `displayorder` asc  [ RunTime:0.000212s ]

2017-11-16 19:16:00 HjSql :
------------
String:
SHOW COLUMNS FROM `ims_weisrc_dish_ad` [ RunTime:0.000430s ]

2017-11-16 19:16:00 HjSql :
------------
String:
SELECT * FROM `ims_weisrc_dish_ad` WHERE ( `position` = 3 ) AND ( `uniacid` = 6 ) AND ( `starttime` <= 1510830960 ) AND ( `endtime` >= 1510830960 ) AND ( `status` = 1 ) ORDER BY `displayorder` asc  [ RunTime:0.000169s ]

2017-11-16 19:54:46 trace :
------------
String:
<xml><ToUserName><![CDATA[gh_fbed32f1f289]]></ToUserName>
<FromUserName><![CDATA[oSRY0002kWJeWI40pNCycPqBUO3E]]></FromUserName>
<CreateTime>1510833286</CreateTime>
<MsgType><![CDATA[event]]></MsgType>
<Event><![CDATA[VIEW]]></Event>
<EventKey><![CDATA[http://www.dianlema.net/app/index.php?i=6&c=entry&id=21&do=detail&m=weisrc_dish]]></EventKey>
<MenuId>430755670</MenuId>
</xml>

2017-11-16 19:54:46 params :
------------
String:
array (
  'rule' => -2,
  'module' => '',
  'message' => 
  array (
    'tousername' => 'gh_fbed32f1f289',
    'fromusername' => 'oSRY0002kWJeWI40pNCycPqBUO3E',
    'createtime' => '1510833286',
    'msgtype' => 'event',
    'event' => 'VIEW',
    'eventkey' => 'http://www.dianlema.net/app/index.php?i=6&c=entry&id=21&do=detail&m=weisrc_dish',
    'menuid' => '430755670',
    'from' => 'oSRY0002kWJeWI40pNCycPqBUO3E',
    'to' => 'gh_fbed32f1f289',
    'time' => '1510833286',
    'type' => 'text',
    'content' => 'http://www.dianlema.net/app/index.php?i=6&c=entry&id=21&do=detail&m=weisrc_dish',
    'redirection' => true,
    'source' => 'VIEW',
  ),
)

2017-11-16 19:54:46 response :
------------

2017-11-16 20:27:29 trace :
------------
String:
<xml><ToUserName><![CDATA[gh_fbed32f1f289]]></ToUserName>
<FromUserName><![CDATA[oSRY007ii1nrPRxSCeihLAxANMB8]]></FromUserName>
<CreateTime>1510835249</CreateTime>
<MsgType><![CDATA[event]]></MsgType>
<Event><![CDATA[VIEW]]></Event>
<EventKey><![CDATA[http://www.dianlema.net/app/index.php?i=6&c=entry&id=21&do=detail&m=weisrc_dish]]></EventKey>
<MenuId>430755670</MenuId>
</xml>

2017-11-16 20:27:29 params :
------------
String:
array (
  'rule' => -2,
  'module' => '',
  'message' => 
  array (
    'tousername' => 'gh_fbed32f1f289',
    'fromusername' => 'oSRY007ii1nrPRxSCeihLAxANMB8',
    'createtime' => '1510835249',
    'msgtype' => 'event',
    'event' => 'VIEW',
    'eventkey' => 'http://www.dianlema.net/app/index.php?i=6&c=entry&id=21&do=detail&m=weisrc_dish',
    'menuid' => '430755670',
    'from' => 'oSRY007ii1nrPRxSCeihLAxANMB8',
    'to' => 'gh_fbed32f1f289',
    'time' => '1510835249',
    'type' => 'text',
    'content' => 'http://www.dianlema.net/app/index.php?i=6&c=entry&id=21&do=detail&m=weisrc_dish',
    'redirection' => true,
    'source' => 'VIEW',
  ),
)

2017-11-16 20:27:29 response :
------------

2017-11-16 20:27:30 HjSql :
------------
String:
SHOW COLUMNS FROM `ims_weisrc_dish_ad` [ RunTime:0.000438s ]

2017-11-16 20:27:30 HjSql :
------------
String:
SELECT * FROM `ims_weisrc_dish_ad` WHERE ( `position` = 3 ) AND ( `uniacid` = 6 ) AND ( `starttime` <= 1510835250 ) AND ( `endtime` >= 1510835250 ) AND ( `status` = 1 ) ORDER BY `displayorder` asc  [ RunTime:0.000169s ]

2017-11-16 20:27:31 HjSql :
------------
String:
SHOW COLUMNS FROM `ims_weisrc_dish_ad` [ RunTime:0.000482s ]

2017-11-16 20:27:31 HjSql :
------------
String:
SELECT * FROM `ims_weisrc_dish_ad` WHERE ( `position` = 3 ) AND ( `uniacid` = 6 ) AND ( `starttime` <= 1510835251 ) AND ( `endtime` >= 1510835251 ) AND ( `status` = 1 ) ORDER BY `displayorder` asc  [ RunTime:0.000179s ]

2017-11-16 20:27:49 trace :
------------
String:
<xml><ToUserName><![CDATA[gh_fbed32f1f289]]></ToUserName>
<FromUserName><![CDATA[oSRY007ii1nrPRxSCeihLAxANMB8]]></FromUserName>
<CreateTime>1510835269</CreateTime>
<MsgType><![CDATA[event]]></MsgType>
<Event><![CDATA[VIEW]]></Event>
<EventKey><![CDATA[http://www.dianlema.net/app/index.php?i=6&c=entry&id=21&do=detail&m=weisrc_dish]]></EventKey>
<MenuId>430755670</MenuId>
</xml>

2017-11-16 20:27:49 params :
------------
String:
array (
  'rule' => -2,
  'module' => '',
  'message' => 
  array (
    'tousername' => 'gh_fbed32f1f289',
    'fromusername' => 'oSRY007ii1nrPRxSCeihLAxANMB8',
    'createtime' => '1510835269',
    'msgtype' => 'event',
    'event' => 'VIEW',
    'eventkey' => 'http://www.dianlema.net/app/index.php?i=6&c=entry&id=21&do=detail&m=weisrc_dish',
    'menuid' => '430755670',
    'from' => 'oSRY007ii1nrPRxSCeihLAxANMB8',
    'to' => 'gh_fbed32f1f289',
    'time' => '1510835269',
    'type' => 'text',
    'content' => 'http://www.dianlema.net/app/index.php?i=6&c=entry&id=21&do=detail&m=weisrc_dish',
    'redirection' => true,
    'source' => 'VIEW',
  ),
)

2017-11-16 20:27:49 response :
------------

2017-11-16 20:27:49 HjSql :
------------
String:
SHOW COLUMNS FROM `ims_weisrc_dish_ad` [ RunTime:0.000465s ]

2017-11-16 20:27:49 HjSql :
------------
String:
SELECT * FROM `ims_weisrc_dish_ad` WHERE ( `position` = 3 ) AND ( `uniacid` = 6 ) AND ( `starttime` <= 1510835269 ) AND ( `endtime` >= 1510835269 ) AND ( `status` = 1 ) ORDER BY `displayorder` asc  [ RunTime:0.000173s ]

2017-11-16 20:27:59 HjSql :
------------
String:
SHOW COLUMNS FROM `ims_weisrc_dish_ad` [ RunTime:0.000451s ]

2017-11-16 20:27:59 HjSql :
------------
String:
SELECT * FROM `ims_weisrc_dish_ad` WHERE ( `position` = 3 ) AND ( `uniacid` = 6 ) AND ( `starttime` <= 1510835279 ) AND ( `endtime` >= 1510835279 ) AND ( `status` = 1 ) ORDER BY `displayorder` asc  [ RunTime:0.000174s ]

2017-11-16 20:28:16 HjSql :
------------
String:
SHOW COLUMNS FROM `ims_weisrc_dish_ad` [ RunTime:0.000607s ]

2017-11-16 20:28:16 HjSql :
------------
String:
SELECT * FROM `ims_weisrc_dish_ad` WHERE ( `position` = 3 ) AND ( `uniacid` = 6 ) AND ( `starttime` <= 1510835296 ) AND ( `endtime` >= 1510835296 ) AND ( `status` = 1 ) ORDER BY `displayorder` asc  [ RunTime:0.000166s ]

2017-11-16 20:28:16 trace :
------------
String:
<xml><ToUserName><![CDATA[gh_fbed32f1f289]]></ToUserName>
<FromUserName><![CDATA[oSRY007ii1nrPRxSCeihLAxANMB8]]></FromUserName>
<CreateTime>1510835296</CreateTime>
<MsgType><![CDATA[event]]></MsgType>
<Event><![CDATA[VIEW]]></Event>
<EventKey><![CDATA[http://www.dianlema.net/app/index.php?i=6&c=entry&id=21&do=detail&m=weisrc_dish]]></EventKey>
<MenuId>430755670</MenuId>
</xml>

2017-11-16 20:28:16 params :
------------
String:
array (
  'rule' => -2,
  'module' => '',
  'message' => 
  array (
    'tousername' => 'gh_fbed32f1f289',
    'fromusername' => 'oSRY007ii1nrPRxSCeihLAxANMB8',
    'createtime' => '1510835296',
    'msgtype' => 'event',
    'event' => 'VIEW',
    'eventkey' => 'http://www.dianlema.net/app/index.php?i=6&c=entry&id=21&do=detail&m=weisrc_dish',
    'menuid' => '430755670',
    'from' => 'oSRY007ii1nrPRxSCeihLAxANMB8',
    'to' => 'gh_fbed32f1f289',
    'time' => '1510835296',
    'type' => 'text',
    'content' => 'http://www.dianlema.net/app/index.php?i=6&c=entry&id=21&do=detail&m=weisrc_dish',
    'redirection' => true,
    'source' => 'VIEW',
  ),
)

2017-11-16 20:28:16 response :
------------

2017-11-16 20:28:38 trace :
------------
String:
<xml><ToUserName><![CDATA[gh_fbed32f1f289]]></ToUserName>
<FromUserName><![CDATA[oSRY007ii1nrPRxSCeihLAxANMB8]]></FromUserName>
<CreateTime>1510835318</CreateTime>
<MsgType><![CDATA[event]]></MsgType>
<Event><![CDATA[VIEW]]></Event>
<EventKey><![CDATA[http://www.dianlema.net/app/index.php?i=6&c=entry&storeid=21&do=waplist&m=weisrc_dish&mode=2]]></EventKey>
<MenuId>430755670</MenuId>
</xml>

2017-11-16 20:28:38 params :
------------
String:
array (
  'rule' => -2,
  'module' => '',
  'message' => 
  array (
    'tousername' => 'gh_fbed32f1f289',
    'fromusername' => 'oSRY007ii1nrPRxSCeihLAxANMB8',
    'createtime' => '1510835318',
    'msgtype' => 'event',
    'event' => 'VIEW',
    'eventkey' => 'http://www.dianlema.net/app/index.php?i=6&c=entry&storeid=21&do=waplist&m=weisrc_dish&mode=2',
    'menuid' => '430755670',
    'from' => 'oSRY007ii1nrPRxSCeihLAxANMB8',
    'to' => 'gh_fbed32f1f289',
    'time' => '1510835318',
    'type' => 'text',
    'content' => 'http://www.dianlema.net/app/index.php?i=6&c=entry&storeid=21&do=waplist&m=weisrc_dish&mode=2',
    'redirection' => true,
    'source' => 'VIEW',
  ),
)

2017-11-16 20:28:38 response :
------------

2017-11-16 20:28:38 HjSql :
------------
String:
SHOW COLUMNS FROM `ims_weisrc_dish_ad` [ RunTime:0.000446s ]

2017-11-16 20:28:38 HjSql :
------------
String:
SELECT * FROM `ims_weisrc_dish_ad` WHERE ( `position` = 3 ) AND ( `uniacid` = 6 ) AND ( `starttime` <= 1510835318 ) AND ( `endtime` >= 1510835318 ) AND ( `status` = 1 ) ORDER BY `displayorder` asc  [ RunTime:0.000171s ]

2017-11-16 20:57:01 trace :
------------
String:
<xml><ToUserName><![CDATA[gh_fbed32f1f289]]></ToUserName>
<FromUserName><![CDATA[oSRY00ymxuQQkyt71joCQe5uH1WQ]]></FromUserName>
<CreateTime>1510837021</CreateTime>
<MsgType><![CDATA[event]]></MsgType>
<Event><![CDATA[unsubscribe]]></Event>
<EventKey><![CDATA[]]></EventKey>
</xml>

2017-11-16 23:13:08 trace :
------------
String:
<xml><ToUserName><![CDATA[gh_fbed32f1f289]]></ToUserName>
<FromUserName><![CDATA[oSRY0002kWJeWI40pNCycPqBUO3E]]></FromUserName>
<CreateTime>1510845188</CreateTime>
<MsgType><![CDATA[event]]></MsgType>
<Event><![CDATA[VIEW]]></Event>
<EventKey><![CDATA[http://www.dianlema.net/app/index.php?i=6&c=entry&storeid=21&do=waplist&m=weisrc_dish&mode=2]]></EventKey>
<MenuId>430755670</MenuId>
</xml>

2017-11-16 23:13:08 params :
------------
String:
array (
  'rule' => -2,
  'module' => '',
  'message' => 
  array (
    'tousername' => 'gh_fbed32f1f289',
    'fromusername' => 'oSRY0002kWJeWI40pNCycPqBUO3E',
    'createtime' => '1510845188',
    'msgtype' => 'event',
    'event' => 'VIEW',
    'eventkey' => 'http://www.dianlema.net/app/index.php?i=6&c=entry&storeid=21&do=waplist&m=weisrc_dish&mode=2',
    'menuid' => '430755670',
    'from' => 'oSRY0002kWJeWI40pNCycPqBUO3E',
    'to' => 'gh_fbed32f1f289',
    'time' => '1510845188',
    'type' => 'text',
    'content' => 'http://www.dianlema.net/app/index.php?i=6&c=entry&storeid=21&do=waplist&m=weisrc_dish&mode=2',
    'redirection' => true,
    'source' => 'VIEW',
  ),
)

2017-11-16 23:13:08 response :
------------

2017-11-16 23:13:12 HjSql :
------------
String:
SHOW COLUMNS FROM `ims_weisrc_dish_ad` [ RunTime:0.000464s ]

2017-11-16 23:13:12 HjSql :
------------
String:
SELECT * FROM `ims_weisrc_dish_ad` WHERE ( `position` = 3 ) AND ( `uniacid` = 6 ) AND ( `starttime` <= 1510845192 ) AND ( `endtime` >= 1510845192 ) AND ( `status` = 1 ) ORDER BY `displayorder` asc  [ RunTime:0.000184s ]

2017-11-16 23:13:30 trace :
------------
String:
<xml><ToUserName><![CDATA[gh_fbed32f1f289]]></ToUserName>
<FromUserName><![CDATA[oSRY0002kWJeWI40pNCycPqBUO3E]]></FromUserName>
<CreateTime>1510845210</CreateTime>
<MsgType><![CDATA[event]]></MsgType>
<Event><![CDATA[VIEW]]></Event>
<EventKey><![CDATA[http://www.dianlema.net/app/index.php?i=6&c=entry&storeid=21&do=queue&m=weisrc_dish]]></EventKey>
<MenuId>430755670</MenuId>
</xml>

2017-11-16 23:13:30 params :
------------
String:
array (
  'rule' => -2,
  'module' => '',
  'message' => 
  array (
    'tousername' => 'gh_fbed32f1f289',
    'fromusername' => 'oSRY0002kWJeWI40pNCycPqBUO3E',
    'createtime' => '1510845210',
    'msgtype' => 'event',
    'event' => 'VIEW',
    'eventkey' => 'http://www.dianlema.net/app/index.php?i=6&c=entry&storeid=21&do=queue&m=weisrc_dish',
    'menuid' => '430755670',
    'from' => 'oSRY0002kWJeWI40pNCycPqBUO3E',
    'to' => 'gh_fbed32f1f289',
    'time' => '1510845210',
    'type' => 'text',
    'content' => 'http://www.dianlema.net/app/index.php?i=6&c=entry&storeid=21&do=queue&m=weisrc_dish',
    'redirection' => true,
    'source' => 'VIEW',
  ),
)

2017-11-16 23:13:30 response :
------------

2017-11-16 23:13:34 trace :
------------
String:
<xml><ToUserName><![CDATA[gh_fbed32f1f289]]></ToUserName>
<FromUserName><![CDATA[oSRY0002kWJeWI40pNCycPqBUO3E]]></FromUserName>
<CreateTime>1510845214</CreateTime>
<MsgType><![CDATA[event]]></MsgType>
<Event><![CDATA[VIEW]]></Event>
<EventKey><![CDATA[http://www.dianlema.net/app/index.php?i=6&c=entry&id=21&do=detail&m=weisrc_dish]]></EventKey>
<MenuId>430755670</MenuId>
</xml>

2017-11-16 23:13:34 params :
------------
String:
array (
  'rule' => -2,
  'module' => '',
  'message' => 
  array (
    'tousername' => 'gh_fbed32f1f289',
    'fromusername' => 'oSRY0002kWJeWI40pNCycPqBUO3E',
    'createtime' => '1510845214',
    'msgtype' => 'event',
    'event' => 'VIEW',
    'eventkey' => 'http://www.dianlema.net/app/index.php?i=6&c=entry&id=21&do=detail&m=weisrc_dish',
    'menuid' => '430755670',
    'from' => 'oSRY0002kWJeWI40pNCycPqBUO3E',
    'to' => 'gh_fbed32f1f289',
    'time' => '1510845214',
    'type' => 'text',
    'content' => 'http://www.dianlema.net/app/index.php?i=6&c=entry&id=21&do=detail&m=weisrc_dish',
    'redirection' => true,
    'source' => 'VIEW',
  ),
)

2017-11-16 23:13:34 response :
------------

2017-11-16 23:13:34 HjSql :
------------
String:
SHOW COLUMNS FROM `ims_weisrc_dish_ad` [ RunTime:0.000443s ]

2017-11-16 23:13:34 HjSql :
------------
String:
SELECT * FROM `ims_weisrc_dish_ad` WHERE ( `position` = 3 ) AND ( `uniacid` = 6 ) AND ( `starttime` <= 1510845214 ) AND ( `endtime` >= 1510845214 ) AND ( `status` = 1 ) ORDER BY `displayorder` asc  [ RunTime:0.000180s ]

2017-11-16 23:13:38 HjSql :
------------
String:
SHOW COLUMNS FROM `ims_weisrc_dish_ad` [ RunTime:0.000465s ]

2017-11-16 23:13:38 HjSql :
------------
String:
SELECT * FROM `ims_weisrc_dish_ad` WHERE ( `position` = 3 ) AND ( `uniacid` = 6 ) AND ( `starttime` <= 1510845218 ) AND ( `endtime` >= 1510845218 ) AND ( `status` = 1 ) ORDER BY `displayorder` asc  [ RunTime:0.000185s ]

