2017-10-18 15:09:20 trace :
------------
String:
<xml><ToUserName><![CDATA[gh_925d4d7e2212]]></ToUserName>
<FromUserName><![CDATA[oEZ6bw0bLRzZ2z3mWHnbGCmmbP40]]></FromUserName>
<CreateTime>1508310560</CreateTime>
<MsgType><![CDATA[event]]></MsgType>
<Event><![CDATA[VIEW]]></Event>
<EventKey><![CDATA[http://lgzol.cn/app/index.php?i=5&c=entry&id=20&do=detail&m=weisrc_dish]]></EventKey>
<MenuId>427729260</MenuId>
</xml>

2017-10-18 15:09:20 params :
------------
String:
array (
  'rule' => -2,
  'module' => '',
  'message' => 
  array (
    'tousername' => 'gh_925d4d7e2212',
    'fromusername' => 'oEZ6bw0bLRzZ2z3mWHnbGCmmbP40',
    'createtime' => '1508310560',
    'msgtype' => 'event',
    'event' => 'VIEW',
    'eventkey' => 'http://lgzol.cn/app/index.php?i=5&c=entry&id=20&do=detail&m=weisrc_dish',
    'menuid' => '427729260',
    'from' => 'oEZ6bw0bLRzZ2z3mWHnbGCmmbP40',
    'to' => 'gh_925d4d7e2212',
    'time' => '1508310560',
    'type' => 'text',
    'content' => 'http://lgzol.cn/app/index.php?i=5&c=entry&id=20&do=detail&m=weisrc_dish',
    'redirection' => true,
    'source' => 'VIEW',
  ),
)

2017-10-18 15:09:20 response :
------------

2017-10-18 15:09:35 trace :
------------
String:
<xml><ToUserName><![CDATA[gh_925d4d7e2212]]></ToUserName>
<FromUserName><![CDATA[oEZ6bw_1ZORRrCmzRPr9r4Cqv7lQ]]></FromUserName>
<CreateTime>1508310574</CreateTime>
<MsgType><![CDATA[event]]></MsgType>
<Event><![CDATA[subscribe]]></Event>
<EventKey><![CDATA[]]></EventKey>
</xml>

2017-10-18 15:09:35 params :
------------
String:
array (
  'rule' => -2,
  'module' => '',
  'message' => 
  array (
    'tousername' => 'gh_925d4d7e2212',
    'fromusername' => 'oEZ6bw_1ZORRrCmzRPr9r4Cqv7lQ',
    'createtime' => '1508310574',
    'msgtype' => 'event',
    'event' => 'subscribe',
    'eventkey' => '',
    'from' => 'oEZ6bw_1ZORRrCmzRPr9r4Cqv7lQ',
    'to' => 'gh_925d4d7e2212',
    'time' => '1508310574',
    'type' => 'text',
    'redirection' => true,
    'source' => 'subscribe',
  ),
)

2017-10-18 15:09:35 response :
------------

2017-10-18 15:09:37 trace :
------------
String:
<xml><ToUserName><![CDATA[gh_925d4d7e2212]]></ToUserName>
<FromUserName><![CDATA[oEZ6bw_1ZORRrCmzRPr9r4Cqv7lQ]]></FromUserName>
<CreateTime>1508310577</CreateTime>
<MsgType><![CDATA[event]]></MsgType>
<Event><![CDATA[LOCATION]]></Event>
<Latitude>24.489923</Latitude>
<Longitude>118.175117</Longitude>
<Precision>20.000000</Precision>
</xml>

2017-10-18 15:09:37 params :
------------
String:
array (
  'message' => 
  array (
    'tousername' => 'gh_925d4d7e2212',
    'fromusername' => 'oEZ6bw_1ZORRrCmzRPr9r4Cqv7lQ',
    'createtime' => '1508310577',
    'msgtype' => 'event',
    'event' => 'LOCATION',
    'latitude' => '24.489923',
    'longitude' => '118.175117',
    'precision' => '20.000000',
    'from' => 'oEZ6bw_1ZORRrCmzRPr9r4Cqv7lQ',
    'to' => 'gh_925d4d7e2212',
    'time' => '1508310577',
    'type' => 'trace',
    'location_x' => '24.489923',
    'location_y' => '118.175117',
  ),
  'module' => 'default',
  'rule' => '-1',
)

2017-10-18 15:09:37 response :
------------
Array:
errno : -1 ;
message : Invaild value ;

2017-10-18 15:09:47 trace :
------------
String:
<xml><ToUserName><![CDATA[gh_925d4d7e2212]]></ToUserName>
<FromUserName><![CDATA[oEZ6bw_1ZORRrCmzRPr9r4Cqv7lQ]]></FromUserName>
<CreateTime>1508310587</CreateTime>
<MsgType><![CDATA[event]]></MsgType>
<Event><![CDATA[VIEW]]></Event>
<EventKey><![CDATA[http://lgzol.cn/app/index.php?i=5&c=entry&id=20&do=detail&m=weisrc_dish]]></EventKey>
<MenuId>427729260</MenuId>
</xml>

2017-10-18 15:09:47 params :
------------
String:
array (
  'rule' => -2,
  'module' => '',
  'message' => 
  array (
    'tousername' => 'gh_925d4d7e2212',
    'fromusername' => 'oEZ6bw_1ZORRrCmzRPr9r4Cqv7lQ',
    'createtime' => '1508310587',
    'msgtype' => 'event',
    'event' => 'VIEW',
    'eventkey' => 'http://lgzol.cn/app/index.php?i=5&c=entry&id=20&do=detail&m=weisrc_dish',
    'menuid' => '427729260',
    'from' => 'oEZ6bw_1ZORRrCmzRPr9r4Cqv7lQ',
    'to' => 'gh_925d4d7e2212',
    'time' => '1508310587',
    'type' => 'text',
    'content' => 'http://lgzol.cn/app/index.php?i=5&c=entry&id=20&do=detail&m=weisrc_dish',
    'redirection' => true,
    'source' => 'VIEW',
  ),
)

2017-10-18 15:09:47 response :
------------

2017-10-18 15:10:26 trace :
------------
String:
<xml><ToUserName><![CDATA[gh_925d4d7e2212]]></ToUserName>
<FromUserName><![CDATA[oEZ6bw0bLRzZ2z3mWHnbGCmmbP40]]></FromUserName>
<CreateTime>1508310626</CreateTime>
<MsgType><![CDATA[event]]></MsgType>
<Event><![CDATA[LOCATION]]></Event>
<Latitude>24.489792</Latitude>
<Longitude>118.175850</Longitude>
<Precision>50.000000</Precision>
</xml>

2017-10-18 15:10:26 params :
------------
String:
array (
  'message' => 
  array (
    'tousername' => 'gh_925d4d7e2212',
    'fromusername' => 'oEZ6bw0bLRzZ2z3mWHnbGCmmbP40',
    'createtime' => '1508310626',
    'msgtype' => 'event',
    'event' => 'LOCATION',
    'latitude' => '24.489792',
    'longitude' => '118.175850',
    'precision' => '50.000000',
    'from' => 'oEZ6bw0bLRzZ2z3mWHnbGCmmbP40',
    'to' => 'gh_925d4d7e2212',
    'time' => '1508310626',
    'type' => 'trace',
    'location_x' => '24.489792',
    'location_y' => '118.175850',
  ),
  'module' => 'default',
  'rule' => '-1',
)

2017-10-18 15:10:26 response :
------------
Array:
errno : -1 ;
message : Invaild value ;

2017-10-18 15:10:27 trace :
------------
String:
<xml><ToUserName><![CDATA[gh_925d4d7e2212]]></ToUserName>
<FromUserName><![CDATA[oEZ6bw0bLRzZ2z3mWHnbGCmmbP40]]></FromUserName>
<CreateTime>1508310627</CreateTime>
<MsgType><![CDATA[event]]></MsgType>
<Event><![CDATA[VIEW]]></Event>
<EventKey><![CDATA[http://lgzol.cn/app/index.php?i=5&c=entry&id=20&do=detail&m=weisrc_dish]]></EventKey>
<MenuId>427729260</MenuId>
</xml>

2017-10-18 15:10:27 params :
------------
String:
array (
  'rule' => -2,
  'module' => '',
  'message' => 
  array (
    'tousername' => 'gh_925d4d7e2212',
    'fromusername' => 'oEZ6bw0bLRzZ2z3mWHnbGCmmbP40',
    'createtime' => '1508310627',
    'msgtype' => 'event',
    'event' => 'VIEW',
    'eventkey' => 'http://lgzol.cn/app/index.php?i=5&c=entry&id=20&do=detail&m=weisrc_dish',
    'menuid' => '427729260',
    'from' => 'oEZ6bw0bLRzZ2z3mWHnbGCmmbP40',
    'to' => 'gh_925d4d7e2212',
    'time' => '1508310627',
    'type' => 'text',
    'content' => 'http://lgzol.cn/app/index.php?i=5&c=entry&id=20&do=detail&m=weisrc_dish',
    'redirection' => true,
    'source' => 'VIEW',
  ),
)

2017-10-18 15:10:27 response :
------------

2017-10-18 15:17:57 trace :
------------
String:
<xml><ToUserName><![CDATA[gh_925d4d7e2212]]></ToUserName>
<FromUserName><![CDATA[oEZ6bw_1ZORRrCmzRPr9r4Cqv7lQ]]></FromUserName>
<CreateTime>1508311077</CreateTime>
<MsgType><![CDATA[event]]></MsgType>
<Event><![CDATA[LOCATION]]></Event>
<Latitude>24.489805</Latitude>
<Longitude>118.175209</Longitude>
<Precision>65.000000</Precision>
</xml>

2017-10-18 15:17:57 params :
------------
String:
array (
  'message' => 
  array (
    'tousername' => 'gh_925d4d7e2212',
    'fromusername' => 'oEZ6bw_1ZORRrCmzRPr9r4Cqv7lQ',
    'createtime' => '1508311077',
    'msgtype' => 'event',
    'event' => 'LOCATION',
    'latitude' => '24.489805',
    'longitude' => '118.175209',
    'precision' => '65.000000',
    'from' => 'oEZ6bw_1ZORRrCmzRPr9r4Cqv7lQ',
    'to' => 'gh_925d4d7e2212',
    'time' => '1508311077',
    'type' => 'trace',
    'location_x' => '24.489805',
    'location_y' => '118.175209',
  ),
  'module' => 'default',
  'rule' => '-1',
)

2017-10-18 15:17:57 response :
------------
Array:
errno : -1 ;
message : Invaild value ;

2017-10-18 15:18:00 trace :
------------
String:
<xml><ToUserName><![CDATA[gh_925d4d7e2212]]></ToUserName>
<FromUserName><![CDATA[oEZ6bw_1ZORRrCmzRPr9r4Cqv7lQ]]></FromUserName>
<CreateTime>1508311080</CreateTime>
<MsgType><![CDATA[event]]></MsgType>
<Event><![CDATA[VIEW]]></Event>
<EventKey><![CDATA[http://lgzol.cn/app/index.php?i=5&c=entry&id=20&do=detail&m=weisrc_dish]]></EventKey>
<MenuId>427729260</MenuId>
</xml>

2017-10-18 15:18:00 params :
------------
String:
array (
  'rule' => -2,
  'module' => '',
  'message' => 
  array (
    'tousername' => 'gh_925d4d7e2212',
    'fromusername' => 'oEZ6bw_1ZORRrCmzRPr9r4Cqv7lQ',
    'createtime' => '1508311080',
    'msgtype' => 'event',
    'event' => 'VIEW',
    'eventkey' => 'http://lgzol.cn/app/index.php?i=5&c=entry&id=20&do=detail&m=weisrc_dish',
    'menuid' => '427729260',
    'from' => 'oEZ6bw_1ZORRrCmzRPr9r4Cqv7lQ',
    'to' => 'gh_925d4d7e2212',
    'time' => '1508311080',
    'type' => 'text',
    'content' => 'http://lgzol.cn/app/index.php?i=5&c=entry&id=20&do=detail&m=weisrc_dish',
    'redirection' => true,
    'source' => 'VIEW',
  ),
)

2017-10-18 15:18:00 response :
------------

2017-10-18 15:20:55 trace :
------------
String:
<xml><ToUserName><![CDATA[gh_925d4d7e2212]]></ToUserName>
<FromUserName><![CDATA[oEZ6bw_N61zxNySWFYDvBqAUTWUQ]]></FromUserName>
<CreateTime>1508311255</CreateTime>
<MsgType><![CDATA[event]]></MsgType>
<Event><![CDATA[subscribe]]></Event>
<EventKey><![CDATA[]]></EventKey>
</xml>

2017-10-18 15:20:55 params :
------------
String:
array (
  'rule' => -2,
  'module' => '',
  'message' => 
  array (
    'tousername' => 'gh_925d4d7e2212',
    'fromusername' => 'oEZ6bw_N61zxNySWFYDvBqAUTWUQ',
    'createtime' => '1508311255',
    'msgtype' => 'event',
    'event' => 'subscribe',
    'eventkey' => '',
    'from' => 'oEZ6bw_N61zxNySWFYDvBqAUTWUQ',
    'to' => 'gh_925d4d7e2212',
    'time' => '1508311255',
    'type' => 'text',
    'redirection' => true,
    'source' => 'subscribe',
  ),
)

2017-10-18 15:20:55 response :
------------

2017-10-18 15:21:05 trace :
------------
String:
<xml><ToUserName><![CDATA[gh_925d4d7e2212]]></ToUserName>
<FromUserName><![CDATA[oEZ6bw_N61zxNySWFYDvBqAUTWUQ]]></FromUserName>
<CreateTime>1508311265</CreateTime>
<MsgType><![CDATA[event]]></MsgType>
<Event><![CDATA[VIEW]]></Event>
<EventKey><![CDATA[http://lgzol.cn/app/index.php?i=5&c=entry&do=usercenter&m=weisrc_dish]]></EventKey>
<MenuId>427729260</MenuId>
</xml>

2017-10-18 15:21:05 params :
------------
String:
array (
  'rule' => -2,
  'module' => '',
  'message' => 
  array (
    'tousername' => 'gh_925d4d7e2212',
    'fromusername' => 'oEZ6bw_N61zxNySWFYDvBqAUTWUQ',
    'createtime' => '1508311265',
    'msgtype' => 'event',
    'event' => 'VIEW',
    'eventkey' => 'http://lgzol.cn/app/index.php?i=5&c=entry&do=usercenter&m=weisrc_dish',
    'menuid' => '427729260',
    'from' => 'oEZ6bw_N61zxNySWFYDvBqAUTWUQ',
    'to' => 'gh_925d4d7e2212',
    'time' => '1508311265',
    'type' => 'text',
    'content' => 'http://lgzol.cn/app/index.php?i=5&c=entry&do=usercenter&m=weisrc_dish',
    'redirection' => true,
    'source' => 'VIEW',
  ),
)

2017-10-18 15:21:05 response :
------------

2017-10-18 15:21:38 trace :
------------
String:
<xml><ToUserName><![CDATA[gh_925d4d7e2212]]></ToUserName>
<FromUserName><![CDATA[oEZ6bw_N61zxNySWFYDvBqAUTWUQ]]></FromUserName>
<CreateTime>1508311298</CreateTime>
<MsgType><![CDATA[event]]></MsgType>
<Event><![CDATA[unsubscribe]]></Event>
<EventKey><![CDATA[]]></EventKey>
</xml>

2017-10-18 16:14:42 trace :
------------
String:
<xml><ToUserName><![CDATA[gh_925d4d7e2212]]></ToUserName>
<FromUserName><![CDATA[oEZ6bw0iZLyvZrHcCUJJO6HYxIy4]]></FromUserName>
<CreateTime>1508314482</CreateTime>
<MsgType><![CDATA[event]]></MsgType>
<Event><![CDATA[VIEW]]></Event>
<EventKey><![CDATA[http://lgzol.cn/app/index.php?i=5&c=entry&id=20&do=detail&m=weisrc_dish]]></EventKey>
<MenuId>427729260</MenuId>
</xml>

2017-10-18 16:14:42 params :
------------
String:
array (
  'rule' => -2,
  'module' => '',
  'message' => 
  array (
    'tousername' => 'gh_925d4d7e2212',
    'fromusername' => 'oEZ6bw0iZLyvZrHcCUJJO6HYxIy4',
    'createtime' => '1508314482',
    'msgtype' => 'event',
    'event' => 'VIEW',
    'eventkey' => 'http://lgzol.cn/app/index.php?i=5&c=entry&id=20&do=detail&m=weisrc_dish',
    'menuid' => '427729260',
    'from' => 'oEZ6bw0iZLyvZrHcCUJJO6HYxIy4',
    'to' => 'gh_925d4d7e2212',
    'time' => '1508314482',
    'type' => 'text',
    'content' => 'http://lgzol.cn/app/index.php?i=5&c=entry&id=20&do=detail&m=weisrc_dish',
    'redirection' => true,
    'source' => 'VIEW',
  ),
)

2017-10-18 16:14:42 response :
------------

2017-10-18 16:24:04 trace :
------------
String:
<xml><ToUserName><![CDATA[gh_925d4d7e2212]]></ToUserName>
<FromUserName><![CDATA[oEZ6bw0iZLyvZrHcCUJJO6HYxIy4]]></FromUserName>
<CreateTime>1508315044</CreateTime>
<MsgType><![CDATA[event]]></MsgType>
<Event><![CDATA[LOCATION]]></Event>
<Latitude>24.439638</Latitude>
<Longitude>118.083527</Longitude>
<Precision>65.000000</Precision>
</xml>

2017-10-18 16:24:04 params :
------------
String:
array (
  'message' => 
  array (
    'tousername' => 'gh_925d4d7e2212',
    'fromusername' => 'oEZ6bw0iZLyvZrHcCUJJO6HYxIy4',
    'createtime' => '1508315044',
    'msgtype' => 'event',
    'event' => 'LOCATION',
    'latitude' => '24.439638',
    'longitude' => '118.083527',
    'precision' => '65.000000',
    'from' => 'oEZ6bw0iZLyvZrHcCUJJO6HYxIy4',
    'to' => 'gh_925d4d7e2212',
    'time' => '1508315044',
    'type' => 'trace',
    'location_x' => '24.439638',
    'location_y' => '118.083527',
  ),
  'module' => 'default',
  'rule' => '-1',
)

2017-10-18 16:24:04 response :
------------
Array:
errno : -1 ;
message : Invaild value ;

2017-10-18 16:24:06 trace :
------------
String:
<xml><ToUserName><![CDATA[gh_925d4d7e2212]]></ToUserName>
<FromUserName><![CDATA[oEZ6bw0iZLyvZrHcCUJJO6HYxIy4]]></FromUserName>
<CreateTime>1508315046</CreateTime>
<MsgType><![CDATA[event]]></MsgType>
<Event><![CDATA[VIEW]]></Event>
<EventKey><![CDATA[http://lgzol.cn/app/index.php?i=5&c=entry&id=20&do=detail&m=weisrc_dish]]></EventKey>
<MenuId>427729260</MenuId>
</xml>

2017-10-18 16:24:06 params :
------------
String:
array (
  'rule' => -2,
  'module' => '',
  'message' => 
  array (
    'tousername' => 'gh_925d4d7e2212',
    'fromusername' => 'oEZ6bw0iZLyvZrHcCUJJO6HYxIy4',
    'createtime' => '1508315046',
    'msgtype' => 'event',
    'event' => 'VIEW',
    'eventkey' => 'http://lgzol.cn/app/index.php?i=5&c=entry&id=20&do=detail&m=weisrc_dish',
    'menuid' => '427729260',
    'from' => 'oEZ6bw0iZLyvZrHcCUJJO6HYxIy4',
    'to' => 'gh_925d4d7e2212',
    'time' => '1508315046',
    'type' => 'text',
    'content' => 'http://lgzol.cn/app/index.php?i=5&c=entry&id=20&do=detail&m=weisrc_dish',
    'redirection' => true,
    'source' => 'VIEW',
  ),
)

2017-10-18 16:24:06 response :
------------

2017-10-18 16:56:08 trace :
------------
String:
<xml><ToUserName><![CDATA[gh_925d4d7e2212]]></ToUserName>
<FromUserName><![CDATA[oEZ6bw0iZLyvZrHcCUJJO6HYxIy4]]></FromUserName>
<CreateTime>1508316968</CreateTime>
<MsgType><![CDATA[event]]></MsgType>
<Event><![CDATA[LOCATION]]></Event>
<Latitude>24.439636</Latitude>
<Longitude>118.083504</Longitude>
<Precision>65.000000</Precision>
</xml>

2017-10-18 16:56:08 params :
------------
String:
array (
  'message' => 
  array (
    'tousername' => 'gh_925d4d7e2212',
    'fromusername' => 'oEZ6bw0iZLyvZrHcCUJJO6HYxIy4',
    'createtime' => '1508316968',
    'msgtype' => 'event',
    'event' => 'LOCATION',
    'latitude' => '24.439636',
    'longitude' => '118.083504',
    'precision' => '65.000000',
    'from' => 'oEZ6bw0iZLyvZrHcCUJJO6HYxIy4',
    'to' => 'gh_925d4d7e2212',
    'time' => '1508316968',
    'type' => 'trace',
    'location_x' => '24.439636',
    'location_y' => '118.083504',
  ),
  'module' => 'default',
  'rule' => '-1',
)

2017-10-18 16:56:08 response :
------------
Array:
errno : -1 ;
message : Invaild value ;

2017-10-18 16:56:10 trace :
------------
String:
<xml><ToUserName><![CDATA[gh_925d4d7e2212]]></ToUserName>
<FromUserName><![CDATA[oEZ6bw0iZLyvZrHcCUJJO6HYxIy4]]></FromUserName>
<CreateTime>1508316970</CreateTime>
<MsgType><![CDATA[event]]></MsgType>
<Event><![CDATA[VIEW]]></Event>
<EventKey><![CDATA[http://lgzol.cn/app/index.php?i=5&c=entry&id=20&do=detail&m=weisrc_dish]]></EventKey>
<MenuId>427729260</MenuId>
</xml>

2017-10-18 16:56:10 params :
------------
String:
array (
  'rule' => -2,
  'module' => '',
  'message' => 
  array (
    'tousername' => 'gh_925d4d7e2212',
    'fromusername' => 'oEZ6bw0iZLyvZrHcCUJJO6HYxIy4',
    'createtime' => '1508316970',
    'msgtype' => 'event',
    'event' => 'VIEW',
    'eventkey' => 'http://lgzol.cn/app/index.php?i=5&c=entry&id=20&do=detail&m=weisrc_dish',
    'menuid' => '427729260',
    'from' => 'oEZ6bw0iZLyvZrHcCUJJO6HYxIy4',
    'to' => 'gh_925d4d7e2212',
    'time' => '1508316970',
    'type' => 'text',
    'content' => 'http://lgzol.cn/app/index.php?i=5&c=entry&id=20&do=detail&m=weisrc_dish',
    'redirection' => true,
    'source' => 'VIEW',
  ),
)

2017-10-18 16:56:10 response :
------------

2017-10-18 17:22:16 trace :
------------
String:
<xml><ToUserName><![CDATA[gh_925d4d7e2212]]></ToUserName>
<FromUserName><![CDATA[oEZ6bw0iZLyvZrHcCUJJO6HYxIy4]]></FromUserName>
<CreateTime>1508318536</CreateTime>
<MsgType><![CDATA[event]]></MsgType>
<Event><![CDATA[LOCATION]]></Event>
<Latitude>24.439634</Latitude>
<Longitude>118.083527</Longitude>
<Precision>65.000000</Precision>
</xml>

2017-10-18 17:22:16 params :
------------
String:
array (
  'message' => 
  array (
    'tousername' => 'gh_925d4d7e2212',
    'fromusername' => 'oEZ6bw0iZLyvZrHcCUJJO6HYxIy4',
    'createtime' => '1508318536',
    'msgtype' => 'event',
    'event' => 'LOCATION',
    'latitude' => '24.439634',
    'longitude' => '118.083527',
    'precision' => '65.000000',
    'from' => 'oEZ6bw0iZLyvZrHcCUJJO6HYxIy4',
    'to' => 'gh_925d4d7e2212',
    'time' => '1508318536',
    'type' => 'trace',
    'location_x' => '24.439634',
    'location_y' => '118.083527',
  ),
  'module' => 'default',
  'rule' => '-1',
)

2017-10-18 17:22:16 response :
------------
Array:
errno : -1 ;
message : Invaild value ;

2017-10-18 17:22:50 trace :
------------
String:
<xml><ToUserName><![CDATA[gh_925d4d7e2212]]></ToUserName>
<FromUserName><![CDATA[oEZ6bwwDHUmm68wE2waN7vYDsCkY]]></FromUserName>
<CreateTime>1508318570</CreateTime>
<MsgType><![CDATA[event]]></MsgType>
<Event><![CDATA[LOCATION]]></Event>
<Latitude>24.439613</Latitude>
<Longitude>118.083527</Longitude>
<Precision>65.000000</Precision>
</xml>

2017-10-18 17:22:50 params :
------------
String:
array (
  'message' => 
  array (
    'tousername' => 'gh_925d4d7e2212',
    'fromusername' => 'oEZ6bwwDHUmm68wE2waN7vYDsCkY',
    'createtime' => '1508318570',
    'msgtype' => 'event',
    'event' => 'LOCATION',
    'latitude' => '24.439613',
    'longitude' => '118.083527',
    'precision' => '65.000000',
    'from' => 'oEZ6bwwDHUmm68wE2waN7vYDsCkY',
    'to' => 'gh_925d4d7e2212',
    'time' => '1508318570',
    'type' => 'trace',
    'location_x' => '24.439613',
    'location_y' => '118.083527',
  ),
  'module' => 'default',
  'rule' => '-1',
)

2017-10-18 17:22:50 response :
------------
Array:
errno : -1 ;
message : Invaild value ;

2017-10-18 17:22:53 trace :
------------
String:
<xml><ToUserName><![CDATA[gh_925d4d7e2212]]></ToUserName>
<FromUserName><![CDATA[oEZ6bwwDHUmm68wE2waN7vYDsCkY]]></FromUserName>
<CreateTime>1508318573</CreateTime>
<MsgType><![CDATA[event]]></MsgType>
<Event><![CDATA[VIEW]]></Event>
<EventKey><![CDATA[http://lgzol.cn/app/index.php?i=5&c=entry&storeid=20&do=waplist&m=weisrc_dish&mode=2]]></EventKey>
<MenuId>427729260</MenuId>
</xml>

2017-10-18 17:22:53 params :
------------
String:
array (
  'rule' => -2,
  'module' => '',
  'message' => 
  array (
    'tousername' => 'gh_925d4d7e2212',
    'fromusername' => 'oEZ6bwwDHUmm68wE2waN7vYDsCkY',
    'createtime' => '1508318573',
    'msgtype' => 'event',
    'event' => 'VIEW',
    'eventkey' => 'http://lgzol.cn/app/index.php?i=5&c=entry&storeid=20&do=waplist&m=weisrc_dish&mode=2',
    'menuid' => '427729260',
    'from' => 'oEZ6bwwDHUmm68wE2waN7vYDsCkY',
    'to' => 'gh_925d4d7e2212',
    'time' => '1508318573',
    'type' => 'text',
    'content' => 'http://lgzol.cn/app/index.php?i=5&c=entry&storeid=20&do=waplist&m=weisrc_dish&mode=2',
    'redirection' => true,
    'source' => 'VIEW',
  ),
)

2017-10-18 17:22:53 response :
------------

2017-10-18 17:25:51 trace :
------------
String:
<xml><ToUserName><![CDATA[gh_925d4d7e2212]]></ToUserName>
<FromUserName><![CDATA[oEZ6bw_5ehdcWr-DLzpFUdydOw54]]></FromUserName>
<CreateTime>1508318751</CreateTime>
<MsgType><![CDATA[event]]></MsgType>
<Event><![CDATA[subscribe]]></Event>
<EventKey><![CDATA[]]></EventKey>
</xml>

2017-10-18 17:25:51 params :
------------
String:
array (
  'rule' => -2,
  'module' => '',
  'message' => 
  array (
    'tousername' => 'gh_925d4d7e2212',
    'fromusername' => 'oEZ6bw_5ehdcWr-DLzpFUdydOw54',
    'createtime' => '1508318751',
    'msgtype' => 'event',
    'event' => 'subscribe',
    'eventkey' => '',
    'from' => 'oEZ6bw_5ehdcWr-DLzpFUdydOw54',
    'to' => 'gh_925d4d7e2212',
    'time' => '1508318751',
    'type' => 'text',
    'redirection' => true,
    'source' => 'subscribe',
  ),
)

2017-10-18 17:25:51 response :
------------

