2017-10-31 10:51:44 trace :
------------
String:
<xml><ToUserName><![CDATA[gh_fbed32f1f289]]></ToUserName>
<FromUserName><![CDATA[oSRY0002kWJeWI40pNCycPqBUO3E]]></FromUserName>
<CreateTime>1509418304</CreateTime>
<MsgType><![CDATA[event]]></MsgType>
<Event><![CDATA[VIEW]]></Event>
<EventKey><![CDATA[http://www.dianlema.net/app/index.php?i=6&c=entry&eid=39]]></EventKey>
<MenuId>430524688</MenuId>
</xml>

2017-10-31 10:51:44 params :
------------
String:
array (
  'rule' => -2,
  'module' => '',
  'message' => 
  array (
    'tousername' => 'gh_fbed32f1f289',
    'fromusername' => 'oSRY0002kWJeWI40pNCycPqBUO3E',
    'createtime' => '1509418304',
    'msgtype' => 'event',
    'event' => 'VIEW',
    'eventkey' => 'http://www.dianlema.net/app/index.php?i=6&c=entry&eid=39',
    'menuid' => '430524688',
    'from' => 'oSRY0002kWJeWI40pNCycPqBUO3E',
    'to' => 'gh_fbed32f1f289',
    'time' => '1509418304',
    'type' => 'text',
    'content' => 'http://www.dianlema.net/app/index.php?i=6&c=entry&eid=39',
    'redirection' => true,
    'source' => 'VIEW',
  ),
)

2017-10-31 10:51:44 response :
------------

2017-10-31 11:25:54 trace :
------------
String:
<xml><ToUserName><![CDATA[gh_fbed32f1f289]]></ToUserName>
<FromUserName><![CDATA[oSRY0002kWJeWI40pNCycPqBUO3E]]></FromUserName>
<CreateTime>1509420354</CreateTime>
<MsgType><![CDATA[event]]></MsgType>
<Event><![CDATA[VIEW]]></Event>
<EventKey><![CDATA[http://www.dianlema.net/app/index.php?i=6&c=entry&eid=39]]></EventKey>
<MenuId>430524688</MenuId>
</xml>

2017-10-31 11:25:54 params :
------------
String:
array (
  'rule' => -2,
  'module' => '',
  'message' => 
  array (
    'tousername' => 'gh_fbed32f1f289',
    'fromusername' => 'oSRY0002kWJeWI40pNCycPqBUO3E',
    'createtime' => '1509420354',
    'msgtype' => 'event',
    'event' => 'VIEW',
    'eventkey' => 'http://www.dianlema.net/app/index.php?i=6&c=entry&eid=39',
    'menuid' => '430524688',
    'from' => 'oSRY0002kWJeWI40pNCycPqBUO3E',
    'to' => 'gh_fbed32f1f289',
    'time' => '1509420354',
    'type' => 'text',
    'content' => 'http://www.dianlema.net/app/index.php?i=6&c=entry&eid=39',
    'redirection' => true,
    'source' => 'VIEW',
  ),
)

2017-10-31 11:25:54 response :
------------

2017-10-31 11:37:53 HjSql :
------------
String:
SHOW COLUMNS FROM `ims_weisrc_dish_ad` [ RunTime:0.000489s ]

2017-10-31 11:37:53 HjSql :
------------
String:
SELECT * FROM `ims_weisrc_dish_ad` WHERE ( `position` = 3 ) AND ( `uniacid` = 6 ) AND ( `starttime` <= 1509421073 ) AND ( `endtime` >= 1509421073 ) AND ( `status` = 1 ) ORDER BY `displayorder` asc  [ RunTime:0.000186s ]

2017-10-31 11:38:09 HjSql :
------------
String:
SHOW COLUMNS FROM `ims_weisrc_dish_ad` [ RunTime:0.000483s ]

2017-10-31 11:38:09 HjSql :
------------
String:
SELECT * FROM `ims_weisrc_dish_ad` WHERE ( `position` = 3 ) AND ( `uniacid` = 6 ) AND ( `starttime` <= 1509421089 ) AND ( `endtime` >= 1509421089 ) AND ( `status` = 1 ) ORDER BY `displayorder` asc  [ RunTime:0.000191s ]

2017-10-31 11:49:04 HjSql :
------------
String:
SHOW COLUMNS FROM `ims_users_group_vipprice` [ RunTime:0.000449s ]

2017-10-31 11:49:04 HjSql :
------------
String:
SELECT * FROM `ims_users_group_vipprice` WHERE ( `ugid` = 1 ) AND ( `status` = 1 ) ORDER BY `orderby` asc  [ RunTime:0.000199s ]

2017-10-31 12:19:38 trace :
------------
String:
<xml><ToUserName><![CDATA[gh_fbed32f1f289]]></ToUserName>
<FromUserName><![CDATA[oSRY007ii1nrPRxSCeihLAxANMB8]]></FromUserName>
<CreateTime>1509423578</CreateTime>
<MsgType><![CDATA[event]]></MsgType>
<Event><![CDATA[VIEW]]></Event>
<EventKey><![CDATA[http://www.dianlema.net/app/index.php?i=6&c=entry&id=21&do=detail&m=weisrc_dish]]></EventKey>
<MenuId>430524688</MenuId>
</xml>

2017-10-31 12:19:38 params :
------------
String:
array (
  'rule' => -2,
  'module' => '',
  'message' => 
  array (
    'tousername' => 'gh_fbed32f1f289',
    'fromusername' => 'oSRY007ii1nrPRxSCeihLAxANMB8',
    'createtime' => '1509423578',
    'msgtype' => 'event',
    'event' => 'VIEW',
    'eventkey' => 'http://www.dianlema.net/app/index.php?i=6&c=entry&id=21&do=detail&m=weisrc_dish',
    'menuid' => '430524688',
    'from' => 'oSRY007ii1nrPRxSCeihLAxANMB8',
    'to' => 'gh_fbed32f1f289',
    'time' => '1509423578',
    'type' => 'text',
    'content' => 'http://www.dianlema.net/app/index.php?i=6&c=entry&id=21&do=detail&m=weisrc_dish',
    'redirection' => true,
    'source' => 'VIEW',
  ),
)

2017-10-31 12:19:38 response :
------------

2017-10-31 12:19:41 HjSql :
------------
String:
SHOW COLUMNS FROM `ims_weisrc_dish_ad` [ RunTime:0.000510s ]

2017-10-31 12:19:41 HjSql :
------------
String:
SELECT * FROM `ims_weisrc_dish_ad` WHERE ( `position` = 3 ) AND ( `uniacid` = 6 ) AND ( `starttime` <= 1509423581 ) AND ( `endtime` >= 1509423581 ) AND ( `status` = 1 ) ORDER BY `displayorder` asc  [ RunTime:0.000189s ]

2017-10-31 12:19:42 HjSql :
------------
String:
SHOW COLUMNS FROM `ims_weisrc_dish_ad` [ RunTime:0.000522s ]

2017-10-31 12:19:42 HjSql :
------------
String:
SELECT * FROM `ims_weisrc_dish_ad` WHERE ( `position` = 3 ) AND ( `uniacid` = 6 ) AND ( `starttime` <= 1509423582 ) AND ( `endtime` >= 1509423582 ) AND ( `status` = 1 ) ORDER BY `displayorder` asc  [ RunTime:0.000207s ]

2017-10-31 12:42:00 trace :
------------
String:
<xml><ToUserName><![CDATA[gh_fbed32f1f289]]></ToUserName>
<FromUserName><![CDATA[oSRY007ii1nrPRxSCeihLAxANMB8]]></FromUserName>
<CreateTime>1509424920</CreateTime>
<MsgType><![CDATA[event]]></MsgType>
<Event><![CDATA[VIEW]]></Event>
<EventKey><![CDATA[http://www.dianlema.net/app/index.php?i=6&c=entry&id=21&do=detail&m=weisrc_dish]]></EventKey>
<MenuId>430524688</MenuId>
</xml>

2017-10-31 12:42:00 params :
------------
String:
array (
  'rule' => -2,
  'module' => '',
  'message' => 
  array (
    'tousername' => 'gh_fbed32f1f289',
    'fromusername' => 'oSRY007ii1nrPRxSCeihLAxANMB8',
    'createtime' => '1509424920',
    'msgtype' => 'event',
    'event' => 'VIEW',
    'eventkey' => 'http://www.dianlema.net/app/index.php?i=6&c=entry&id=21&do=detail&m=weisrc_dish',
    'menuid' => '430524688',
    'from' => 'oSRY007ii1nrPRxSCeihLAxANMB8',
    'to' => 'gh_fbed32f1f289',
    'time' => '1509424920',
    'type' => 'text',
    'content' => 'http://www.dianlema.net/app/index.php?i=6&c=entry&id=21&do=detail&m=weisrc_dish',
    'redirection' => true,
    'source' => 'VIEW',
  ),
)

2017-10-31 12:42:00 response :
------------

2017-10-31 12:42:00 HjSql :
------------
String:
SHOW COLUMNS FROM `ims_weisrc_dish_ad` [ RunTime:0.000467s ]

2017-10-31 12:42:00 HjSql :
------------
String:
SELECT * FROM `ims_weisrc_dish_ad` WHERE ( `position` = 3 ) AND ( `uniacid` = 6 ) AND ( `starttime` <= 1509424920 ) AND ( `endtime` >= 1509424920 ) AND ( `status` = 1 ) ORDER BY `displayorder` asc  [ RunTime:0.000187s ]

2017-10-31 12:42:02 HjSql :
------------
String:
SHOW COLUMNS FROM `ims_weisrc_dish_ad` [ RunTime:0.000470s ]

2017-10-31 12:42:02 HjSql :
------------
String:
SELECT * FROM `ims_weisrc_dish_ad` WHERE ( `position` = 3 ) AND ( `uniacid` = 6 ) AND ( `starttime` <= 1509424922 ) AND ( `endtime` >= 1509424922 ) AND ( `status` = 1 ) ORDER BY `displayorder` asc  [ RunTime:0.000188s ]

2017-10-31 12:42:23 HjSql :
------------
String:
SHOW COLUMNS FROM `ims_weisrc_dish_ad` [ RunTime:0.000519s ]

2017-10-31 12:42:23 HjSql :
------------
String:
SELECT * FROM `ims_weisrc_dish_ad` WHERE ( `position` = 3 ) AND ( `uniacid` = 6 ) AND ( `starttime` <= 1509424943 ) AND ( `endtime` >= 1509424943 ) AND ( `status` = 1 ) ORDER BY `displayorder` asc  [ RunTime:0.000203s ]

2017-10-31 12:42:25 HjSql :
------------
String:
SHOW COLUMNS FROM `ims_weisrc_dish_ad` [ RunTime:0.000491s ]

2017-10-31 12:42:25 HjSql :
------------
String:
SELECT * FROM `ims_weisrc_dish_ad` WHERE ( `position` = 3 ) AND ( `uniacid` = 6 ) AND ( `starttime` <= 1509424945 ) AND ( `endtime` >= 1509424945 ) AND ( `status` = 1 ) ORDER BY `displayorder` asc  [ RunTime:0.000200s ]

2017-10-31 12:47:08 trace :
------------
String:
<xml><ToUserName><![CDATA[gh_fbed32f1f289]]></ToUserName>
<FromUserName><![CDATA[oSRY007ii1nrPRxSCeihLAxANMB8]]></FromUserName>
<CreateTime>1509425228</CreateTime>
<MsgType><![CDATA[event]]></MsgType>
<Event><![CDATA[VIEW]]></Event>
<EventKey><![CDATA[http://www.dianlema.net/app/index.php?i=6&c=entry&id=21&do=detail&m=weisrc_dish]]></EventKey>
<MenuId>430524688</MenuId>
</xml>

2017-10-31 12:47:08 params :
------------
String:
array (
  'rule' => -2,
  'module' => '',
  'message' => 
  array (
    'tousername' => 'gh_fbed32f1f289',
    'fromusername' => 'oSRY007ii1nrPRxSCeihLAxANMB8',
    'createtime' => '1509425228',
    'msgtype' => 'event',
    'event' => 'VIEW',
    'eventkey' => 'http://www.dianlema.net/app/index.php?i=6&c=entry&id=21&do=detail&m=weisrc_dish',
    'menuid' => '430524688',
    'from' => 'oSRY007ii1nrPRxSCeihLAxANMB8',
    'to' => 'gh_fbed32f1f289',
    'time' => '1509425228',
    'type' => 'text',
    'content' => 'http://www.dianlema.net/app/index.php?i=6&c=entry&id=21&do=detail&m=weisrc_dish',
    'redirection' => true,
    'source' => 'VIEW',
  ),
)

2017-10-31 12:47:08 response :
------------

2017-10-31 12:47:08 HjSql :
------------
String:
SHOW COLUMNS FROM `ims_weisrc_dish_ad` [ RunTime:0.000493s ]

2017-10-31 12:47:08 HjSql :
------------
String:
SELECT * FROM `ims_weisrc_dish_ad` WHERE ( `position` = 3 ) AND ( `uniacid` = 6 ) AND ( `starttime` <= 1509425228 ) AND ( `endtime` >= 1509425228 ) AND ( `status` = 1 ) ORDER BY `displayorder` asc  [ RunTime:0.000179s ]

2017-10-31 12:47:09 HjSql :
------------
String:
SHOW COLUMNS FROM `ims_weisrc_dish_ad` [ RunTime:0.000445s ]

2017-10-31 12:47:09 HjSql :
------------
String:
SELECT * FROM `ims_weisrc_dish_ad` WHERE ( `position` = 3 ) AND ( `uniacid` = 6 ) AND ( `starttime` <= 1509425229 ) AND ( `endtime` >= 1509425229 ) AND ( `status` = 1 ) ORDER BY `displayorder` asc  [ RunTime:0.000178s ]

2017-10-31 18:57:05 trace :
------------
String:
<xml><ToUserName><![CDATA[gh_fbed32f1f289]]></ToUserName>
<FromUserName><![CDATA[oSRY007ii1nrPRxSCeihLAxANMB8]]></FromUserName>
<CreateTime>1509447425</CreateTime>
<MsgType><![CDATA[event]]></MsgType>
<Event><![CDATA[VIEW]]></Event>
<EventKey><![CDATA[http://www.dianlema.net/app/index.php?i=6&c=entry&id=21&do=detail&m=weisrc_dish]]></EventKey>
<MenuId>430524688</MenuId>
</xml>

2017-10-31 18:57:05 params :
------------
String:
array (
  'rule' => -2,
  'module' => '',
  'message' => 
  array (
    'tousername' => 'gh_fbed32f1f289',
    'fromusername' => 'oSRY007ii1nrPRxSCeihLAxANMB8',
    'createtime' => '1509447425',
    'msgtype' => 'event',
    'event' => 'VIEW',
    'eventkey' => 'http://www.dianlema.net/app/index.php?i=6&c=entry&id=21&do=detail&m=weisrc_dish',
    'menuid' => '430524688',
    'from' => 'oSRY007ii1nrPRxSCeihLAxANMB8',
    'to' => 'gh_fbed32f1f289',
    'time' => '1509447425',
    'type' => 'text',
    'content' => 'http://www.dianlema.net/app/index.php?i=6&c=entry&id=21&do=detail&m=weisrc_dish',
    'redirection' => true,
    'source' => 'VIEW',
  ),
)

2017-10-31 18:57:05 response :
------------

2017-10-31 18:57:08 HjSql :
------------
String:
SHOW COLUMNS FROM `ims_weisrc_dish_ad` [ RunTime:0.000484s ]

2017-10-31 18:57:08 HjSql :
------------
String:
SELECT * FROM `ims_weisrc_dish_ad` WHERE ( `position` = 3 ) AND ( `uniacid` = 6 ) AND ( `starttime` <= 1509447428 ) AND ( `endtime` >= 1509447428 ) AND ( `status` = 1 ) ORDER BY `displayorder` asc  [ RunTime:0.000210s ]

2017-10-31 18:57:11 HjSql :
------------
String:
SHOW COLUMNS FROM `ims_weisrc_dish_ad` [ RunTime:0.000451s ]

2017-10-31 18:57:11 HjSql :
------------
String:
SELECT * FROM `ims_weisrc_dish_ad` WHERE ( `position` = 3 ) AND ( `uniacid` = 6 ) AND ( `starttime` <= 1509447431 ) AND ( `endtime` >= 1509447431 ) AND ( `status` = 1 ) ORDER BY `displayorder` asc  [ RunTime:0.000175s ]

