array (
  'weid' => NULL,
  'uniacid' => '2',
  'acid' => '2',
  'result' => 'success',
  'type' => 'wechat',
  'from' => 'notify',
  'tid' => '9',
  'uniontid' => '2017071018495500012845458524',
  'transaction_id' => NULL,
  'trade_type' => 'JSAPI',
  'follow' => 1,
  'user' => 'ooVWqjnU13TMFzSSA2ye3P1jc-dU',
  'fee' => '0.01',
  'tag' => 
  array (
    'transaction_id' => '4002042001201707109980513511',
  ),
  'is_usecard' => '0',
  'card_type' => '0',
  'card_fee' => '0.01',
  'card_id' => '0',
  'paytime' => 1499683801,
)
array (
  'result' => 'success',
  'type' => 'credit',
  'from' => 'notify',
  'tid' => '71',
  'user' => '5061',
  'fee' => '125.00',
  'weid' => NULL,
  'uniacid' => '25',
  'acid' => '25',
  'is_usecard' => '0',
  'card_type' => '0',
  'card_fee' => '125.00',
  'card_id' => '0',
)
array (
  'weid' => 2,
  'uniacid' => 2,
  'acid' => '2',
  'result' => 'success',
  'type' => 'wechat',
  'from' => 'notify',
  'tid' => '20170716099511877879',
  'uniontid' => '1500209958454811',
  'transaction_id' => '1500209958454811',
  'user' => 'ouKVywWiL0FtluotRzuN_Iy2LOu0',
  'fee' => '0.01',
  'tag' => 
  array (
    'transaction_id' => '1500209958454811',
  ),
  'total_fee' => '0.01',
  'paysys' => 'bm_payms',
  'paytime' => '1500209965',
)
array (
  'weid' => 2,
  'uniacid' => 2,
  'acid' => '2',
  'result' => 'success',
  'type' => 'wechat',
  'from' => 'notify',
  'tid' => '20170717952490708084',
  'uniontid' => '1500295251483890',
  'transaction_id' => '1500295251483890',
  'user' => 'ooVWqjgv39SxsZMexztlo9q-w9Cg',
  'fee' => '0.01',
  'tag' => 
  array (
    'transaction_id' => '1500295251483890',
  ),
  'total_fee' => '0.01',
  'paysys' => 'bm_payms',
  'paytime' => '1500295260',
)
array (
  'result' => 'success',
  'type' => 'credit',
  'from' => 'notify',
  'tid' => '152',
  'user' => '1',
  'fee' => '40.00',
  'weid' => NULL,
  'uniacid' => '2',
  'acid' => '2',
  'is_usecard' => '0',
  'card_type' => '0',
  'card_fee' => '40.00',
  'card_id' => '0',
)
array (
  'result' => 'success',
  'type' => 'credit',
  'from' => 'notify',
  'tid' => '155',
  'user' => '5061',
  'fee' => '50.00',
  'weid' => NULL,
  'uniacid' => '25',
  'acid' => '25',
  'is_usecard' => '0',
  'card_type' => '0',
  'card_fee' => '50.00',
  'card_id' => '0',
)
array (
  'result' => 'success',
  'type' => 'credit',
  'from' => 'notify',
  'tid' => '191',
  'user' => '5061',
  'fee' => '0.01',
  'weid' => NULL,
  'uniacid' => '25',
  'acid' => '25',
  'is_usecard' => '0',
  'card_type' => '0',
  'card_fee' => '0.01',
  'card_id' => '0',
)
array (
  'result' => 'success',
  'type' => 'credit',
  'from' => 'notify',
  'tid' => '192',
  'user' => '4997',
  'fee' => '9.00',
  'weid' => NULL,
  'uniacid' => '25',
  'acid' => '25',
  'is_usecard' => '0',
  'card_type' => '0',
  'card_fee' => '9.00',
  'card_id' => '0',
)
array (
  'weid' => 25,
  'uniacid' => 25,
  'acid' => '25',
  'result' => 'success',
  'type' => 'wechat',
  'from' => 'notify',
  'tid' => '20170726744570494503',
  'uniontid' => '1501074461738545',
  'transaction_id' => '1501074461738545',
  'user' => 'oReNjwkVO13xNCNrCsoKfRU-VFe0',
  'fee' => '0.03',
  'tag' => 
  array (
    'transaction_id' => '1501074461738545',
  ),
  'total_fee' => '0.03',
  'paysys' => 'bm_payms',
  'paytime' => '1501074470',
)
array (
  'weid' => NULL,
  'uniacid' => '25',
  'acid' => '25',
  'result' => 'success',
  'type' => 'wechat',
  'from' => 'notify',
  'tid' => '218',
  'uniontid' => '2017073018583700012824480488',
  'transaction_id' => NULL,
  'trade_type' => 'JSAPI',
  'follow' => 1,
  'user' => 'ooVWqjnU13TMFzSSA2ye3P1jc-dU',
  'fee' => '0.01',
  'tag' => 
  array (
    'acid' => '25',
    'uid' => '4997',
    'transaction_id' => '4002042001201707303510208698',
  ),
  'is_usecard' => '0',
  'card_type' => '0',
  'card_fee' => '0.01',
  'card_id' => '0',
  'paytime' => 1501412324,
)
array (
  'weid' => 25,
  'uniacid' => 25,
  'acid' => '25',
  'result' => 'success',
  'type' => 'wechat',
  'from' => 'notify',
  'tid' => '20170801814789673627',
  'uniontid' => '1501581493650791',
  'transaction_id' => '1501581493650791',
  'user' => 'oReNjwhAbXg4H9MP8Qu8PR3LbOgg',
  'fee' => '0.03',
  'tag' => 
  array (
    'transaction_id' => '1501581493650791',
  ),
  'total_fee' => '0.03',
  'paysys' => 'bm_payms',
  'paytime' => '1501581506',
)
array (
  'weid' => 4,
  'uniacid' => 4,
  'acid' => '4',
  'result' => 'success',
  'type' => 'wechat',
  'from' => 'notify',
  'tid' => '20170823706018523644',
  'uniontid' => '1503470603271429',
  'transaction_id' => '1503470603271429',
  'user' => 'ooVWqjnU13TMFzSSA2ye3P1jc-dU',
  'fee' => '30',
  'tag' => 
  array (
    'transaction_id' => '1503470603271429',
  ),
  'total_fee' => '30',
  'paysys' => 'bm_payms',
  'paytime' => '1503470629',
)
array (
  'weid' => NULL,
  'uniacid' => '6',
  'acid' => '6',
  'result' => 'success',
  'type' => 'wechat',
  'from' => 'notify',
  'tid' => '324',
  'uniontid' => '2017110811110500001565459745',
  'transaction_id' => NULL,
  'trade_type' => 'JSAPI',
  'follow' => 1,
  'user' => 'oSRY005X21OxPllfXAlfbcnlrF-A',
  'fee' => '0.10',
  'tag' => 
  array (
    'acid' => '6',
    'uid' => '15',
    'transaction_id' => '4200000004201711083214107097',
  ),
  'is_usecard' => '0',
  'card_type' => '0',
  'card_fee' => '0.10',
  'card_id' => '0',
  'paytime' => 1510110670,
)
array (
  'weid' => NULL,
  'uniacid' => '6',
  'acid' => '6',
  'result' => 'success',
  'type' => 'wechat',
  'from' => 'notify',
  'tid' => '325',
  'uniontid' => '2017110811110600001526899209',
  'transaction_id' => NULL,
  'trade_type' => 'JSAPI',
  'follow' => 1,
  'user' => 'oSRY00yS5yHUwKxVARp8b_21YceE',
  'fee' => '0.10',
  'tag' => 
  array (
    'acid' => '6',
    'uid' => '18',
    'transaction_id' => '4200000030201711083219170009',
  ),
  'is_usecard' => '0',
  'card_type' => '0',
  'card_fee' => '0.10',
  'card_id' => '0',
  'paytime' => 1510110674,
)
array (
  'weid' => NULL,
  'uniacid' => '6',
  'acid' => '6',
  'result' => 'success',
  'type' => 'wechat',
  'from' => 'notify',
  'tid' => '333',
  'uniontid' => '2017110812122200001535096568',
  'transaction_id' => NULL,
  'trade_type' => 'JSAPI',
  'follow' => 1,
  'user' => 'oSRY007ii1nrPRxSCeihLAxANMB8',
  'fee' => '2.00',
  'tag' => 
  array (
    'acid' => '6',
    'uid' => '16',
    'transaction_id' => '4200000013201711083234687051',
  ),
  'is_usecard' => '0',
  'card_type' => '0',
  'card_fee' => '2.00',
  'card_id' => '0',
  'paytime' => 1510114347,
)
array (
  'weid' => NULL,
  'uniacid' => '6',
  'acid' => '6',
  'result' => 'success',
  'type' => 'wechat',
  'from' => 'notify',
  'tid' => '394',
  'uniontid' => '2017111516413300001522990606',
  'transaction_id' => NULL,
  'trade_type' => 'JSAPI',
  'follow' => 1,
  'user' => 'oSRY003Ve7He7RlAnCV4CKmNLHEA',
  'fee' => '0.10',
  'tag' => 
  array (
    'acid' => '6',
    'uid' => '39',
    'transaction_id' => '4200000002201711154845064400',
  ),
  'is_usecard' => '0',
  'card_type' => '0',
  'card_fee' => '0.10',
  'card_id' => '0',
  'paytime' => 1510735299,
)
array (
  'weid' => NULL,
  'uniacid' => '6',
  'acid' => '6',
  'result' => 'success',
  'type' => 'wechat',
  'from' => 'notify',
  'tid' => '395',
  'uniontid' => '2017111516440500001564466344',
  'transaction_id' => NULL,
  'trade_type' => 'JSAPI',
  'follow' => 1,
  'user' => 'oSRY003Ve7He7RlAnCV4CKmNLHEA',
  'fee' => '0.10',
  'tag' => 
  array (
    'acid' => '6',
    'uid' => '39',
    'transaction_id' => '4200000017201711154843618056',
  ),
  'is_usecard' => '0',
  'card_type' => '0',
  'card_fee' => '0.10',
  'card_id' => '0',
  'paytime' => 1510735450,
)
array (
  'weid' => NULL,
  'uniacid' => '6',
  'acid' => '6',
  'result' => 'success',
  'type' => 'wechat',
  'from' => 'notify',
  'tid' => '402',
  'uniontid' => '2017112010451500001554651524',
  'transaction_id' => NULL,
  'trade_type' => 'JSAPI',
  'follow' => 1,
  'user' => 'oSRY0069zmR3bYgg6-YSEbdA-K1E',
  'fee' => '0.10',
  'tag' => 
  array (
    'acid' => '6',
    'uid' => '21',
    'transaction_id' => '4200000018201711205844922382',
  ),
  'is_usecard' => '0',
  'card_type' => '0',
  'card_fee' => '0.10',
  'card_id' => '0',
  'paytime' => 1511145926,
)
array (
  'weid' => NULL,
  'uniacid' => '6',
  'acid' => '6',
  'result' => 'success',
  'type' => 'wechat',
  'from' => 'notify',
  'tid' => '404',
  'uniontid' => '2017112010591500001574687408',
  'transaction_id' => NULL,
  'trade_type' => 'JSAPI',
  'follow' => 1,
  'user' => 'oSRY002sNxP0bwNvR-pdAsYYFKz8',
  'fee' => '0.10',
  'tag' => 
  array (
    'acid' => '6',
    'uid' => '26',
    'transaction_id' => '4200000023201711205845604821',
  ),
  'is_usecard' => '0',
  'card_type' => '0',
  'card_fee' => '0.10',
  'card_id' => '0',
  'paytime' => 1511146761,
)
